[0.116s] Invoking command in '/home/jetson/slash_ws/build/teb_msgs': CMAKE_PREFIX_PATH=/home/jetson/slash_ws/install/costmap_converter_msgs:/home/jetson/sim_ws/install/pure_pursuit:/home/jetson/sim_ws/install/mpc:/home/jetson/sim_ws/install/launchers:/home/jetson/sim_ws/install/gap_follow:/home/jetson/slash_ws/install/vesc:/home/jetson/slash_ws/install/vesc_driver:/home/jetson/slash_ws/install/vesc_ackermann:/home/jetson/slash_ws/install/vesc_msgs:/home/jetson/slash_ws/install/teleop_tools:/home/jetson/slash_ws/install/teleop_tools_msgs:/home/jetson/slash_ws/install/teb_local_planner:/home/jetson/slash_ws/install/teb_msgs:/home/jetson/slash_ws/install/slash_nav2:/home/jetson/slash_ws/install/simple_mpc:/home/jetson/slash_ws/install/pointcloud_to_laserscan:/home/jetson/slash_ws/install/fast_lio:/home/jetson/slash_ws/install/livox_ros_driver2:/home/jetson/slash_ws/install/linefit_ground_segmentation_ros:/home/jetson/slash_ws/install/linefit_ground_segmentation:/home/jetson/slash_ws/install/costmap_converter:/home/jetson/slash_ws/install/ackermann_mux:/home/jetson/sim_ws/install/f1tenth_gym_ros:/home/jetson/slash_ws/install/f1tenth_stack:/home/jetson/slash_ws/install/twist_to_ackermann:/home/jetson/slash_ws/install/joy_teleop:/home/jetson/slash_ws/install/slash_sysid:/home/jetson/slash_ws/install/slash_safety:/home/jetson/slash_ws/install/roboracer_china_2025:/home/jetson/slash_ws/install/obstacle_tracker:/home/jetson/slash_ws/install/multilayer_scan:/home/jetson/slash_ws/install/mouse_teleop:/home/jetson/slash_ws/install/key_teleop:/opt/ros/foxy LD_LIBRARY_PATH=/home/jetson/slash_ws/install/costmap_converter_msgs/lib:/usr/local/cuda/lib64:/usr/local/cuda/lib64:/usr/local/cuda/lib64:/usr/local/cuda/lib64:/usr/local/cuda-11.4/lib64:/usr/local/cuda/lib64:/usr/local/cuda/lib64:/usr/local/cuda/lib64:/usr/local/cuda/lib64:/home/jetson/slash_ws/install/vesc_driver/lib:/home/jetson/slash_ws/install/vesc_ackermann/lib:/home/jetson/slash_ws/install/vesc_msgs/lib:/home/jetson/slash_ws/install/teleop_tools_msgs/lib:/home/jetson/slash_ws/install/teb_local_planner/lib:/home/jetson/slash_ws/install/teb_msgs/lib:/home/jetson/slash_ws/install/pointcloud_to_laserscan/lib:/home/jetson/slash_ws/install/fast_lio/lib:/home/jetson/slash_ws/install/livox_ros_driver2/lib:/home/jetson/slash_ws/install/linefit_ground_segmentation/lib:/home/jetson/slash_ws/install/costmap_converter/lib:/usr/lib/aarch64-linux-gnu/gazebo-11/plugins:/opt/ros/foxy/opt/yaml_cpp_vendor/lib:/opt/ros/foxy/opt/rviz_ogre_vendor/lib:/opt/ros/foxy/lib/aarch64-linux-gnu:/opt/ros/foxy/lib:/usr/local/cuda-11.4/lib64 PYTHONPATH=/home/jetson/slash_ws/install/costmap_converter_msgs/lib/python3.8/site-packages:/home/jetson/slash_ws/build/slash_sysid:/home/jetson/slash_ws/build/slash_safety:/home/jetson/slash_ws/build/roboracer_china_2025:/home/jetson/slash_ws/build/obstacle_tracker:/home/jetson/slash_ws/build/multilayer_scan:/home/jetson/sim_ws/install/pure_pursuit/lib/python3.8/site-packages:/home/jetson/sim_ws/install/mpc/lib/python3.8/site-packages:/home/jetson/sim_ws/install/gap_follow/lib/python3.8/site-packages:/home/jetson/sim_ws/install/f1tenth_gym_ros/lib/python3.8/site-packages:/home/jetson/slash_ws/install/f1tenth_stack/lib/python3.8/site-packages:/home/jetson/slash_ws/install/vesc_msgs/lib/python3.8/site-packages:/home/jetson/slash_ws/install/twist_to_ackermann/lib/python3.8/site-packages:/home/jetson/slash_ws/install/joy_teleop/lib/python3.8/site-packages:/home/jetson/slash_ws/install/teleop_tools_msgs/lib/python3.8/site-packages:/home/jetson/slash_ws/install/teb_msgs/lib/python3.8/site-packages:/home/jetson/slash_ws/install/slash_sysid/lib/python3.8/site-packages:/home/jetson/slash_ws/install/slash_safety/lib/python3.8/site-packages:/home/jetson/slash_ws/install/roboracer_china_2025/lib/python3.8/site-packages:/home/jetson/slash_ws/install/obstacle_tracker/lib/python3.8/site-packages:/home/jetson/slash_ws/install/multilayer_scan/lib/python3.8/site-packages:/home/jetson/slash_ws/install/mouse_teleop/lib/python3.8/site-packages:/home/jetson/slash_ws/install/fast_lio/lib/python3.8/site-packages:/home/jetson/slash_ws/install/livox_ros_driver2/lib/python3.8/site-packages:/home/jetson/slash_ws/install/key_teleop/lib/python3.8/site-packages:/opt/ros/foxy/lib/python3.8/site-packages /usr/bin/cmake --build /home/jetson/slash_ws/build/teb_msgs -- -j8 -l8
[0.411s] [ 10%] Built target teb_msgs__rosidl_generator_c
[0.515s] [ 12%] Built target teb_msgs__cpp
[0.582s] [ 23%] Built target teb_msgs__rosidl_typesupport_introspection_c
[0.600s] [ 34%] Built target teb_msgs__rosidl_typesupport_c
[0.707s] [ 44%] Built target teb_msgs__rosidl_typesupport_introspection_cpp
[0.757s] [ 55%] Built target teb_msgs__rosidl_typesupport_cpp
[0.764s] [ 65%] Built target teb_msgs__rosidl_typesupport_fastrtps_cpp
[0.975s] [ 76%] Built target teb_msgs__rosidl_typesupport_fastrtps_c
[1.177s] [ 76%] Built target teb_msgs
[1.342s] [ 78%] Built target teb_msgs__py
[1.434s] [ 87%] Built target teb_msgs__python
[1.575s] [ 91%] Built target teb_msgs__rosidl_typesupport_fastrtps_c__pyext
[1.646s] [ 95%] Built target teb_msgs__rosidl_typesupport_introspection_c__pyext
[1.685s] [100%] Built target teb_msgs__rosidl_typesupport_c__pyext
[2.251s] Invoked command in '/home/jetson/slash_ws/build/teb_msgs' returned '0': CMAKE_PREFIX_PATH=/home/jetson/slash_ws/install/costmap_converter_msgs:/home/jetson/sim_ws/install/pure_pursuit:/home/jetson/sim_ws/install/mpc:/home/jetson/sim_ws/install/launchers:/home/jetson/sim_ws/install/gap_follow:/home/jetson/slash_ws/install/vesc:/home/jetson/slash_ws/install/vesc_driver:/home/jetson/slash_ws/install/vesc_ackermann:/home/jetson/slash_ws/install/vesc_msgs:/home/jetson/slash_ws/install/teleop_tools:/home/jetson/slash_ws/install/teleop_tools_msgs:/home/jetson/slash_ws/install/teb_local_planner:/home/jetson/slash_ws/install/teb_msgs:/home/jetson/slash_ws/install/slash_nav2:/home/jetson/slash_ws/install/simple_mpc:/home/jetson/slash_ws/install/pointcloud_to_laserscan:/home/jetson/slash_ws/install/fast_lio:/home/jetson/slash_ws/install/livox_ros_driver2:/home/jetson/slash_ws/install/linefit_ground_segmentation_ros:/home/jetson/slash_ws/install/linefit_ground_segmentation:/home/jetson/slash_ws/install/costmap_converter:/home/jetson/slash_ws/install/ackermann_mux:/home/jetson/sim_ws/install/f1tenth_gym_ros:/home/jetson/slash_ws/install/f1tenth_stack:/home/jetson/slash_ws/install/twist_to_ackermann:/home/jetson/slash_ws/install/joy_teleop:/home/jetson/slash_ws/install/slash_sysid:/home/jetson/slash_ws/install/slash_safety:/home/jetson/slash_ws/install/roboracer_china_2025:/home/jetson/slash_ws/install/obstacle_tracker:/home/jetson/slash_ws/install/multilayer_scan:/home/jetson/slash_ws/install/mouse_teleop:/home/jetson/slash_ws/install/key_teleop:/opt/ros/foxy LD_LIBRARY_PATH=/home/jetson/slash_ws/install/costmap_converter_msgs/lib:/usr/local/cuda/lib64:/usr/local/cuda/lib64:/usr/local/cuda/lib64:/usr/local/cuda/lib64:/usr/local/cuda-11.4/lib64:/usr/local/cuda/lib64:/usr/local/cuda/lib64:/usr/local/cuda/lib64:/usr/local/cuda/lib64:/home/jetson/slash_ws/install/vesc_driver/lib:/home/jetson/slash_ws/install/vesc_ackermann/lib:/home/jetson/slash_ws/install/vesc_msgs/lib:/home/jetson/slash_ws/install/teleop_tools_msgs/lib:/home/jetson/slash_ws/install/teb_local_planner/lib:/home/jetson/slash_ws/install/teb_msgs/lib:/home/jetson/slash_ws/install/pointcloud_to_laserscan/lib:/home/jetson/slash_ws/install/fast_lio/lib:/home/jetson/slash_ws/install/livox_ros_driver2/lib:/home/jetson/slash_ws/install/linefit_ground_segmentation/lib:/home/jetson/slash_ws/install/costmap_converter/lib:/usr/lib/aarch64-linux-gnu/gazebo-11/plugins:/opt/ros/foxy/opt/yaml_cpp_vendor/lib:/opt/ros/foxy/opt/rviz_ogre_vendor/lib:/opt/ros/foxy/lib/aarch64-linux-gnu:/opt/ros/foxy/lib:/usr/local/cuda-11.4/lib64 PYTHONPATH=/home/jetson/slash_ws/install/costmap_converter_msgs/lib/python3.8/site-packages:/home/jetson/slash_ws/build/slash_sysid:/home/jetson/slash_ws/build/slash_safety:/home/jetson/slash_ws/build/roboracer_china_2025:/home/jetson/slash_ws/build/obstacle_tracker:/home/jetson/slash_ws/build/multilayer_scan:/home/jetson/sim_ws/install/pure_pursuit/lib/python3.8/site-packages:/home/jetson/sim_ws/install/mpc/lib/python3.8/site-packages:/home/jetson/sim_ws/install/gap_follow/lib/python3.8/site-packages:/home/jetson/sim_ws/install/f1tenth_gym_ros/lib/python3.8/site-packages:/home/jetson/slash_ws/install/f1tenth_stack/lib/python3.8/site-packages:/home/jetson/slash_ws/install/vesc_msgs/lib/python3.8/site-packages:/home/jetson/slash_ws/install/twist_to_ackermann/lib/python3.8/site-packages:/home/jetson/slash_ws/install/joy_teleop/lib/python3.8/site-packages:/home/jetson/slash_ws/install/teleop_tools_msgs/lib/python3.8/site-packages:/home/jetson/slash_ws/install/teb_msgs/lib/python3.8/site-packages:/home/jetson/slash_ws/install/slash_sysid/lib/python3.8/site-packages:/home/jetson/slash_ws/install/slash_safety/lib/python3.8/site-packages:/home/jetson/slash_ws/install/roboracer_china_2025/lib/python3.8/site-packages:/home/jetson/slash_ws/install/obstacle_tracker/lib/python3.8/site-packages:/home/jetson/slash_ws/install/multilayer_scan/lib/python3.8/site-packages:/home/jetson/slash_ws/install/mouse_teleop/lib/python3.8/site-packages:/home/jetson/slash_ws/install/fast_lio/lib/python3.8/site-packages:/home/jetson/slash_ws/install/livox_ros_driver2/lib/python3.8/site-packages:/home/jetson/slash_ws/install/key_teleop/lib/python3.8/site-packages:/opt/ros/foxy/lib/python3.8/site-packages /usr/bin/cmake --build /home/jetson/slash_ws/build/teb_msgs -- -j8 -l8
[2.254s] Invoking command in '/home/jetson/slash_ws/build/teb_msgs': CMAKE_PREFIX_PATH=/home/jetson/slash_ws/install/costmap_converter_msgs:/home/jetson/sim_ws/install/pure_pursuit:/home/jetson/sim_ws/install/mpc:/home/jetson/sim_ws/install/launchers:/home/jetson/sim_ws/install/gap_follow:/home/jetson/slash_ws/install/vesc:/home/jetson/slash_ws/install/vesc_driver:/home/jetson/slash_ws/install/vesc_ackermann:/home/jetson/slash_ws/install/vesc_msgs:/home/jetson/slash_ws/install/teleop_tools:/home/jetson/slash_ws/install/teleop_tools_msgs:/home/jetson/slash_ws/install/teb_local_planner:/home/jetson/slash_ws/install/teb_msgs:/home/jetson/slash_ws/install/slash_nav2:/home/jetson/slash_ws/install/simple_mpc:/home/jetson/slash_ws/install/pointcloud_to_laserscan:/home/jetson/slash_ws/install/fast_lio:/home/jetson/slash_ws/install/livox_ros_driver2:/home/jetson/slash_ws/install/linefit_ground_segmentation_ros:/home/jetson/slash_ws/install/linefit_ground_segmentation:/home/jetson/slash_ws/install/costmap_converter:/home/jetson/slash_ws/install/ackermann_mux:/home/jetson/sim_ws/install/f1tenth_gym_ros:/home/jetson/slash_ws/install/f1tenth_stack:/home/jetson/slash_ws/install/twist_to_ackermann:/home/jetson/slash_ws/install/joy_teleop:/home/jetson/slash_ws/install/slash_sysid:/home/jetson/slash_ws/install/slash_safety:/home/jetson/slash_ws/install/roboracer_china_2025:/home/jetson/slash_ws/install/obstacle_tracker:/home/jetson/slash_ws/install/multilayer_scan:/home/jetson/slash_ws/install/mouse_teleop:/home/jetson/slash_ws/install/key_teleop:/opt/ros/foxy LD_LIBRARY_PATH=/home/jetson/slash_ws/install/costmap_converter_msgs/lib:/usr/local/cuda/lib64:/usr/local/cuda/lib64:/usr/local/cuda/lib64:/usr/local/cuda/lib64:/usr/local/cuda-11.4/lib64:/usr/local/cuda/lib64:/usr/local/cuda/lib64:/usr/local/cuda/lib64:/usr/local/cuda/lib64:/home/jetson/slash_ws/install/vesc_driver/lib:/home/jetson/slash_ws/install/vesc_ackermann/lib:/home/jetson/slash_ws/install/vesc_msgs/lib:/home/jetson/slash_ws/install/teleop_tools_msgs/lib:/home/jetson/slash_ws/install/teb_local_planner/lib:/home/jetson/slash_ws/install/teb_msgs/lib:/home/jetson/slash_ws/install/pointcloud_to_laserscan/lib:/home/jetson/slash_ws/install/fast_lio/lib:/home/jetson/slash_ws/install/livox_ros_driver2/lib:/home/jetson/slash_ws/install/linefit_ground_segmentation/lib:/home/jetson/slash_ws/install/costmap_converter/lib:/usr/lib/aarch64-linux-gnu/gazebo-11/plugins:/opt/ros/foxy/opt/yaml_cpp_vendor/lib:/opt/ros/foxy/opt/rviz_ogre_vendor/lib:/opt/ros/foxy/lib/aarch64-linux-gnu:/opt/ros/foxy/lib:/usr/local/cuda-11.4/lib64 PYTHONPATH=/home/jetson/slash_ws/install/costmap_converter_msgs/lib/python3.8/site-packages:/home/jetson/slash_ws/build/slash_sysid:/home/jetson/slash_ws/build/slash_safety:/home/jetson/slash_ws/build/roboracer_china_2025:/home/jetson/slash_ws/build/obstacle_tracker:/home/jetson/slash_ws/build/multilayer_scan:/home/jetson/sim_ws/install/pure_pursuit/lib/python3.8/site-packages:/home/jetson/sim_ws/install/mpc/lib/python3.8/site-packages:/home/jetson/sim_ws/install/gap_follow/lib/python3.8/site-packages:/home/jetson/sim_ws/install/f1tenth_gym_ros/lib/python3.8/site-packages:/home/jetson/slash_ws/install/f1tenth_stack/lib/python3.8/site-packages:/home/jetson/slash_ws/install/vesc_msgs/lib/python3.8/site-packages:/home/jetson/slash_ws/install/twist_to_ackermann/lib/python3.8/site-packages:/home/jetson/slash_ws/install/joy_teleop/lib/python3.8/site-packages:/home/jetson/slash_ws/install/teleop_tools_msgs/lib/python3.8/site-packages:/home/jetson/slash_ws/install/teb_msgs/lib/python3.8/site-packages:/home/jetson/slash_ws/install/slash_sysid/lib/python3.8/site-packages:/home/jetson/slash_ws/install/slash_safety/lib/python3.8/site-packages:/home/jetson/slash_ws/install/roboracer_china_2025/lib/python3.8/site-packages:/home/jetson/slash_ws/install/obstacle_tracker/lib/python3.8/site-packages:/home/jetson/slash_ws/install/multilayer_scan/lib/python3.8/site-packages:/home/jetson/slash_ws/install/mouse_teleop/lib/python3.8/site-packages:/home/jetson/slash_ws/install/fast_lio/lib/python3.8/site-packages:/home/jetson/slash_ws/install/livox_ros_driver2/lib/python3.8/site-packages:/home/jetson/slash_ws/install/key_teleop/lib/python3.8/site-packages:/opt/ros/foxy/lib/python3.8/site-packages /usr/bin/cmake --install /home/jetson/slash_ws/build/teb_msgs
[2.419s] -- Install configuration: ""
[2.421s] -- Up-to-date: /home/jetson/slash_ws/install/teb_msgs/share/ament_index/resource_index/rosidl_interfaces/teb_msgs
[2.422s] -- Up-to-date: /home/jetson/slash_ws/install/teb_msgs/include/teb_msgs
[2.422s] -- Up-to-date: /home/jetson/slash_ws/install/teb_msgs/include/teb_msgs/msg
[2.422s] -- Up-to-date: /home/jetson/slash_ws/install/teb_msgs/include/teb_msgs/msg/feedback_msg.h
[2.422s] -- Up-to-date: /home/jetson/slash_ws/install/teb_msgs/include/teb_msgs/msg/trajectory_point_msg.h
[2.423s] -- Up-to-date: /home/jetson/slash_ws/install/teb_msgs/include/teb_msgs/msg/trajectory_msg.h
[2.423s] -- Up-to-date: /home/jetson/slash_ws/install/teb_msgs/include/teb_msgs/msg/detail
[2.423s] -- Up-to-date: /home/jetson/slash_ws/install/teb_msgs/include/teb_msgs/msg/detail/feedback_msg__functions.c
[2.423s] -- Up-to-date: /home/jetson/slash_ws/install/teb_msgs/include/teb_msgs/msg/detail/trajectory_point_msg__functions.h
[2.423s] -- Up-to-date: /home/jetson/slash_ws/install/teb_msgs/include/teb_msgs/msg/detail/trajectory_point_msg__struct.h
[2.423s] -- Up-to-date: /home/jetson/slash_ws/install/teb_msgs/include/teb_msgs/msg/detail/feedback_msg__type_support.h
[2.423s] -- Up-to-date: /home/jetson/slash_ws/install/teb_msgs/include/teb_msgs/msg/detail/trajectory_point_msg__functions.c
[2.423s] -- Up-to-date: /home/jetson/slash_ws/install/teb_msgs/include/teb_msgs/msg/detail/feedback_msg__functions.h
[2.423s] -- Up-to-date: /home/jetson/slash_ws/install/teb_msgs/include/teb_msgs/msg/detail/trajectory_msg__type_support.h
[2.424s] -- Up-to-date: /home/jetson/slash_ws/install/teb_msgs/include/teb_msgs/msg/detail/trajectory_msg__struct.h
[2.424s] -- Up-to-date: /home/jetson/slash_ws/install/teb_msgs/include/teb_msgs/msg/detail/feedback_msg__struct.h
[2.424s] -- Up-to-date: /home/jetson/slash_ws/install/teb_msgs/include/teb_msgs/msg/detail/trajectory_msg__functions.c
[2.424s] -- Up-to-date: /home/jetson/slash_ws/install/teb_msgs/include/teb_msgs/msg/detail/trajectory_msg__functions.h
[2.424s] -- Up-to-date: /home/jetson/slash_ws/install/teb_msgs/include/teb_msgs/msg/detail/trajectory_point_msg__type_support.h
[2.424s] -- Up-to-date: /home/jetson/slash_ws/install/teb_msgs/include/teb_msgs/msg/rosidl_generator_c__visibility_control.h
[2.425s] -- Up-to-date: /home/jetson/slash_ws/install/teb_msgs/share/teb_msgs/environment/library_path.sh
[2.425s] -- Up-to-date: /home/jetson/slash_ws/install/teb_msgs/share/teb_msgs/environment/library_path.dsv
[2.425s] -- Up-to-date: /home/jetson/slash_ws/install/teb_msgs/lib/libteb_msgs__rosidl_generator_c.so
[2.425s] -- Up-to-date: /home/jetson/slash_ws/install/teb_msgs/include/teb_msgs
[2.425s] -- Up-to-date: /home/jetson/slash_ws/install/teb_msgs/include/teb_msgs/msg
[2.425s] -- Up-to-date: /home/jetson/slash_ws/install/teb_msgs/include/teb_msgs/msg/detail
[2.425s] -- Up-to-date: /home/jetson/slash_ws/install/teb_msgs/include/teb_msgs/msg/detail/feedback_msg__rosidl_typesupport_fastrtps_c.h
[2.426s] -- Up-to-date: /home/jetson/slash_ws/install/teb_msgs/include/teb_msgs/msg/detail/trajectory_point_msg__rosidl_typesupport_fastrtps_c.h
[2.426s] -- Up-to-date: /home/jetson/slash_ws/install/teb_msgs/include/teb_msgs/msg/detail/trajectory_msg__rosidl_typesupport_fastrtps_c.h
[2.426s] -- Up-to-date: /home/jetson/slash_ws/install/teb_msgs/include/teb_msgs/msg/rosidl_typesupport_fastrtps_c__visibility_control.h
[2.426s] -- Up-to-date: /home/jetson/slash_ws/install/teb_msgs/lib/libteb_msgs__rosidl_typesupport_fastrtps_c.so
[2.426s] -- Up-to-date: /home/jetson/slash_ws/install/teb_msgs/include/teb_msgs
[2.426s] -- Up-to-date: /home/jetson/slash_ws/install/teb_msgs/include/teb_msgs/msg
[2.426s] -- Up-to-date: /home/jetson/slash_ws/install/teb_msgs/include/teb_msgs/msg/rosidl_typesupport_fastrtps_cpp__visibility_control.h
[2.426s] -- Up-to-date: /home/jetson/slash_ws/install/teb_msgs/include/teb_msgs/msg/detail
[2.426s] -- Up-to-date: /home/jetson/slash_ws/install/teb_msgs/include/teb_msgs/msg/detail/trajectory_point_msg__rosidl_typesupport_fastrtps_cpp.hpp
[2.427s] -- Up-to-date: /home/jetson/slash_ws/install/teb_msgs/include/teb_msgs/msg/detail/feedback_msg__rosidl_typesupport_fastrtps_cpp.hpp
[2.427s] -- Up-to-date: /home/jetson/slash_ws/install/teb_msgs/include/teb_msgs/msg/detail/dds_fastrtps
[2.427s] -- Up-to-date: /home/jetson/slash_ws/install/teb_msgs/include/teb_msgs/msg/detail/trajectory_msg__rosidl_typesupport_fastrtps_cpp.hpp
[2.427s] -- Up-to-date: /home/jetson/slash_ws/install/teb_msgs/lib/libteb_msgs__rosidl_typesupport_fastrtps_cpp.so
[2.427s] -- Up-to-date: /home/jetson/slash_ws/install/teb_msgs/include/teb_msgs
[2.427s] -- Up-to-date: /home/jetson/slash_ws/install/teb_msgs/include/teb_msgs/msg
[2.427s] -- Up-to-date: /home/jetson/slash_ws/install/teb_msgs/include/teb_msgs/msg/rosidl_typesupport_introspection_c__visibility_control.h
[2.427s] -- Up-to-date: /home/jetson/slash_ws/install/teb_msgs/include/teb_msgs/msg/detail
[2.427s] -- Up-to-date: /home/jetson/slash_ws/install/teb_msgs/include/teb_msgs/msg/detail/feedback_msg__type_support.c
[2.429s] -- Up-to-date: /home/jetson/slash_ws/install/teb_msgs/include/teb_msgs/msg/detail/trajectory_msg__type_support.c
[2.432s] -- Up-to-date: /home/jetson/slash_ws/install/teb_msgs/include/teb_msgs/msg/detail/feedback_msg__rosidl_typesupport_introspection_c.h
[2.432s] -- Up-to-date: /home/jetson/slash_ws/install/teb_msgs/include/teb_msgs/msg/detail/trajectory_point_msg__rosidl_typesupport_introspection_c.h
[2.432s] -- Up-to-date: /home/jetson/slash_ws/install/teb_msgs/include/teb_msgs/msg/detail/trajectory_point_msg__type_support.c
[2.432s] -- Up-to-date: /home/jetson/slash_ws/install/teb_msgs/include/teb_msgs/msg/detail/trajectory_msg__rosidl_typesupport_introspection_c.h
[2.441s] -- Up-to-date: /home/jetson/slash_ws/install/teb_msgs/lib/libteb_msgs__rosidl_typesupport_introspection_c.so
[2.441s] -- Up-to-date: /home/jetson/slash_ws/install/teb_msgs/lib/libteb_msgs__rosidl_typesupport_c.so
[2.442s] -- Up-to-date: /home/jetson/slash_ws/install/teb_msgs/include/teb_msgs
[2.442s] -- Up-to-date: /home/jetson/slash_ws/install/teb_msgs/include/teb_msgs/msg
[2.442s] -- Up-to-date: /home/jetson/slash_ws/install/teb_msgs/include/teb_msgs/msg/rosidl_generator_cpp__visibility_control.hpp
[2.442s] -- Up-to-date: /home/jetson/slash_ws/install/teb_msgs/include/teb_msgs/msg/detail
[2.442s] -- Up-to-date: /home/jetson/slash_ws/install/teb_msgs/include/teb_msgs/msg/detail/feedback_msg__struct.hpp
[2.442s] -- Up-to-date: /home/jetson/slash_ws/install/teb_msgs/include/teb_msgs/msg/detail/feedback_msg__builder.hpp
[2.442s] -- Up-to-date: /home/jetson/slash_ws/install/teb_msgs/include/teb_msgs/msg/detail/trajectory_point_msg__traits.hpp
[2.442s] -- Up-to-date: /home/jetson/slash_ws/install/teb_msgs/include/teb_msgs/msg/detail/trajectory_point_msg__struct.hpp
[2.443s] -- Up-to-date: /home/jetson/slash_ws/install/teb_msgs/include/teb_msgs/msg/detail/trajectory_point_msg__type_support.hpp
[2.443s] -- Up-to-date: /home/jetson/slash_ws/install/teb_msgs/include/teb_msgs/msg/detail/feedback_msg__type_support.hpp
[2.443s] -- Up-to-date: /home/jetson/slash_ws/install/teb_msgs/include/teb_msgs/msg/detail/trajectory_msg__builder.hpp
[2.443s] -- Up-to-date: /home/jetson/slash_ws/install/teb_msgs/include/teb_msgs/msg/detail/trajectory_msg__traits.hpp
[2.443s] -- Up-to-date: /home/jetson/slash_ws/install/teb_msgs/include/teb_msgs/msg/detail/trajectory_msg__struct.hpp
[2.443s] -- Up-to-date: /home/jetson/slash_ws/install/teb_msgs/include/teb_msgs/msg/detail/trajectory_point_msg__builder.hpp
[2.443s] -- Up-to-date: /home/jetson/slash_ws/install/teb_msgs/include/teb_msgs/msg/detail/feedback_msg__traits.hpp
[2.443s] -- Up-to-date: /home/jetson/slash_ws/install/teb_msgs/include/teb_msgs/msg/detail/trajectory_msg__type_support.hpp
[2.443s] -- Up-to-date: /home/jetson/slash_ws/install/teb_msgs/include/teb_msgs/msg/feedback_msg.hpp
[2.444s] -- Up-to-date: /home/jetson/slash_ws/install/teb_msgs/include/teb_msgs/msg/trajectory_point_msg.hpp
[2.444s] -- Up-to-date: /home/jetson/slash_ws/install/teb_msgs/include/teb_msgs/msg/trajectory_msg.hpp
[2.444s] -- Up-to-date: /home/jetson/slash_ws/install/teb_msgs/include/teb_msgs
[2.444s] -- Up-to-date: /home/jetson/slash_ws/install/teb_msgs/include/teb_msgs/msg
[2.444s] -- Up-to-date: /home/jetson/slash_ws/install/teb_msgs/include/teb_msgs/msg/detail
[2.444s] -- Up-to-date: /home/jetson/slash_ws/install/teb_msgs/include/teb_msgs/msg/detail/trajectory_msg__rosidl_typesupport_introspection_cpp.hpp
[2.444s] -- Up-to-date: /home/jetson/slash_ws/install/teb_msgs/include/teb_msgs/msg/detail/trajectory_point_msg__type_support.cpp
[2.444s] -- Up-to-date: /home/jetson/slash_ws/install/teb_msgs/include/teb_msgs/msg/detail/feedback_msg__type_support.cpp
[2.445s] -- Up-to-date: /home/jetson/slash_ws/install/teb_msgs/include/teb_msgs/msg/detail/trajectory_point_msg__rosidl_typesupport_introspection_cpp.hpp
[2.445s] -- Up-to-date: /home/jetson/slash_ws/install/teb_msgs/include/teb_msgs/msg/detail/feedback_msg__rosidl_typesupport_introspection_cpp.hpp
[2.445s] -- Up-to-date: /home/jetson/slash_ws/install/teb_msgs/include/teb_msgs/msg/detail/trajectory_msg__type_support.cpp
[2.445s] -- Up-to-date: /home/jetson/slash_ws/install/teb_msgs/lib/libteb_msgs__rosidl_typesupport_introspection_cpp.so
[2.445s] -- Up-to-date: /home/jetson/slash_ws/install/teb_msgs/lib/libteb_msgs__rosidl_typesupport_cpp.so
[2.445s] -- Up-to-date: /home/jetson/slash_ws/install/teb_msgs/share/teb_msgs/environment/pythonpath.sh
[2.445s] -- Up-to-date: /home/jetson/slash_ws/install/teb_msgs/share/teb_msgs/environment/pythonpath.dsv
[2.445s] -- Up-to-date: /home/jetson/slash_ws/install/teb_msgs/lib/python3.8/site-packages/teb_msgs/__init__.py
[2.445s] -- Up-to-date: /home/jetson/slash_ws/install/teb_msgs/lib/python3.8/site-packages/teb_msgs/msg
[2.446s] -- Up-to-date: /home/jetson/slash_ws/install/teb_msgs/lib/python3.8/site-packages/teb_msgs/msg/_trajectory_msg.py
[2.446s] -- Up-to-date: /home/jetson/slash_ws/install/teb_msgs/lib/python3.8/site-packages/teb_msgs/msg/_feedback_msg.py
[2.446s] -- Up-to-date: /home/jetson/slash_ws/install/teb_msgs/lib/python3.8/site-packages/teb_msgs/msg/_trajectory_point_msg.py
[2.446s] -- Up-to-date: /home/jetson/slash_ws/install/teb_msgs/lib/python3.8/site-packages/teb_msgs/msg/_feedback_msg_s.c
[2.446s] -- Up-to-date: /home/jetson/slash_ws/install/teb_msgs/lib/python3.8/site-packages/teb_msgs/msg/_trajectory_point_msg_s.c
[2.446s] -- Up-to-date: /home/jetson/slash_ws/install/teb_msgs/lib/python3.8/site-packages/teb_msgs/msg/__init__.py
[2.446s] -- Up-to-date: /home/jetson/slash_ws/install/teb_msgs/lib/python3.8/site-packages/teb_msgs/msg/_trajectory_msg_s.c
[2.446s] -- Up-to-date: /home/jetson/slash_ws/install/teb_msgs/lib/python3.8/site-packages/teb_msgs/teb_msgs_s__rosidl_typesupport_fastrtps_c.cpython-38-aarch64-linux-gnu.so
[2.446s] -- Up-to-date: /home/jetson/slash_ws/install/teb_msgs/lib/python3.8/site-packages/teb_msgs/teb_msgs_s__rosidl_typesupport_introspection_c.cpython-38-aarch64-linux-gnu.so
[2.447s] -- Up-to-date: /home/jetson/slash_ws/install/teb_msgs/lib/python3.8/site-packages/teb_msgs/teb_msgs_s__rosidl_typesupport_c.cpython-38-aarch64-linux-gnu.so
[2.447s] -- Up-to-date: /home/jetson/slash_ws/install/teb_msgs/lib/libteb_msgs__python.so
[2.447s] -- Up-to-date: /home/jetson/slash_ws/install/teb_msgs/share/teb_msgs/msg/FeedbackMsg.idl
[2.447s] -- Up-to-date: /home/jetson/slash_ws/install/teb_msgs/share/teb_msgs/msg/TrajectoryMsg.idl
[2.447s] -- Up-to-date: /home/jetson/slash_ws/install/teb_msgs/share/teb_msgs/msg/TrajectoryPointMsg.idl
[2.447s] -- Up-to-date: /home/jetson/slash_ws/install/teb_msgs/share/teb_msgs/msg/FeedbackMsg.msg
[2.447s] -- Up-to-date: /home/jetson/slash_ws/install/teb_msgs/share/teb_msgs/msg/TrajectoryMsg.msg
[2.447s] -- Up-to-date: /home/jetson/slash_ws/install/teb_msgs/share/teb_msgs/msg/TrajectoryPointMsg.msg
[2.447s] -- Up-to-date: /home/jetson/slash_ws/install/teb_msgs/share/ament_index/resource_index/package_run_dependencies/teb_msgs
[2.448s] -- Up-to-date: /home/jetson/slash_ws/install/teb_msgs/share/ament_index/resource_index/parent_prefix_path/teb_msgs
[2.448s] -- Up-to-date: /home/jetson/slash_ws/install/teb_msgs/share/teb_msgs/environment/ament_prefix_path.sh
[2.448s] -- Up-to-date: /home/jetson/slash_ws/install/teb_msgs/share/teb_msgs/environment/ament_prefix_path.dsv
[2.448s] -- Up-to-date: /home/jetson/slash_ws/install/teb_msgs/share/teb_msgs/environment/path.sh
[2.448s] -- Up-to-date: /home/jetson/slash_ws/install/teb_msgs/share/teb_msgs/environment/path.dsv
[2.448s] -- Up-to-date: /home/jetson/slash_ws/install/teb_msgs/share/teb_msgs/local_setup.bash
[2.448s] -- Up-to-date: /home/jetson/slash_ws/install/teb_msgs/share/teb_msgs/local_setup.sh
[2.448s] -- Up-to-date: /home/jetson/slash_ws/install/teb_msgs/share/teb_msgs/local_setup.zsh
[2.448s] -- Up-to-date: /home/jetson/slash_ws/install/teb_msgs/share/teb_msgs/local_setup.dsv
[2.449s] -- Installing: /home/jetson/slash_ws/install/teb_msgs/share/teb_msgs/package.dsv
[2.449s] -- Up-to-date: /home/jetson/slash_ws/install/teb_msgs/share/ament_index/resource_index/packages/teb_msgs
[2.449s] -- Up-to-date: /home/jetson/slash_ws/install/teb_msgs/share/teb_msgs/cmake/teb_msgs__rosidl_generator_cExport.cmake
[2.449s] -- Up-to-date: /home/jetson/slash_ws/install/teb_msgs/share/teb_msgs/cmake/teb_msgs__rosidl_generator_cExport-noconfig.cmake
[2.449s] -- Up-to-date: /home/jetson/slash_ws/install/teb_msgs/share/teb_msgs/cmake/teb_msgs__rosidl_typesupport_introspection_cExport.cmake
[2.449s] -- Up-to-date: /home/jetson/slash_ws/install/teb_msgs/share/teb_msgs/cmake/teb_msgs__rosidl_typesupport_introspection_cExport-noconfig.cmake
[2.449s] -- Up-to-date: /home/jetson/slash_ws/install/teb_msgs/share/teb_msgs/cmake/teb_msgs__rosidl_typesupport_cExport.cmake
[2.449s] -- Up-to-date: /home/jetson/slash_ws/install/teb_msgs/share/teb_msgs/cmake/teb_msgs__rosidl_typesupport_cExport-noconfig.cmake
[2.449s] -- Up-to-date: /home/jetson/slash_ws/install/teb_msgs/share/teb_msgs/cmake/teb_msgs__rosidl_generator_cppExport.cmake
[2.449s] -- Up-to-date: /home/jetson/slash_ws/install/teb_msgs/share/teb_msgs/cmake/teb_msgs__rosidl_typesupport_introspection_cppExport.cmake
[2.450s] -- Up-to-date: /home/jetson/slash_ws/install/teb_msgs/share/teb_msgs/cmake/teb_msgs__rosidl_typesupport_introspection_cppExport-noconfig.cmake
[2.450s] -- Up-to-date: /home/jetson/slash_ws/install/teb_msgs/share/teb_msgs/cmake/teb_msgs__rosidl_typesupport_cppExport.cmake
[2.450s] -- Up-to-date: /home/jetson/slash_ws/install/teb_msgs/share/teb_msgs/cmake/teb_msgs__rosidl_typesupport_cppExport-noconfig.cmake
[2.450s] -- Up-to-date: /home/jetson/slash_ws/install/teb_msgs/share/teb_msgs/cmake/rosidl_cmake-extras.cmake
[2.450s] -- Up-to-date: /home/jetson/slash_ws/install/teb_msgs/share/teb_msgs/cmake/ament_cmake_export_dependencies-extras.cmake
[2.450s] -- Up-to-date: /home/jetson/slash_ws/install/teb_msgs/share/teb_msgs/cmake/ament_cmake_export_libraries-extras.cmake
[2.450s] -- Up-to-date: /home/jetson/slash_ws/install/teb_msgs/share/teb_msgs/cmake/ament_cmake_export_targets-extras.cmake
[2.450s] -- Up-to-date: /home/jetson/slash_ws/install/teb_msgs/share/teb_msgs/cmake/ament_cmake_export_include_directories-extras.cmake
[2.450s] -- Up-to-date: /home/jetson/slash_ws/install/teb_msgs/share/teb_msgs/cmake/rosidl_cmake_export_typesupport_libraries-extras.cmake
[2.451s] -- Up-to-date: /home/jetson/slash_ws/install/teb_msgs/share/teb_msgs/cmake/rosidl_cmake_export_typesupport_targets-extras.cmake
[2.451s] -- Up-to-date: /home/jetson/slash_ws/install/teb_msgs/share/teb_msgs/cmake/teb_msgsConfig.cmake
[2.451s] -- Up-to-date: /home/jetson/slash_ws/install/teb_msgs/share/teb_msgs/cmake/teb_msgsConfig-version.cmake
[2.451s] -- Up-to-date: /home/jetson/slash_ws/install/teb_msgs/share/teb_msgs/package.xml
[2.560s] Invoked command in '/home/jetson/slash_ws/build/teb_msgs' returned '0': CMAKE_PREFIX_PATH=/home/jetson/slash_ws/install/costmap_converter_msgs:/home/jetson/sim_ws/install/pure_pursuit:/home/jetson/sim_ws/install/mpc:/home/jetson/sim_ws/install/launchers:/home/jetson/sim_ws/install/gap_follow:/home/jetson/slash_ws/install/vesc:/home/jetson/slash_ws/install/vesc_driver:/home/jetson/slash_ws/install/vesc_ackermann:/home/jetson/slash_ws/install/vesc_msgs:/home/jetson/slash_ws/install/teleop_tools:/home/jetson/slash_ws/install/teleop_tools_msgs:/home/jetson/slash_ws/install/teb_local_planner:/home/jetson/slash_ws/install/teb_msgs:/home/jetson/slash_ws/install/slash_nav2:/home/jetson/slash_ws/install/simple_mpc:/home/jetson/slash_ws/install/pointcloud_to_laserscan:/home/jetson/slash_ws/install/fast_lio:/home/jetson/slash_ws/install/livox_ros_driver2:/home/jetson/slash_ws/install/linefit_ground_segmentation_ros:/home/jetson/slash_ws/install/linefit_ground_segmentation:/home/jetson/slash_ws/install/costmap_converter:/home/jetson/slash_ws/install/ackermann_mux:/home/jetson/sim_ws/install/f1tenth_gym_ros:/home/jetson/slash_ws/install/f1tenth_stack:/home/jetson/slash_ws/install/twist_to_ackermann:/home/jetson/slash_ws/install/joy_teleop:/home/jetson/slash_ws/install/slash_sysid:/home/jetson/slash_ws/install/slash_safety:/home/jetson/slash_ws/install/roboracer_china_2025:/home/jetson/slash_ws/install/obstacle_tracker:/home/jetson/slash_ws/install/multilayer_scan:/home/jetson/slash_ws/install/mouse_teleop:/home/jetson/slash_ws/install/key_teleop:/opt/ros/foxy LD_LIBRARY_PATH=/home/jetson/slash_ws/install/costmap_converter_msgs/lib:/usr/local/cuda/lib64:/usr/local/cuda/lib64:/usr/local/cuda/lib64:/usr/local/cuda/lib64:/usr/local/cuda-11.4/lib64:/usr/local/cuda/lib64:/usr/local/cuda/lib64:/usr/local/cuda/lib64:/usr/local/cuda/lib64:/home/jetson/slash_ws/install/vesc_driver/lib:/home/jetson/slash_ws/install/vesc_ackermann/lib:/home/jetson/slash_ws/install/vesc_msgs/lib:/home/jetson/slash_ws/install/teleop_tools_msgs/lib:/home/jetson/slash_ws/install/teb_local_planner/lib:/home/jetson/slash_ws/install/teb_msgs/lib:/home/jetson/slash_ws/install/pointcloud_to_laserscan/lib:/home/jetson/slash_ws/install/fast_lio/lib:/home/jetson/slash_ws/install/livox_ros_driver2/lib:/home/jetson/slash_ws/install/linefit_ground_segmentation/lib:/home/jetson/slash_ws/install/costmap_converter/lib:/usr/lib/aarch64-linux-gnu/gazebo-11/plugins:/opt/ros/foxy/opt/yaml_cpp_vendor/lib:/opt/ros/foxy/opt/rviz_ogre_vendor/lib:/opt/ros/foxy/lib/aarch64-linux-gnu:/opt/ros/foxy/lib:/usr/local/cuda-11.4/lib64 PYTHONPATH=/home/jetson/slash_ws/install/costmap_converter_msgs/lib/python3.8/site-packages:/home/jetson/slash_ws/build/slash_sysid:/home/jetson/slash_ws/build/slash_safety:/home/jetson/slash_ws/build/roboracer_china_2025:/home/jetson/slash_ws/build/obstacle_tracker:/home/jetson/slash_ws/build/multilayer_scan:/home/jetson/sim_ws/install/pure_pursuit/lib/python3.8/site-packages:/home/jetson/sim_ws/install/mpc/lib/python3.8/site-packages:/home/jetson/sim_ws/install/gap_follow/lib/python3.8/site-packages:/home/jetson/sim_ws/install/f1tenth_gym_ros/lib/python3.8/site-packages:/home/jetson/slash_ws/install/f1tenth_stack/lib/python3.8/site-packages:/home/jetson/slash_ws/install/vesc_msgs/lib/python3.8/site-packages:/home/jetson/slash_ws/install/twist_to_ackermann/lib/python3.8/site-packages:/home/jetson/slash_ws/install/joy_teleop/lib/python3.8/site-packages:/home/jetson/slash_ws/install/teleop_tools_msgs/lib/python3.8/site-packages:/home/jetson/slash_ws/install/teb_msgs/lib/python3.8/site-packages:/home/jetson/slash_ws/install/slash_sysid/lib/python3.8/site-packages:/home/jetson/slash_ws/install/slash_safety/lib/python3.8/site-packages:/home/jetson/slash_ws/install/roboracer_china_2025/lib/python3.8/site-packages:/home/jetson/slash_ws/install/obstacle_tracker/lib/python3.8/site-packages:/home/jetson/slash_ws/install/multilayer_scan/lib/python3.8/site-packages:/home/jetson/slash_ws/install/mouse_teleop/lib/python3.8/site-packages:/home/jetson/slash_ws/install/fast_lio/lib/python3.8/site-packages:/home/jetson/slash_ws/install/livox_ros_driver2/lib/python3.8/site-packages:/home/jetson/slash_ws/install/key_teleop/lib/python3.8/site-packages:/opt/ros/foxy/lib/python3.8/site-packages /usr/bin/cmake --install /home/jetson/slash_ws/build/teb_msgs
