[0.059s] Invoking command in '/home/jetson/slash_ws/build/livox_ros_driver2': CMAKE_PREFIX_PATH=${CMAKE_PREFIX_PATH}:/home/jetson/slash_ws/install/f1tenth_stack:/home/jetson/slash_ws/install/twist_to_ackermann:/home/jetson/slash_ws/install/joy_teleop:/home/jetson/slash_ws/install/slash_sysid:/home/jetson/slash_ws/install/slash_safety:/home/jetson/slash_ws/install/roboracer_china_2025:/home/jetson/slash_ws/install/obstacle_tracker:/home/jetson/slash_ws/install/multilayer_scan:/home/jetson/slash_ws/install/mouse_teleop:/home/jetson/slash_ws/install/key_teleop:/opt/ros/foxy /usr/bin/cmake /home/jetson/slash_ws/src/slash_hardware/livox_ros_driver2/src -DAMENT_CMAKE_SYMLINK_INSTALL=1 -DCMAKE_INSTALL_PREFIX=/home/jetson/slash_ws/install/livox_ros_driver2
[0.945s] -- livox_ros_driver2 version: 1.0.0
[0.945s] -- Found ament_cmake_auto: 0.9.12 (/opt/ros/foxy/share/ament_cmake_auto/cmake)
[0.946s] -- Found PythonInterp: /usr/bin/python3 (found suitable version "3.8.10", minimum required is "3") 
[0.946s] -- Using PYTHON_EXECUTABLE: /usr/bin/python3
[0.946s] -- Override CMake install command with custom implementation using symlinks instead of copying resources
[0.946s] -- Using all available rosidl_typesupport_c: rosidl_typesupport_fastrtps_c;rosidl_typesupport_introspection_c
[0.946s] -- Found rosidl_adapter: 1.3.1 (/opt/ros/foxy/share/rosidl_adapter/cmake)
[1.163s] -- Using all available rosidl_typesupport_cpp: rosidl_typesupport_fastrtps_cpp;rosidl_typesupport_introspection_cpp
[1.299s] -- Found rmw_implementation_cmake: 1.0.4 (/opt/ros/foxy/share/rmw_implementation_cmake/cmake)
[1.304s] -- Using RMW implementation 'rmw_fastrtps_cpp' as default
[2.197s] -- Eigen found (include: /usr/include/eigen3, version: 3.3.7)
[2.342s] -- The imported target "vtkParseOGLExt" references the file
[2.342s]    "/usr/bin/vtkParseOGLExt-7.1"
[2.342s] but this file does not exist.  Possible reasons include:
[2.342s] * The file was deleted, renamed, or moved to another location.
[2.343s] * An install or uninstall procedure did not complete successfully.
[2.343s] * The installation package was faulty and contained
[2.343s]    "/usr/lib/cmake/vtk-7.1/VTKTargets.cmake"
[2.343s] but not all the files it references.
[2.343s] 
[2.343s] -- The imported target "vtkRenderingPythonTkWidgets" references the file
[2.344s]    "/usr/lib/aarch64-linux-gnu/libvtkRenderingPythonTkWidgets.so"
[2.344s] but this file does not exist.  Possible reasons include:
[2.344s] * The file was deleted, renamed, or moved to another location.
[2.344s] * An install or uninstall procedure did not complete successfully.
[2.345s] * The installation package was faulty and contained
[2.345s]    "/usr/lib/cmake/vtk-7.1/VTKTargets.cmake"
[2.345s] but not all the files it references.
[2.345s] 
[2.345s] -- The imported target "vtk" references the file
[2.345s]    "/usr/bin/vtk"
[2.345s] but this file does not exist.  Possible reasons include:
[2.346s] * The file was deleted, renamed, or moved to another location.
[2.346s] * An install or uninstall procedure did not complete successfully.
[2.346s] * The installation package was faulty and contained
[2.346s]    "/usr/lib/cmake/vtk-7.1/VTKTargets.cmake"
[2.346s] but not all the files it references.
[2.346s] 
[2.346s] -- The imported target "pvtk" references the file
[2.346s]    "/usr/bin/pvtk"
[2.347s] but this file does not exist.  Possible reasons include:
[2.347s] * The file was deleted, renamed, or moved to another location.
[2.347s] * An install or uninstall procedure did not complete successfully.
[2.347s] * The installation package was faulty and contained
[2.347s]    "/usr/lib/cmake/vtk-7.1/VTKTargets.cmake"
[2.348s] but not all the files it references.
[2.348s] 
[2.385s] -- OpenNI found (include: /usr/include/ni, lib: /usr/lib/libOpenNI.so)
[2.400s] -- OpenNI2 found (include: /usr/include/openni2, lib: /usr/lib/libOpenNI2.so)
[2.434s] -- OpenNI found (include: /usr/include/ni, lib: /usr/lib/libOpenNI.so)
[2.448s] -- OpenNI2 found (include: /usr/include/openni2, lib: /usr/lib/libOpenNI2.so)
[2.471s] -- QHULL found (include: /usr/include, lib: optimized;/usr/lib/aarch64-linux-gnu/libqhull.so;debug;/usr/lib/aarch64-linux-gnu/libqhull.so)
[2.486s] -- OpenNI found (include: /usr/include/ni, lib: /usr/lib/libOpenNI.so)
[2.539s] /usr/include/apr-1.0
[2.539s] apr-1
[2.592s] -- Found PythonInterp: /usr/bin/python3 (found version "3.8.10") 
[2.803s] -- Found ament_cmake_ros: 0.9.2 (/opt/ros/foxy/share/ament_cmake_ros/cmake)
[3.164s] -- Using all available rosidl_typesupport_c: rosidl_typesupport_fastrtps_c;rosidl_typesupport_introspection_c
[3.270s] -- Using all available rosidl_typesupport_cpp: rosidl_typesupport_fastrtps_cpp;rosidl_typesupport_introspection_cpp
[3.343s] -- Found PythonInterp: /usr/bin/python3 (found suitable version "3.8.10", minimum required is "3.5") 
[3.344s] -- Found python_cmake_module: 0.8.1 (/opt/ros/foxy/share/python_cmake_module/cmake)
[3.403s] -- Using PYTHON_EXECUTABLE: /usr/bin/python3
[3.404s] -- Using PYTHON_INCLUDE_DIRS: /usr/include/python3.8
[3.404s] -- Using PYTHON_LIBRARIES: /usr/lib/aarch64-linux-gnu/libpython3.8.so
[3.580s] -- Found ament_lint_auto: 0.9.8 (/opt/ros/foxy/share/ament_lint_auto/cmake)
[3.623s] -- Added test 'copyright' to check source files copyright and LICENSE
[3.630s] -- Added test 'cppcheck' to perform static code analysis on C / C++ code
[3.634s] -- Configured cppcheck include dirs: /home/jetson/slash_ws/src/slash_hardware/livox_ros_driver2/src/3rdparty;/home/jetson/slash_ws/src/slash_hardware/livox_ros_driver2/src/src
[3.635s] -- Configured cppcheck exclude dirs and/or files: 
[3.643s] -- Added test 'cpplint' to check C / C++ code against the Google style
[3.643s] -- Configured cpplint exclude dirs and/or files: 
[3.644s] -- Added test 'flake8' to check Python code syntax and style conventions
[3.649s] -- Added test 'lint_cmake' to check CMake code style
[3.651s] -- Added test 'pep257' to check Python code against some of the style conventions in PEP 257
[3.659s] -- Added test 'uncrustify' to check C / C++ code style
[3.660s] -- Configured uncrustify additional arguments: 
[3.662s] -- Added test 'xmllint' to check XML markup files
[3.677s] -- Configuring done
[3.886s] -- Generating done
[3.967s] -- Build files have been written to: /home/jetson/slash_ws/build/livox_ros_driver2
[4.026s] Invoked command in '/home/jetson/slash_ws/build/livox_ros_driver2' returned '0': CMAKE_PREFIX_PATH=${CMAKE_PREFIX_PATH}:/home/jetson/slash_ws/install/f1tenth_stack:/home/jetson/slash_ws/install/twist_to_ackermann:/home/jetson/slash_ws/install/joy_teleop:/home/jetson/slash_ws/install/slash_sysid:/home/jetson/slash_ws/install/slash_safety:/home/jetson/slash_ws/install/roboracer_china_2025:/home/jetson/slash_ws/install/obstacle_tracker:/home/jetson/slash_ws/install/multilayer_scan:/home/jetson/slash_ws/install/mouse_teleop:/home/jetson/slash_ws/install/key_teleop:/opt/ros/foxy /usr/bin/cmake /home/jetson/slash_ws/src/slash_hardware/livox_ros_driver2/src -DAMENT_CMAKE_SYMLINK_INSTALL=1 -DCMAKE_INSTALL_PREFIX=/home/jetson/slash_ws/install/livox_ros_driver2
[4.028s] Invoking command in '/home/jetson/slash_ws/build/livox_ros_driver2': CMAKE_PREFIX_PATH=${CMAKE_PREFIX_PATH}:/home/jetson/slash_ws/install/f1tenth_stack:/home/jetson/slash_ws/install/twist_to_ackermann:/home/jetson/slash_ws/install/joy_teleop:/home/jetson/slash_ws/install/slash_sysid:/home/jetson/slash_ws/install/slash_safety:/home/jetson/slash_ws/install/roboracer_china_2025:/home/jetson/slash_ws/install/obstacle_tracker:/home/jetson/slash_ws/install/multilayer_scan:/home/jetson/slash_ws/install/mouse_teleop:/home/jetson/slash_ws/install/key_teleop:/opt/ros/foxy /usr/bin/cmake --build /home/jetson/slash_ws/build/livox_ros_driver2 -- -j8 -l8
[4.309s] [  1%] Linking CXX executable livox_ros_driver2_node
[4.347s] [  8%] Built target livox_interfaces2__rosidl_generator_c
[4.370s] [ 10%] Built target livox_interfaces2__cpp
[4.486s] [ 17%] Built target livox_interfaces2__rosidl_typesupport_c
[4.491s] [ 31%] Built target livox_interfaces2__rosidl_typesupport_introspection_c
[4.491s] [ 24%] Built target livox_interfaces2__rosidl_typesupport_introspection_cpp
[4.519s] [ 38%] Built target livox_interfaces2__rosidl_typesupport_cpp
[4.526s] [ 40%] Linking CXX shared library liblivox_ros_driver2__rosidl_typesupport_fastrtps_cpp.so
[4.684s] [ 42%] Built target livox_ros_driver2_node
[4.767s] [ 47%] Built target livox_interfaces2__rosidl_typesupport_fastrtps_cpp
[4.837s] [ 49%] Linking CXX shared library liblivox_ros_driver2__rosidl_typesupport_fastrtps_c.so
[5.038s] [ 54%] Built target livox_interfaces2__rosidl_typesupport_fastrtps_c
[5.099s] [ 54%] Built target livox_interfaces2
[5.164s] [ 56%] Built target livox_interfaces2__py
[5.220s] [ 57%] Linking CXX shared library liblivox_ros_driver2.so
[5.254s] [ 59%] Linking C shared library rosidl_generator_py/livox_ros_driver2/liblivox_interfaces2__python.so
[5.371s] [ 63%] Built target livox_interfaces2__python
[5.463s] [ 66%] Linking C shared library rosidl_generator_py/livox_ros_driver2/livox_ros_driver2_s__rosidl_typesupport_c.cpython-38-aarch64-linux-gnu.so
[5.465s] [ 66%] Linking CXX shared library rosidl_generator_py/livox_ros_driver2/livox_ros_driver2_s__rosidl_typesupport_fastrtps_c.cpython-38-aarch64-linux-gnu.so
[5.488s] [ 68%] Linking C shared library rosidl_generator_py/livox_ros_driver2/livox_ros_driver2_s__rosidl_typesupport_introspection_c.cpython-38-aarch64-linux-gnu.so
[5.593s] [ 70%] Built target livox_ros_driver2__rosidl_typesupport_c__pyext
[5.612s] [ 71%] Built target livox_ros_driver2__rosidl_typesupport_introspection_c__pyext
[5.638s] [ 73%] Built target livox_ros_driver2__rosidl_typesupport_fastrtps_c__pyext
[7.472s] [100%] Built target livox_ros_driver2
[7.516s] Invoked command in '/home/jetson/slash_ws/build/livox_ros_driver2' returned '0': CMAKE_PREFIX_PATH=${CMAKE_PREFIX_PATH}:/home/jetson/slash_ws/install/f1tenth_stack:/home/jetson/slash_ws/install/twist_to_ackermann:/home/jetson/slash_ws/install/joy_teleop:/home/jetson/slash_ws/install/slash_sysid:/home/jetson/slash_ws/install/slash_safety:/home/jetson/slash_ws/install/roboracer_china_2025:/home/jetson/slash_ws/install/obstacle_tracker:/home/jetson/slash_ws/install/multilayer_scan:/home/jetson/slash_ws/install/mouse_teleop:/home/jetson/slash_ws/install/key_teleop:/opt/ros/foxy /usr/bin/cmake --build /home/jetson/slash_ws/build/livox_ros_driver2 -- -j8 -l8
[7.559s] Invoking command in '/home/jetson/slash_ws/build/livox_ros_driver2': CMAKE_PREFIX_PATH=${CMAKE_PREFIX_PATH}:/home/jetson/slash_ws/install/f1tenth_stack:/home/jetson/slash_ws/install/twist_to_ackermann:/home/jetson/slash_ws/install/joy_teleop:/home/jetson/slash_ws/install/slash_sysid:/home/jetson/slash_ws/install/slash_safety:/home/jetson/slash_ws/install/roboracer_china_2025:/home/jetson/slash_ws/install/obstacle_tracker:/home/jetson/slash_ws/install/multilayer_scan:/home/jetson/slash_ws/install/mouse_teleop:/home/jetson/slash_ws/install/key_teleop:/opt/ros/foxy /usr/bin/cmake --install /home/jetson/slash_ws/build/livox_ros_driver2
[7.586s] -- Install configuration: ""
[7.587s] -- Execute custom install script
[7.588s] -- Symlinking: /home/jetson/slash_ws/install/livox_ros_driver2/share/ament_index/resource_index/rosidl_interfaces/livox_ros_driver2
[7.624s] -- Symlinking: /home/jetson/slash_ws/install/livox_ros_driver2/include/livox_ros_driver2/msg/custom_msg.h
[7.647s] -- Symlinking: /home/jetson/slash_ws/install/livox_ros_driver2/include/livox_ros_driver2/msg/custom_point.h
[7.681s] -- Symlinking: /home/jetson/slash_ws/install/livox_ros_driver2/include/livox_ros_driver2/msg/detail/custom_msg__functions.h
[7.708s] -- Symlinking: /home/jetson/slash_ws/install/livox_ros_driver2/include/livox_ros_driver2/msg/detail/custom_msg__struct.h
[7.738s] -- Symlinking: /home/jetson/slash_ws/install/livox_ros_driver2/include/livox_ros_driver2/msg/detail/custom_msg__type_support.h
[7.766s] -- Symlinking: /home/jetson/slash_ws/install/livox_ros_driver2/include/livox_ros_driver2/msg/detail/custom_point__functions.h
[7.792s] -- Symlinking: /home/jetson/slash_ws/install/livox_ros_driver2/include/livox_ros_driver2/msg/detail/custom_point__struct.h
[7.817s] -- Symlinking: /home/jetson/slash_ws/install/livox_ros_driver2/include/livox_ros_driver2/msg/detail/custom_point__type_support.h
[7.844s] -- Symlinking: /home/jetson/slash_ws/install/livox_ros_driver2/include/livox_ros_driver2/msg/rosidl_generator_c__visibility_control.h
[7.871s] -- Symlinking: /home/jetson/slash_ws/install/livox_ros_driver2/share/livox_ros_driver2/environment/library_path.sh
[7.905s] -- Symlinking: /home/jetson/slash_ws/install/livox_ros_driver2/share/livox_ros_driver2/environment/library_path.dsv
[7.936s] -- Symlinking: /home/jetson/slash_ws/install/livox_ros_driver2/include/livox_ros_driver2/msg/detail/custom_msg__rosidl_typesupport_fastrtps_c.h
[7.964s] -- Symlinking: /home/jetson/slash_ws/install/livox_ros_driver2/include/livox_ros_driver2/msg/detail/custom_point__rosidl_typesupport_fastrtps_c.h
[7.990s] -- Symlinking: /home/jetson/slash_ws/install/livox_ros_driver2/include/livox_ros_driver2/msg/rosidl_typesupport_fastrtps_c__visibility_control.h
[8.015s] -- Symlinking: /home/jetson/slash_ws/install/livox_ros_driver2/lib/liblivox_ros_driver2__rosidl_typesupport_fastrtps_c.so
[8.041s] -- Symlinking: /home/jetson/slash_ws/install/livox_ros_driver2/include/livox_ros_driver2/msg/detail/custom_msg__rosidl_typesupport_fastrtps_cpp.hpp
[8.070s] -- Symlinking: /home/jetson/slash_ws/install/livox_ros_driver2/include/livox_ros_driver2/msg/detail/custom_point__rosidl_typesupport_fastrtps_cpp.hpp
[8.092s] -- Symlinking: /home/jetson/slash_ws/install/livox_ros_driver2/include/livox_ros_driver2/msg/rosidl_typesupport_fastrtps_cpp__visibility_control.h
[8.117s] -- Symlinking: /home/jetson/slash_ws/install/livox_ros_driver2/lib/liblivox_ros_driver2__rosidl_typesupport_fastrtps_cpp.so
[8.148s] -- Symlinking: /home/jetson/slash_ws/install/livox_ros_driver2/include/livox_ros_driver2/msg/detail/custom_msg__rosidl_typesupport_introspection_c.h
[8.171s] -- Symlinking: /home/jetson/slash_ws/install/livox_ros_driver2/include/livox_ros_driver2/msg/detail/custom_point__rosidl_typesupport_introspection_c.h
[8.195s] -- Symlinking: /home/jetson/slash_ws/install/livox_ros_driver2/include/livox_ros_driver2/msg/rosidl_typesupport_introspection_c__visibility_control.h
[8.222s] -- Symlinking: /home/jetson/slash_ws/install/livox_ros_driver2/include/livox_ros_driver2/msg/custom_msg.hpp
[8.249s] -- Symlinking: /home/jetson/slash_ws/install/livox_ros_driver2/include/livox_ros_driver2/msg/custom_point.hpp
[8.277s] -- Symlinking: /home/jetson/slash_ws/install/livox_ros_driver2/include/livox_ros_driver2/msg/detail/custom_msg__builder.hpp
[8.300s] -- Symlinking: /home/jetson/slash_ws/install/livox_ros_driver2/include/livox_ros_driver2/msg/detail/custom_msg__struct.hpp
[8.325s] -- Symlinking: /home/jetson/slash_ws/install/livox_ros_driver2/include/livox_ros_driver2/msg/detail/custom_msg__traits.hpp
[8.348s] -- Symlinking: /home/jetson/slash_ws/install/livox_ros_driver2/include/livox_ros_driver2/msg/detail/custom_msg__type_support.hpp
[8.374s] -- Symlinking: /home/jetson/slash_ws/install/livox_ros_driver2/include/livox_ros_driver2/msg/detail/custom_point__builder.hpp
[8.400s] -- Symlinking: /home/jetson/slash_ws/install/livox_ros_driver2/include/livox_ros_driver2/msg/detail/custom_point__struct.hpp
[8.426s] -- Symlinking: /home/jetson/slash_ws/install/livox_ros_driver2/include/livox_ros_driver2/msg/detail/custom_point__traits.hpp
[8.453s] -- Symlinking: /home/jetson/slash_ws/install/livox_ros_driver2/include/livox_ros_driver2/msg/detail/custom_point__type_support.hpp
[8.522s] -- Symlinking: /home/jetson/slash_ws/install/livox_ros_driver2/include/livox_ros_driver2/msg/rosidl_generator_cpp__visibility_control.hpp
[8.552s] -- Symlinking: /home/jetson/slash_ws/install/livox_ros_driver2/include/livox_ros_driver2/msg/detail/custom_msg__rosidl_typesupport_introspection_cpp.hpp
[8.594s] -- Symlinking: /home/jetson/slash_ws/install/livox_ros_driver2/include/livox_ros_driver2/msg/detail/custom_point__rosidl_typesupport_introspection_cpp.hpp
[8.620s] -- Symlinking: /home/jetson/slash_ws/install/livox_ros_driver2/share/livox_ros_driver2/environment/pythonpath.sh
[8.668s] -- Symlinking: /home/jetson/slash_ws/install/livox_ros_driver2/share/livox_ros_driver2/environment/pythonpath.dsv
[8.698s] -- Symlinking: /home/jetson/slash_ws/install/livox_ros_driver2/lib/python3.8/site-packages/livox_ros_driver2/__init__.py
[8.734s] -- Symlinking: /home/jetson/slash_ws/install/livox_ros_driver2/lib/python3.8/site-packages/livox_ros_driver2/msg/__init__.py
[8.761s] -- Symlinking: /home/jetson/slash_ws/install/livox_ros_driver2/lib/python3.8/site-packages/livox_ros_driver2/msg/_custom_msg.py
[8.787s] -- Symlinking: /home/jetson/slash_ws/install/livox_ros_driver2/lib/python3.8/site-packages/livox_ros_driver2/msg/_custom_point.py
[8.819s] -- Symlinking: /home/jetson/slash_ws/install/livox_ros_driver2/lib/python3.8/site-packages/livox_ros_driver2/livox_ros_driver2_s__rosidl_typesupport_fastrtps_c.cpython-38-aarch64-linux-gnu.so
[8.847s] -- Symlinking: /home/jetson/slash_ws/install/livox_ros_driver2/lib/python3.8/site-packages/livox_ros_driver2/livox_ros_driver2_s__rosidl_typesupport_introspection_c.cpython-38-aarch64-linux-gnu.so
[8.872s] -- Symlinking: /home/jetson/slash_ws/install/livox_ros_driver2/lib/python3.8/site-packages/livox_ros_driver2/livox_ros_driver2_s__rosidl_typesupport_c.cpython-38-aarch64-linux-gnu.so
[8.898s] -- Symlinking: /home/jetson/slash_ws/install/livox_ros_driver2/lib/liblivox_interfaces2__python.so
[8.925s] -- Symlinking: /home/jetson/slash_ws/install/livox_ros_driver2/share/livox_ros_driver2/msg/CustomPoint.idl
[8.950s] -- Symlinking: /home/jetson/slash_ws/install/livox_ros_driver2/share/livox_ros_driver2/msg/CustomMsg.idl
[8.975s] -- Symlinking: /home/jetson/slash_ws/install/livox_ros_driver2/share/livox_ros_driver2/msg/CustomPoint.msg
[9.000s] -- Symlinking: /home/jetson/slash_ws/install/livox_ros_driver2/share/livox_ros_driver2/msg/CustomMsg.msg
[9.031s] -- Symlinking: /home/jetson/slash_ws/install/livox_ros_driver2/lib/livox_ros_driver2/livox_ros_driver2_node
[9.057s] -- Symlinking: /home/jetson/slash_ws/install/livox_ros_driver2/lib/liblivox_ros_driver2.so
[9.085s] -- Symlinking: /home/jetson/slash_ws/install/livox_ros_driver2/share/livox_ros_driver2/config/HAP_config.json
[9.108s] -- Symlinking: /home/jetson/slash_ws/install/livox_ros_driver2/share/livox_ros_driver2/config/MID360_config.json
[9.131s] -- Symlinking: /home/jetson/slash_ws/install/livox_ros_driver2/share/livox_ros_driver2/config/display_point_cloud.rviz
[9.159s] -- Symlinking: /home/jetson/slash_ws/install/livox_ros_driver2/share/livox_ros_driver2/config/mixed_HAP_MID360_config.json
[9.182s] -- Symlinking: /home/jetson/slash_ws/install/livox_ros_driver2/share/livox_ros_driver2/launch/msg_HAP_launch.py
[9.204s] -- Symlinking: /home/jetson/slash_ws/install/livox_ros_driver2/share/livox_ros_driver2/launch/msg_MID360_launch.py
[9.226s] -- Symlinking: /home/jetson/slash_ws/install/livox_ros_driver2/share/livox_ros_driver2/launch/rviz_HAP_launch.py
[9.251s] -- Symlinking: /home/jetson/slash_ws/install/livox_ros_driver2/share/livox_ros_driver2/launch/rviz_MID360_launch.py
[9.274s] -- Symlinking: /home/jetson/slash_ws/install/livox_ros_driver2/share/livox_ros_driver2/launch/rviz_mixed.py
[9.299s] -- Symlinking: /home/jetson/slash_ws/install/livox_ros_driver2/share/ament_index/resource_index/package_run_dependencies/livox_ros_driver2
[9.323s] -- Symlinking: /home/jetson/slash_ws/install/livox_ros_driver2/share/ament_index/resource_index/parent_prefix_path/livox_ros_driver2
[9.345s] -- Symlinking: /home/jetson/slash_ws/install/livox_ros_driver2/share/livox_ros_driver2/environment/ament_prefix_path.sh
[9.372s] -- Symlinking: /home/jetson/slash_ws/install/livox_ros_driver2/share/livox_ros_driver2/environment/ament_prefix_path.dsv
[9.409s] -- Symlinking: /home/jetson/slash_ws/install/livox_ros_driver2/share/livox_ros_driver2/environment/path.sh
[9.451s] -- Symlinking: /home/jetson/slash_ws/install/livox_ros_driver2/share/livox_ros_driver2/environment/path.dsv
[9.489s] -- Symlinking: /home/jetson/slash_ws/install/livox_ros_driver2/share/livox_ros_driver2/local_setup.bash
[9.514s] -- Symlinking: /home/jetson/slash_ws/install/livox_ros_driver2/share/livox_ros_driver2/local_setup.sh
[9.556s] -- Symlinking: /home/jetson/slash_ws/install/livox_ros_driver2/share/livox_ros_driver2/local_setup.zsh
[9.580s] -- Symlinking: /home/jetson/slash_ws/install/livox_ros_driver2/share/livox_ros_driver2/local_setup.dsv
[9.630s] -- Symlinking: /home/jetson/slash_ws/install/livox_ros_driver2/share/livox_ros_driver2/package.dsv
[9.657s] -- Symlinking: /home/jetson/slash_ws/install/livox_ros_driver2/share/ament_index/resource_index/packages/livox_ros_driver2
[9.683s] -- Symlinking: /home/jetson/slash_ws/install/livox_ros_driver2/share/ament_index/resource_index/rclcpp_components/livox_ros_driver2
[9.705s] -- Symlinking: /home/jetson/slash_ws/install/livox_ros_driver2/share/livox_ros_driver2/cmake/rosidl_cmake-extras.cmake
[9.728s] -- Symlinking: /home/jetson/slash_ws/install/livox_ros_driver2/share/livox_ros_driver2/cmake/ament_cmake_export_dependencies-extras.cmake
[9.752s] -- Symlinking: /home/jetson/slash_ws/install/livox_ros_driver2/share/livox_ros_driver2/cmake/ament_cmake_export_libraries-extras.cmake
[9.777s] -- Symlinking: /home/jetson/slash_ws/install/livox_ros_driver2/share/livox_ros_driver2/cmake/ament_cmake_export_targets-extras.cmake
[9.800s] -- Symlinking: /home/jetson/slash_ws/install/livox_ros_driver2/share/livox_ros_driver2/cmake/ament_cmake_export_include_directories-extras.cmake
[9.826s] -- Symlinking: /home/jetson/slash_ws/install/livox_ros_driver2/share/livox_ros_driver2/cmake/rosidl_cmake_export_typesupport_libraries-extras.cmake
[9.851s] -- Symlinking: /home/jetson/slash_ws/install/livox_ros_driver2/share/livox_ros_driver2/cmake/rosidl_cmake_export_typesupport_targets-extras.cmake
[9.875s] -- Symlinking: /home/jetson/slash_ws/install/livox_ros_driver2/share/livox_ros_driver2/cmake/livox_ros_driver2Config.cmake
[9.899s] -- Symlinking: /home/jetson/slash_ws/install/livox_ros_driver2/share/livox_ros_driver2/cmake/livox_ros_driver2Config-version.cmake
[9.925s] -- Symlinking: /home/jetson/slash_ws/install/livox_ros_driver2/share/livox_ros_driver2/package.xml
[9.952s] -- Up-to-date: /home/jetson/slash_ws/install/livox_ros_driver2/lib/liblivox_ros_driver2__rosidl_generator_c.so
[9.953s] -- Up-to-date: /home/jetson/slash_ws/install/livox_ros_driver2/lib/liblivox_ros_driver2__rosidl_typesupport_introspection_c.so
[9.955s] -- Up-to-date: /home/jetson/slash_ws/install/livox_ros_driver2/lib/liblivox_ros_driver2__rosidl_typesupport_c.so
[9.955s] -- Up-to-date: /home/jetson/slash_ws/install/livox_ros_driver2/lib/liblivox_ros_driver2__rosidl_typesupport_introspection_cpp.so
[9.956s] -- Up-to-date: /home/jetson/slash_ws/install/livox_ros_driver2/lib/liblivox_ros_driver2__rosidl_typesupport_cpp.so
[10.031s] Compiling '/home/jetson/slash_ws/install/livox_ros_driver2/lib/python3.8/site-packages/livox_ros_driver2/__init__.py'...
[10.042s] -- Up-to-date: /home/jetson/slash_ws/install/livox_ros_driver2/share/livox_ros_driver2/cmake/livox_interfaces2__rosidl_generator_cExport.cmake
[10.042s] -- Installing: /home/jetson/slash_ws/install/livox_ros_driver2/share/livox_ros_driver2/cmake/livox_interfaces2__rosidl_generator_cExport-noconfig.cmake
[10.043s] -- Up-to-date: /home/jetson/slash_ws/install/livox_ros_driver2/share/livox_ros_driver2/cmake/livox_interfaces2__rosidl_typesupport_introspection_cExport.cmake
[10.043s] -- Installing: /home/jetson/slash_ws/install/livox_ros_driver2/share/livox_ros_driver2/cmake/livox_interfaces2__rosidl_typesupport_introspection_cExport-noconfig.cmake
[10.043s] -- Up-to-date: /home/jetson/slash_ws/install/livox_ros_driver2/share/livox_ros_driver2/cmake/livox_interfaces2__rosidl_typesupport_cExport.cmake
[10.043s] -- Installing: /home/jetson/slash_ws/install/livox_ros_driver2/share/livox_ros_driver2/cmake/livox_interfaces2__rosidl_typesupport_cExport-noconfig.cmake
[10.043s] -- Up-to-date: /home/jetson/slash_ws/install/livox_ros_driver2/share/livox_ros_driver2/cmake/livox_interfaces2__rosidl_generator_cppExport.cmake
[10.044s] -- Up-to-date: /home/jetson/slash_ws/install/livox_ros_driver2/share/livox_ros_driver2/cmake/livox_interfaces2__rosidl_typesupport_introspection_cppExport.cmake
[10.044s] -- Installing: /home/jetson/slash_ws/install/livox_ros_driver2/share/livox_ros_driver2/cmake/livox_interfaces2__rosidl_typesupport_introspection_cppExport-noconfig.cmake
[10.044s] -- Up-to-date: /home/jetson/slash_ws/install/livox_ros_driver2/share/livox_ros_driver2/cmake/livox_interfaces2__rosidl_typesupport_cppExport.cmake
[10.044s] -- Installing: /home/jetson/slash_ws/install/livox_ros_driver2/share/livox_ros_driver2/cmake/livox_interfaces2__rosidl_typesupport_cppExport-noconfig.cmake
[10.051s] Invoked command in '/home/jetson/slash_ws/build/livox_ros_driver2' returned '0': CMAKE_PREFIX_PATH=${CMAKE_PREFIX_PATH}:/home/jetson/slash_ws/install/f1tenth_stack:/home/jetson/slash_ws/install/twist_to_ackermann:/home/jetson/slash_ws/install/joy_teleop:/home/jetson/slash_ws/install/slash_sysid:/home/jetson/slash_ws/install/slash_safety:/home/jetson/slash_ws/install/roboracer_china_2025:/home/jetson/slash_ws/install/obstacle_tracker:/home/jetson/slash_ws/install/multilayer_scan:/home/jetson/slash_ws/install/mouse_teleop:/home/jetson/slash_ws/install/key_teleop:/opt/ros/foxy /usr/bin/cmake --install /home/jetson/slash_ws/build/livox_ros_driver2
