[4.548s] Invoking command in '/home/jetson/slash_ws/build/slash_safety': PYTHONPATH=/home/jetson/slash_ws/build/slash_safety/prefix_override:/usr/lib/python3/dist-packages/colcon_core/task/python/colcon_distutils_commands:/home/jetson/slash_ws/install/slash_safety/lib/python3.8/site-packages:${PYTHONPATH} /usr/bin/python3 -W ignore:setup.py install is deprecated -W ignore:easy_install command is deprecated setup.py develop --uninstall --editable --build-directory /home/jetson/slash_ws/build/slash_safety/build
[5.479s] running develop
[5.987s] Removing /home/jetson/slash_ws/install/slash_safety/lib/python3.8/site-packages/slash-safety.egg-link (link to .)
[6.230s] Invoked command in '/home/jetson/slash_ws/build/slash_safety' returned '0': PYTHONPATH=/home/jetson/slash_ws/build/slash_safety/prefix_override:/usr/lib/python3/dist-packages/colcon_core/task/python/colcon_distutils_commands:/home/jetson/slash_ws/install/slash_safety/lib/python3.8/site-packages:${PYTHONPATH} /usr/bin/python3 -W ignore:setup.py install is deprecated -W ignore:easy_install command is deprecated setup.py develop --uninstall --editable --build-directory /home/jetson/slash_ws/build/slash_safety/build
[6.232s] Invoking command in '/home/jetson/slash_ws/src/slash_safety': PYTHONPATH=/home/jetson/slash_ws/build/slash_safety/prefix_override:/usr/lib/python3/dist-packages/colcon_core/task/python/colcon_distutils_commands:/home/jetson/slash_ws/install/slash_safety/lib/python3.8/site-packages:${PYTHONPATH} /usr/bin/python3 -W ignore:setup.py install is deprecated -W ignore:easy_install command is deprecated setup.py egg_info --egg-base ../../build/slash_safety build --build-base /home/jetson/slash_ws/build/slash_safety/build install --record /home/jetson/slash_ws/build/slash_safety/install.log --single-version-externally-managed install_data --force
[7.132s] running egg_info
[7.160s] writing ../../build/slash_safety/slash_safety.egg-info/PKG-INFO
[7.161s] writing dependency_links to ../../build/slash_safety/slash_safety.egg-info/dependency_links.txt
[7.161s] writing entry points to ../../build/slash_safety/slash_safety.egg-info/entry_points.txt
[7.161s] writing requirements to ../../build/slash_safety/slash_safety.egg-info/requires.txt
[7.162s] writing top-level names to ../../build/slash_safety/slash_safety.egg-info/top_level.txt
[7.215s] reading manifest file '../../build/slash_safety/slash_safety.egg-info/SOURCES.txt'
[7.217s] writing manifest file '../../build/slash_safety/slash_safety.egg-info/SOURCES.txt'
[7.217s] running build
[7.217s] running build_py
[7.217s] copying slash_safety/ggv_shield_node.py -> /home/jetson/slash_ws/build/slash_safety/build/lib/slash_safety
[7.218s] running install
[7.228s] running install_lib
[7.251s] creating /home/jetson/slash_ws/install/slash_safety/lib/python3.8/site-packages/slash_safety
[7.251s] copying /home/jetson/slash_ws/build/slash_safety/build/lib/slash_safety/ggv_shield_node.py -> /home/jetson/slash_ws/install/slash_safety/lib/python3.8/site-packages/slash_safety
[7.251s] copying /home/jetson/slash_ws/build/slash_safety/build/lib/slash_safety/__init__.py -> /home/jetson/slash_ws/install/slash_safety/lib/python3.8/site-packages/slash_safety
[7.253s] byte-compiling /home/jetson/slash_ws/install/slash_safety/lib/python3.8/site-packages/slash_safety/ggv_shield_node.py to ggv_shield_node.cpython-38.pyc
[7.256s] byte-compiling /home/jetson/slash_ws/install/slash_safety/lib/python3.8/site-packages/slash_safety/__init__.py to __init__.cpython-38.pyc
[7.257s] running install_data
[7.257s] copying resource/slash_safety -> /home/jetson/slash_ws/install/slash_safety/share/ament_index/resource_index/packages
[7.257s] copying package.xml -> /home/jetson/slash_ws/install/slash_safety/share/slash_safety
[7.258s] copying launch/race_with_shield.launch.py -> /home/jetson/slash_ws/install/slash_safety/share/slash_safety/launch
[7.258s] copying launch/ggv_shield.launch.py -> /home/jetson/slash_ws/install/slash_safety/share/slash_safety/launch
[7.258s] copying config/ggv_shield.yaml -> /home/jetson/slash_ws/install/slash_safety/share/slash_safety/config
[7.258s] running install_egg_info
[7.285s] Copying ../../build/slash_safety/slash_safety.egg-info to /home/jetson/slash_ws/install/slash_safety/lib/python3.8/site-packages/slash_safety-0.0.1-py3.8.egg-info
[7.291s] running install_scripts
[7.444s] Installing ggv_shield_node script to /home/jetson/slash_ws/install/slash_safety/lib/slash_safety
[7.447s] writing list of installed files to '/home/jetson/slash_ws/build/slash_safety/install.log'
[7.629s] Invoked command in '/home/jetson/slash_ws/src/slash_safety' returned '0': PYTHONPATH=/home/jetson/slash_ws/build/slash_safety/prefix_override:/usr/lib/python3/dist-packages/colcon_core/task/python/colcon_distutils_commands:/home/jetson/slash_ws/install/slash_safety/lib/python3.8/site-packages:${PYTHONPATH} /usr/bin/python3 -W ignore:setup.py install is deprecated -W ignore:easy_install command is deprecated setup.py egg_info --egg-base ../../build/slash_safety build --build-base /home/jetson/slash_ws/build/slash_safety/build install --record /home/jetson/slash_ws/build/slash_safety/install.log --single-version-externally-managed install_data --force
