Performing C SOURCE FILE Test CMAKE_HAVE_LIBC_PTHREAD failed with the following output:
Change Dir: /home/jetson/slash_ws/build/linefit_ground_segmentation/CMakeFiles/CMakeTmp

Run Build Command(s):/usr/bin/make cmTC_85fa7/fast && /usr/bin/make -f CMakeFiles/cmTC_85fa7.dir/build.make CMakeFiles/cmTC_85fa7.dir/build
make[1]: 进入目录“/home/jetson/slash_ws/build/linefit_ground_segmentation/CMakeFiles/CMakeTmp”
Building C object CMakeFiles/cmTC_85fa7.dir/src.c.o
/usr/bin/cc   -DCMAKE_HAVE_LIBC_PTHREAD   -o CMakeFiles/cmTC_85fa7.dir/src.c.o   -c /home/jetson/slash_ws/build/linefit_ground_segmentation/CMakeFiles/CMakeTmp/src.c
Linking C executable cmTC_85fa7
/usr/bin/cmake -E cmake_link_script CMakeFiles/cmTC_85fa7.dir/link.txt --verbose=1
/usr/bin/cc   -DCMAKE_HAVE_LIBC_PTHREAD     CMakeFiles/cmTC_85fa7.dir/src.c.o  -o cmTC_85fa7 
/usr/bin/ld: CMakeFiles/cmTC_85fa7.dir/src.c.o: in function `main':
src.c:(.text+0x48): undefined reference to `pthread_create'
/usr/bin/ld: src.c:(.text+0x50): undefined reference to `pthread_detach'
/usr/bin/ld: src.c:(.text+0x5c): undefined reference to `pthread_join'
collect2: error: ld returned 1 exit status
make[1]: *** [CMakeFiles/cmTC_85fa7.dir/build.make:87：cmTC_85fa7] 错误 1
make[1]: 离开目录“/home/jetson/slash_ws/build/linefit_ground_segmentation/CMakeFiles/CMakeTmp”
make: *** [Makefile:121：cmTC_85fa7/fast] 错误 2


Source file was:
#include <pthread.h>

void* test_func(void* data)
{
  return data;
}

int main(void)
{
  pthread_t thread;
  pthread_create(&thread, NULL, test_func, NULL);
  pthread_detach(thread);
  pthread_join(thread, NULL);
  pthread_atfork(NULL, NULL, NULL);
  pthread_exit(NULL);

  return 0;
}

Determining if the function pthread_create exists in the pthreads failed with the following output:
Change Dir: /home/jetson/slash_ws/build/linefit_ground_segmentation/CMakeFiles/CMakeTmp

Run Build Command(s):/usr/bin/make cmTC_eed3a/fast && /usr/bin/make -f CMakeFiles/cmTC_eed3a.dir/build.make CMakeFiles/cmTC_eed3a.dir/build
make[1]: 进入目录“/home/jetson/slash_ws/build/linefit_ground_segmentation/CMakeFiles/CMakeTmp”
Building C object CMakeFiles/cmTC_eed3a.dir/CheckFunctionExists.c.o
/usr/bin/cc   -DCHECK_FUNCTION_EXISTS=pthread_create   -o CMakeFiles/cmTC_eed3a.dir/CheckFunctionExists.c.o   -c /usr/share/cmake-3.16/Modules/CheckFunctionExists.c
Linking C executable cmTC_eed3a
/usr/bin/cmake -E cmake_link_script CMakeFiles/cmTC_eed3a.dir/link.txt --verbose=1
/usr/bin/cc   -DCHECK_FUNCTION_EXISTS=pthread_create     CMakeFiles/cmTC_eed3a.dir/CheckFunctionExists.c.o  -o cmTC_eed3a  -lpthreads 
/usr/bin/ld: 找不到 -lpthreads
collect2: error: ld returned 1 exit status
make[1]: *** [CMakeFiles/cmTC_eed3a.dir/build.make:87：cmTC_eed3a] 错误 1
make[1]: 离开目录“/home/jetson/slash_ws/build/linefit_ground_segmentation/CMakeFiles/CMakeTmp”
make: *** [Makefile:121：cmTC_eed3a/fast] 错误 2



