[0.337s] DEBUG:colcon:Command line arguments: ['/usr/bin/colcon', 'build']
[0.338s] DEBUG:colcon:Parsed command line arguments: Namespace(allow_overriding=[], ament_cmake_args=None, base_paths=['.'], build_base='build', catkin_cmake_args=None, catkin_skip_building_tests=False, cmake_args=None, cmake_clean_cache=False, cmake_clean_first=False, cmake_force_configure=False, cmake_target=None, cmake_target_skip_unavailable=False, continue_on_error=False, event_handlers=None, executor='parallel', ignore_user_meta=False, install_base='install', log_base=None, log_level=None, main=<bound method BuildVerb.main of <colcon_core.verb.build.BuildVerb object at 0xffff9cab9ac0>>, merge_install=False, metas=['./colcon.meta'], packages_above=None, packages_above_and_dependencies=None, packages_above_depth=None, packages_end=None, packages_ignore=None, packages_ignore_regex=None, packages_select=None, packages_select_build_failed=False, packages_select_by_dep=None, packages_select_regex=None, packages_select_test_failures=False, packages_skip=None, packages_skip_build_finished=False, packages_skip_by_dep=None, packages_skip_regex=None, packages_skip_test_passed=False, packages_skip_up_to=None, packages_start=None, packages_up_to=None, packages_up_to_regex=None, parallel_workers=8, paths=None, symlink_install=False, test_result_base=None, verb_extension=<colcon_core.verb.build.BuildVerb object at 0xffff9cab9ac0>, verb_name='build', verb_parser=<colcon_defaults.argument_parser.defaults.DefaultArgumentsDecorator object at 0xffff9c8eae50>)
[0.597s] Level 1:colcon.colcon_core.package_discovery:discover_packages(colcon_meta) check parameters
[0.597s] Level 1:colcon.colcon_core.package_discovery:discover_packages(recursive) check parameters
[0.597s] Level 1:colcon.colcon_core.package_discovery:discover_packages(ignore) check parameters
[0.597s] Level 1:colcon.colcon_core.package_discovery:discover_packages(path) check parameters
[0.597s] Level 1:colcon.colcon_core.package_discovery:discover_packages(colcon_meta) discover
[0.598s] Level 1:colcon.colcon_core.package_discovery:discover_packages(recursive) discover
[0.598s] INFO:colcon.colcon_core.package_discovery:Crawling recursively for packages in '/home/jetson/slash_ws/src/slash_controller/simple_mpc'
[0.598s] Level 1:colcon.colcon_core.package_identification:_identify(.) by extensions ['ignore', 'ignore_ament_install']
[0.598s] Level 1:colcon.colcon_core.package_identification:_identify(.) by extension 'ignore'
[0.598s] Level 1:colcon.colcon_core.package_identification:_identify(.) by extension 'ignore_ament_install'
[0.598s] Level 1:colcon.colcon_core.package_identification:_identify(.) by extensions ['colcon_pkg']
[0.598s] Level 1:colcon.colcon_core.package_identification:_identify(.) by extension 'colcon_pkg'
[0.598s] Level 1:colcon.colcon_core.package_identification:_identify(.) by extensions ['colcon_meta']
[0.598s] Level 1:colcon.colcon_core.package_identification:_identify(.) by extension 'colcon_meta'
[0.599s] Level 1:colcon.colcon_core.package_identification:_identify(.) by extensions ['ros']
[0.599s] Level 1:colcon.colcon_core.package_identification:_identify(.) by extension 'ros'
[0.622s] DEBUG:colcon.colcon_core.package_identification:Package '.' with type 'ros.ament_cmake' and name 'simple_mpc'
[0.622s] Level 1:colcon.colcon_core.package_discovery:discover_packages(recursive) using defaults
[0.622s] Level 1:colcon.colcon_core.package_discovery:discover_packages(ignore) discover
[0.622s] Level 1:colcon.colcon_core.package_discovery:discover_packages(ignore) using defaults
[0.622s] Level 1:colcon.colcon_core.package_discovery:discover_packages(path) discover
[0.622s] Level 1:colcon.colcon_core.package_discovery:discover_packages(path) using defaults
[0.649s] Level 1:colcon.colcon_core.package_discovery:discover_packages(prefix_path) check parameters
[0.649s] Level 1:colcon.colcon_core.package_discovery:discover_packages(prefix_path) discover
[0.653s] DEBUG:colcon.colcon_installed_package_information.package_discovery:Found 303 installed packages in /opt/ros/foxy
[0.683s] Level 1:colcon.colcon_core.package_discovery:discover_packages(prefix_path) using defaults
[0.789s] Level 5:colcon.colcon_core.verb:set package 'simple_mpc' build argument 'cmake_args' from command line to 'None'
[0.790s] Level 5:colcon.colcon_core.verb:set package 'simple_mpc' build argument 'cmake_target' from command line to 'None'
[0.790s] Level 5:colcon.colcon_core.verb:set package 'simple_mpc' build argument 'cmake_target_skip_unavailable' from command line to 'False'
[0.790s] Level 5:colcon.colcon_core.verb:set package 'simple_mpc' build argument 'cmake_clean_cache' from command line to 'False'
[0.790s] Level 5:colcon.colcon_core.verb:set package 'simple_mpc' build argument 'cmake_clean_first' from command line to 'False'
[0.790s] Level 5:colcon.colcon_core.verb:set package 'simple_mpc' build argument 'cmake_force_configure' from command line to 'False'
[0.790s] Level 5:colcon.colcon_core.verb:set package 'simple_mpc' build argument 'ament_cmake_args' from command line to 'None'
[0.790s] Level 5:colcon.colcon_core.verb:set package 'simple_mpc' build argument 'catkin_cmake_args' from command line to 'None'
[0.790s] Level 5:colcon.colcon_core.verb:set package 'simple_mpc' build argument 'catkin_skip_building_tests' from command line to 'False'
[0.790s] DEBUG:colcon.colcon_core.verb:Building package 'simple_mpc' with the following arguments: {'ament_cmake_args': None, 'build_base': '/home/jetson/slash_ws/src/slash_controller/simple_mpc/build/simple_mpc', 'catkin_cmake_args': None, 'catkin_skip_building_tests': False, 'cmake_args': None, 'cmake_clean_cache': False, 'cmake_clean_first': False, 'cmake_force_configure': False, 'cmake_target': None, 'cmake_target_skip_unavailable': False, 'install_base': '/home/jetson/slash_ws/src/slash_controller/simple_mpc/install/simple_mpc', 'merge_install': False, 'path': '/home/jetson/slash_ws/src/slash_controller/simple_mpc', 'symlink_install': False, 'test_result_base': None}
[0.790s] INFO:colcon.colcon_core.executor:Executing jobs using 'parallel' executor
[0.793s] DEBUG:colcon.colcon_parallel_executor.executor.parallel:run_until_complete
[0.793s] INFO:colcon.colcon_ros.task.ament_cmake.build:Building ROS package in '/home/jetson/slash_ws/src/slash_controller/simple_mpc' with build type 'ament_cmake'
[0.793s] INFO:colcon.colcon_cmake.task.cmake.build:Building CMake package in '/home/jetson/slash_ws/src/slash_controller/simple_mpc'
[0.797s] INFO:colcon.colcon_core.plugin_system:Skipping extension 'colcon_core.shell.bat': Not used on non-Windows systems
[0.797s] INFO:colcon.colcon_core.shell:Skip shell extension 'powershell' for command environment: Not usable outside of PowerShell
[0.797s] DEBUG:colcon.colcon_core.shell:Skip shell extension 'dsv' for command environment
[0.817s] DEBUG:colcon.colcon_core.event_handler.log_command:Invoking command in '/home/jetson/slash_ws/src/slash_controller/simple_mpc/build/simple_mpc': CMAKE_PREFIX_PATH=/opt/ros/foxy /usr/bin/cmake --build /home/jetson/slash_ws/src/slash_controller/simple_mpc/build/simple_mpc -- -j8 -l8
[0.863s] DEBUG:colcon.colcon_core.event_handler.log_command:Invoked command in '/home/jetson/slash_ws/src/slash_controller/simple_mpc/build/simple_mpc' returned '0': CMAKE_PREFIX_PATH=/opt/ros/foxy /usr/bin/cmake --build /home/jetson/slash_ws/src/slash_controller/simple_mpc/build/simple_mpc -- -j8 -l8
[0.884s] DEBUG:colcon.colcon_core.event_handler.log_command:Invoking command in '/home/jetson/slash_ws/src/slash_controller/simple_mpc/build/simple_mpc': CMAKE_PREFIX_PATH=/opt/ros/foxy /usr/bin/cmake --install /home/jetson/slash_ws/src/slash_controller/simple_mpc/build/simple_mpc
[0.900s] Level 1:colcon.colcon_core.environment:create_environment_scripts_only(simple_mpc)
[0.901s] DEBUG:colcon.colcon_core.event_handler.log_command:Invoked command in '/home/jetson/slash_ws/src/slash_controller/simple_mpc/build/simple_mpc' returned '0': CMAKE_PREFIX_PATH=/opt/ros/foxy /usr/bin/cmake --install /home/jetson/slash_ws/src/slash_controller/simple_mpc/build/simple_mpc
[0.906s] Level 1:colcon.colcon_core.environment:checking '/home/jetson/slash_ws/src/slash_controller/simple_mpc/install/simple_mpc' for CMake module files
[0.907s] Level 1:colcon.colcon_core.environment:checking '/home/jetson/slash_ws/src/slash_controller/simple_mpc/install/simple_mpc' for CMake config files
[0.908s] Level 1:colcon.colcon_core.shell:create_environment_hook('simple_mpc', 'cmake_prefix_path')
[0.908s] INFO:colcon.colcon_core.shell:Creating environment hook '/home/jetson/slash_ws/src/slash_controller/simple_mpc/install/simple_mpc/share/simple_mpc/hook/cmake_prefix_path.ps1'
[0.910s] INFO:colcon.colcon_core.shell:Creating environment descriptor '/home/jetson/slash_ws/src/slash_controller/simple_mpc/install/simple_mpc/share/simple_mpc/hook/cmake_prefix_path.dsv'
[0.911s] INFO:colcon.colcon_core.shell:Creating environment hook '/home/jetson/slash_ws/src/slash_controller/simple_mpc/install/simple_mpc/share/simple_mpc/hook/cmake_prefix_path.sh'
[0.913s] Level 1:colcon.colcon_core.environment:checking '/home/jetson/slash_ws/src/slash_controller/simple_mpc/install/simple_mpc/lib'
[0.913s] Level 1:colcon.colcon_core.environment:checking '/home/jetson/slash_ws/src/slash_controller/simple_mpc/install/simple_mpc/bin'
[0.913s] Level 1:colcon.colcon_core.environment:checking '/home/jetson/slash_ws/src/slash_controller/simple_mpc/install/simple_mpc/lib/pkgconfig/simple_mpc.pc'
[0.914s] Level 1:colcon.colcon_core.environment:checking '/home/jetson/slash_ws/src/slash_controller/simple_mpc/install/simple_mpc/lib/python3.8/site-packages'
[0.914s] Level 1:colcon.colcon_core.environment:checking '/home/jetson/slash_ws/src/slash_controller/simple_mpc/install/simple_mpc/bin'
[0.915s] INFO:colcon.colcon_core.shell:Creating package script '/home/jetson/slash_ws/src/slash_controller/simple_mpc/install/simple_mpc/share/simple_mpc/package.ps1'
[0.917s] INFO:colcon.colcon_core.shell:Creating package descriptor '/home/jetson/slash_ws/src/slash_controller/simple_mpc/install/simple_mpc/share/simple_mpc/package.dsv'
[0.919s] INFO:colcon.colcon_core.shell:Creating package script '/home/jetson/slash_ws/src/slash_controller/simple_mpc/install/simple_mpc/share/simple_mpc/package.sh'
[0.920s] INFO:colcon.colcon_core.shell:Creating package script '/home/jetson/slash_ws/src/slash_controller/simple_mpc/install/simple_mpc/share/simple_mpc/package.bash'
[0.922s] INFO:colcon.colcon_core.shell:Creating package script '/home/jetson/slash_ws/src/slash_controller/simple_mpc/install/simple_mpc/share/simple_mpc/package.zsh'
[0.923s] Level 1:colcon.colcon_core.environment:create_file_with_runtime_dependencies(/home/jetson/slash_ws/src/slash_controller/simple_mpc/install/simple_mpc/share/colcon-core/packages/simple_mpc)
[0.924s] Level 1:colcon.colcon_core.environment:create_environment_scripts_only(simple_mpc)
[0.925s] Level 1:colcon.colcon_core.environment:checking '/home/jetson/slash_ws/src/slash_controller/simple_mpc/install/simple_mpc' for CMake module files
[0.926s] Level 1:colcon.colcon_core.environment:checking '/home/jetson/slash_ws/src/slash_controller/simple_mpc/install/simple_mpc' for CMake config files
[0.926s] Level 1:colcon.colcon_core.shell:create_environment_hook('simple_mpc', 'cmake_prefix_path')
[0.927s] INFO:colcon.colcon_core.shell:Creating environment hook '/home/jetson/slash_ws/src/slash_controller/simple_mpc/install/simple_mpc/share/simple_mpc/hook/cmake_prefix_path.ps1'
[0.927s] INFO:colcon.colcon_core.shell:Creating environment descriptor '/home/jetson/slash_ws/src/slash_controller/simple_mpc/install/simple_mpc/share/simple_mpc/hook/cmake_prefix_path.dsv'
[0.928s] INFO:colcon.colcon_core.shell:Creating environment hook '/home/jetson/slash_ws/src/slash_controller/simple_mpc/install/simple_mpc/share/simple_mpc/hook/cmake_prefix_path.sh'
[0.929s] Level 1:colcon.colcon_core.environment:checking '/home/jetson/slash_ws/src/slash_controller/simple_mpc/install/simple_mpc/lib'
[0.930s] Level 1:colcon.colcon_core.environment:checking '/home/jetson/slash_ws/src/slash_controller/simple_mpc/install/simple_mpc/bin'
[0.930s] Level 1:colcon.colcon_core.environment:checking '/home/jetson/slash_ws/src/slash_controller/simple_mpc/install/simple_mpc/lib/pkgconfig/simple_mpc.pc'
[0.930s] Level 1:colcon.colcon_core.environment:checking '/home/jetson/slash_ws/src/slash_controller/simple_mpc/install/simple_mpc/lib/python3.8/site-packages'
[0.930s] Level 1:colcon.colcon_core.environment:checking '/home/jetson/slash_ws/src/slash_controller/simple_mpc/install/simple_mpc/bin'
[0.931s] INFO:colcon.colcon_core.shell:Creating package script '/home/jetson/slash_ws/src/slash_controller/simple_mpc/install/simple_mpc/share/simple_mpc/package.ps1'
[0.933s] INFO:colcon.colcon_core.shell:Creating package descriptor '/home/jetson/slash_ws/src/slash_controller/simple_mpc/install/simple_mpc/share/simple_mpc/package.dsv'
[0.934s] INFO:colcon.colcon_core.shell:Creating package script '/home/jetson/slash_ws/src/slash_controller/simple_mpc/install/simple_mpc/share/simple_mpc/package.sh'
[0.935s] INFO:colcon.colcon_core.shell:Creating package script '/home/jetson/slash_ws/src/slash_controller/simple_mpc/install/simple_mpc/share/simple_mpc/package.bash'
[0.936s] INFO:colcon.colcon_core.shell:Creating package script '/home/jetson/slash_ws/src/slash_controller/simple_mpc/install/simple_mpc/share/simple_mpc/package.zsh'
[0.937s] Level 1:colcon.colcon_core.environment:create_file_with_runtime_dependencies(/home/jetson/slash_ws/src/slash_controller/simple_mpc/install/simple_mpc/share/colcon-core/packages/simple_mpc)
[0.937s] DEBUG:colcon.colcon_parallel_executor.executor.parallel:closing loop
[0.938s] DEBUG:colcon.colcon_parallel_executor.executor.parallel:loop closed
[0.938s] DEBUG:colcon.colcon_parallel_executor.executor.parallel:run_until_complete finished with '0'
[0.938s] DEBUG:colcon.colcon_core.event_reactor:joining thread
[0.950s] INFO:colcon.colcon_core.plugin_system:Skipping extension 'colcon_notification.desktop_notification.terminal_notifier': Not used on non-Darwin systems
[0.950s] INFO:colcon.colcon_core.plugin_system:Skipping extension 'colcon_notification.desktop_notification.win32': Not used on non-Windows systems
[0.950s] INFO:colcon.colcon_notification.desktop_notification:Sending desktop notification using 'notify2'
[0.985s] DEBUG:colcon.colcon_core.event_reactor:joined thread
[0.987s] INFO:colcon.colcon_core.shell:Creating prefix script '/home/jetson/slash_ws/src/slash_controller/simple_mpc/install/local_setup.ps1'
[0.989s] INFO:colcon.colcon_core.shell:Creating prefix util module '/home/jetson/slash_ws/src/slash_controller/simple_mpc/install/_local_setup_util_ps1.py'
[0.991s] INFO:colcon.colcon_core.shell:Creating prefix chain script '/home/jetson/slash_ws/src/slash_controller/simple_mpc/install/setup.ps1'
[0.993s] INFO:colcon.colcon_core.shell:Creating prefix script '/home/jetson/slash_ws/src/slash_controller/simple_mpc/install/local_setup.sh'
[0.994s] INFO:colcon.colcon_core.shell:Creating prefix util module '/home/jetson/slash_ws/src/slash_controller/simple_mpc/install/_local_setup_util_sh.py'
[0.995s] INFO:colcon.colcon_core.shell:Creating prefix chain script '/home/jetson/slash_ws/src/slash_controller/simple_mpc/install/setup.sh'
[0.997s] INFO:colcon.colcon_core.shell:Creating prefix script '/home/jetson/slash_ws/src/slash_controller/simple_mpc/install/local_setup.bash'
[0.998s] INFO:colcon.colcon_core.shell:Creating prefix chain script '/home/jetson/slash_ws/src/slash_controller/simple_mpc/install/setup.bash'
[1.000s] INFO:colcon.colcon_core.shell:Creating prefix script '/home/jetson/slash_ws/src/slash_controller/simple_mpc/install/local_setup.zsh'
[1.001s] INFO:colcon.colcon_core.shell:Creating prefix chain script '/home/jetson/slash_ws/src/slash_controller/simple_mpc/install/setup.zsh'
