[0.034s] Invoking command in '/home/jetson/slash_ws/src/slash_controller/simple_mpc/build/simple_mpc': CMAKE_PREFIX_PATH=/opt/ros/foxy /usr/bin/cmake --build /home/jetson/slash_ws/src/slash_controller/simple_mpc/build/simple_mpc -- -j8 -l8
[0.154s] -- The C compiler identification is GNU 9.4.0
[0.236s] -- The CXX compiler identification is GNU 9.4.0
[0.242s] -- Check for working C compiler: /usr/bin/cc
[0.365s] -- Check for working C compiler: /usr/bin/cc -- works
[0.367s] -- Detecting C compiler ABI info
[0.484s] -- Detecting C compiler ABI info - done
[0.505s] -- Detecting C compile features
[0.506s] -- Detecting C compile features - done
[0.511s] -- Check for working CXX compiler: /usr/bin/c++
[0.652s] -- Check for working CXX compiler: /usr/bin/c++ -- works
[0.653s] -- Detecting CXX compiler ABI info
[0.788s] -- Detecting CXX compiler ABI info - done
[0.814s] -- Detecting CXX compile features
[0.815s] -- Detecting CXX compile features - done
[0.817s] -- Found ament_cmake: 0.9.12 (/opt/ros/foxy/share/ament_cmake/cmake)
[0.854s] -- Using PYTHON_EXECUTABLE: /usr/bin/python3
[1.164s] -- Found rclpy: 1.0.13 (/opt/ros/foxy/share/rclpy/cmake)
[1.164s] -- Found ament_lint_auto: 0.9.8 (/opt/ros/foxy/share/ament_lint_auto/cmake)
[1.289s] -- Added test 'copyright' to check source files copyright and LICENSE
[1.311s] -- Added test 'cppcheck' to perform static code analysis on C / C++ code
[1.311s] -- Configured cppcheck include dirs: 
[1.311s] -- Configured cppcheck exclude dirs and/or files: 
[1.328s] -- Added test 'cpplint' to check C / C++ code against the Google style
[1.328s] -- Configured cpplint exclude dirs and/or files: 
[1.330s] -- Added test 'flake8' to check Python code syntax and style conventions
[1.334s] -- Added test 'lint_cmake' to check CMake code style
[1.337s] -- Added test 'pep257' to check Python code against some of the style conventions in PEP 257
[1.353s] -- Added test 'uncrustify' to check C / C++ code style
[1.353s] -- Configured uncrustify additional arguments: 
[1.355s] -- Added test 'xmllint' to check XML markup files
[1.359s] -- Configuring done
[1.365s] -- Generating done
[1.368s] -- Build files have been written to: /home/jetson/slash_ws/src/slash_controller/simple_mpc/build/simple_mpc
[1.414s] Invoked command in '/home/jetson/slash_ws/src/slash_controller/simple_mpc/build/simple_mpc' returned '0': CMAKE_PREFIX_PATH=/opt/ros/foxy /usr/bin/cmake --build /home/jetson/slash_ws/src/slash_controller/simple_mpc/build/simple_mpc -- -j8 -l8
[1.446s] Invoking command in '/home/jetson/slash_ws/src/slash_controller/simple_mpc/build/simple_mpc': CMAKE_PREFIX_PATH=/opt/ros/foxy /usr/bin/cmake --install /home/jetson/slash_ws/src/slash_controller/simple_mpc/build/simple_mpc
[1.462s] -- Install configuration: ""
[1.462s] -- Installing: /home/jetson/slash_ws/src/slash_controller/simple_mpc/install/simple_mpc/lib/simple_mpc/mpc_node.py
[1.463s] -- Up-to-date: /home/jetson/slash_ws/src/slash_controller/simple_mpc/install/simple_mpc/share/simple_mpc/waypoints
[1.463s] -- Up-to-date: /home/jetson/slash_ws/src/slash_controller/simple_mpc/install/simple_mpc/share/simple_mpc/waypoints/test_waypoints.csv
[1.463s] -- Up-to-date: /home/jetson/slash_ws/src/slash_controller/simple_mpc/install/simple_mpc/share/simple_mpc/rviz
[1.463s] -- Up-to-date: /home/jetson/slash_ws/src/slash_controller/simple_mpc/install/simple_mpc/share/simple_mpc/rviz/mpc.rviz
[1.463s] -- Up-to-date: /home/jetson/slash_ws/src/slash_controller/simple_mpc/install/simple_mpc/share/ament_index/resource_index/package_run_dependencies/simple_mpc
[1.464s] -- Up-to-date: /home/jetson/slash_ws/src/slash_controller/simple_mpc/install/simple_mpc/share/ament_index/resource_index/parent_prefix_path/simple_mpc
[1.464s] -- Up-to-date: /home/jetson/slash_ws/src/slash_controller/simple_mpc/install/simple_mpc/share/simple_mpc/environment/ament_prefix_path.sh
[1.464s] -- Installing: /home/jetson/slash_ws/src/slash_controller/simple_mpc/install/simple_mpc/share/simple_mpc/environment/ament_prefix_path.dsv
[1.464s] -- Up-to-date: /home/jetson/slash_ws/src/slash_controller/simple_mpc/install/simple_mpc/share/simple_mpc/environment/path.sh
[1.464s] -- Installing: /home/jetson/slash_ws/src/slash_controller/simple_mpc/install/simple_mpc/share/simple_mpc/environment/path.dsv
[1.464s] -- Up-to-date: /home/jetson/slash_ws/src/slash_controller/simple_mpc/install/simple_mpc/share/simple_mpc/local_setup.bash
[1.464s] -- Up-to-date: /home/jetson/slash_ws/src/slash_controller/simple_mpc/install/simple_mpc/share/simple_mpc/local_setup.sh
[1.464s] -- Up-to-date: /home/jetson/slash_ws/src/slash_controller/simple_mpc/install/simple_mpc/share/simple_mpc/local_setup.zsh
[1.465s] -- Installing: /home/jetson/slash_ws/src/slash_controller/simple_mpc/install/simple_mpc/share/simple_mpc/local_setup.dsv
[1.465s] -- Installing: /home/jetson/slash_ws/src/slash_controller/simple_mpc/install/simple_mpc/share/simple_mpc/package.dsv
[1.465s] -- Up-to-date: /home/jetson/slash_ws/src/slash_controller/simple_mpc/install/simple_mpc/share/ament_index/resource_index/packages/simple_mpc
[1.465s] -- Up-to-date: /home/jetson/slash_ws/src/slash_controller/simple_mpc/install/simple_mpc/share/simple_mpc/cmake/simple_mpcConfig.cmake
[1.465s] -- Up-to-date: /home/jetson/slash_ws/src/slash_controller/simple_mpc/install/simple_mpc/share/simple_mpc/cmake/simple_mpcConfig-version.cmake
[1.465s] -- Up-to-date: /home/jetson/slash_ws/src/slash_controller/simple_mpc/install/simple_mpc/share/simple_mpc/package.xml
[1.470s] Invoked command in '/home/jetson/slash_ws/src/slash_controller/simple_mpc/build/simple_mpc' returned '0': CMAKE_PREFIX_PATH=/opt/ros/foxy /usr/bin/cmake --install /home/jetson/slash_ws/src/slash_controller/simple_mpc/build/simple_mpc
