running develop
running egg_info
creating slash_distill.egg-info
writing slash_distill.egg-info/PKG-INFO
writing dependency_links to slash_distill.egg-info/dependency_links.txt
writing entry points to slash_distill.egg-info/entry_points.txt
writing requirements to slash_distill.egg-info/requires.txt
writing top-level names to slash_distill.egg-info/top_level.txt
writing manifest file 'slash_distill.egg-info/SOURCES.txt'
reading manifest file 'slash_distill.egg-info/SOURCES.txt'
writing manifest file 'slash_distill.egg-info/SOURCES.txt'
running build_ext
Creating /home/jetson/slash_ws/install/slash_distill/lib/python3.8/site-packages/slash-distill.egg-link (link to .)
Installing collect_demos script to /home/jetson/slash_ws/install/slash_distill/lib/slash_distill
Installing dagger script to /home/jetson/slash_ws/install/slash_distill/lib/slash_distill
Installing eval_closed_loop script to /home/jetson/slash_ws/install/slash_distill/lib/slash_distill
Installing export_onnx script to /home/jetson/slash_ws/install/slash_distill/lib/slash_distill
Installing make_figures script to /home/jetson/slash_ws/install/slash_distill/lib/slash_distill
Installing run_ablations script to /home/jetson/slash_ws/install/slash_distill/lib/slash_distill
Installing student_policy_node script to /home/jetson/slash_ws/install/slash_distill/lib/slash_distill
Installing train_bc script to /home/jetson/slash_ws/install/slash_distill/lib/slash_distill

Installed /home/jetson/slash_ws/build/slash_distill
running symlink_data
creating /home/jetson/slash_ws/install/slash_distill/share/ament_index
creating /home/jetson/slash_ws/install/slash_distill/share/ament_index/resource_index
creating /home/jetson/slash_ws/install/slash_distill/share/ament_index/resource_index/packages
symbolically linking /home/jetson/slash_ws/build/slash_distill/resource/slash_distill -> /home/jetson/slash_ws/install/slash_distill/share/ament_index/resource_index/packages
symbolically linking /home/jetson/slash_ws/build/slash_distill/package.xml -> /home/jetson/slash_ws/install/slash_distill/share/slash_distill
creating /home/jetson/slash_ws/install/slash_distill/share/slash_distill/launch
symbolically linking /home/jetson/slash_ws/build/slash_distill/launch/race_student.launch.py -> /home/jetson/slash_ws/install/slash_distill/share/slash_distill/launch
creating /home/jetson/slash_ws/install/slash_distill/share/slash_distill/config
symbolically linking /home/jetson/slash_ws/build/slash_distill/config/sysid_params.yaml -> /home/jetson/slash_ws/install/slash_distill/share/slash_distill/config
symbolically linking /home/jetson/slash_ws/build/slash_distill/config/distill.yaml -> /home/jetson/slash_ws/install/slash_distill/share/slash_distill/config
