[2.148s] Invoking command in '/home/jetson/slash_ws/build/slash_distill': PYTHONPATH=/home/jetson/slash_ws/build/slash_distill/prefix_override:/usr/lib/python3/dist-packages/colcon_core/task/python/colcon_distutils_commands:/home/jetson/slash_ws/install/slash_distill/lib/python3.8/site-packages:${PYTHONPATH} /usr/bin/python3 -W ignore:setup.py install is deprecated -W ignore:easy_install command is deprecated setup.py develop --editable --build-directory /home/jetson/slash_ws/build/slash_distill/build --no-deps symlink_data
[2.807s] running develop
[3.226s] running egg_info
[3.227s] creating slash_distill.egg-info
[3.248s] writing slash_distill.egg-info/PKG-INFO
[3.249s] writing dependency_links to slash_distill.egg-info/dependency_links.txt
[3.249s] writing entry points to slash_distill.egg-info/entry_points.txt
[3.249s] writing requirements to slash_distill.egg-info/requires.txt
[3.249s] writing top-level names to slash_distill.egg-info/top_level.txt
[3.253s] writing manifest file 'slash_distill.egg-info/SOURCES.txt'
[3.299s] reading manifest file 'slash_distill.egg-info/SOURCES.txt'
[3.305s] writing manifest file 'slash_distill.egg-info/SOURCES.txt'
[3.394s] running build_ext
[3.395s] Creating /home/jetson/slash_ws/install/slash_distill/lib/python3.8/site-packages/slash-distill.egg-link (link to .)
[3.396s] Installing collect_demos script to /home/jetson/slash_ws/install/slash_distill/lib/slash_distill
[3.396s] Installing dagger script to /home/jetson/slash_ws/install/slash_distill/lib/slash_distill
[3.396s] Installing eval_closed_loop script to /home/jetson/slash_ws/install/slash_distill/lib/slash_distill
[3.397s] Installing export_onnx script to /home/jetson/slash_ws/install/slash_distill/lib/slash_distill
[3.397s] Installing make_figures script to /home/jetson/slash_ws/install/slash_distill/lib/slash_distill
[3.397s] Installing run_ablations script to /home/jetson/slash_ws/install/slash_distill/lib/slash_distill
[3.398s] Installing student_policy_node script to /home/jetson/slash_ws/install/slash_distill/lib/slash_distill
[3.398s] Installing train_bc script to /home/jetson/slash_ws/install/slash_distill/lib/slash_distill
[3.398s] 
[3.398s] Installed /home/jetson/slash_ws/build/slash_distill
[3.398s] running symlink_data
[3.399s] creating /home/jetson/slash_ws/install/slash_distill/share/ament_index
[3.399s] creating /home/jetson/slash_ws/install/slash_distill/share/ament_index/resource_index
[3.399s] creating /home/jetson/slash_ws/install/slash_distill/share/ament_index/resource_index/packages
[3.399s] symbolically linking /home/jetson/slash_ws/build/slash_distill/resource/slash_distill -> /home/jetson/slash_ws/install/slash_distill/share/ament_index/resource_index/packages
[3.399s] symbolically linking /home/jetson/slash_ws/build/slash_distill/package.xml -> /home/jetson/slash_ws/install/slash_distill/share/slash_distill
[3.399s] creating /home/jetson/slash_ws/install/slash_distill/share/slash_distill/launch
[3.400s] symbolically linking /home/jetson/slash_ws/build/slash_distill/launch/race_student.launch.py -> /home/jetson/slash_ws/install/slash_distill/share/slash_distill/launch
[3.400s] creating /home/jetson/slash_ws/install/slash_distill/share/slash_distill/config
[3.400s] symbolically linking /home/jetson/slash_ws/build/slash_distill/config/sysid_params.yaml -> /home/jetson/slash_ws/install/slash_distill/share/slash_distill/config
[3.400s] symbolically linking /home/jetson/slash_ws/build/slash_distill/config/distill.yaml -> /home/jetson/slash_ws/install/slash_distill/share/slash_distill/config
[3.575s] Invoked command in '/home/jetson/slash_ws/build/slash_distill' returned '0': PYTHONPATH=/home/jetson/slash_ws/build/slash_distill/prefix_override:/usr/lib/python3/dist-packages/colcon_core/task/python/colcon_distutils_commands:/home/jetson/slash_ws/install/slash_distill/lib/python3.8/site-packages:${PYTHONPATH} /usr/bin/python3 -W ignore:setup.py install is deprecated -W ignore:easy_install command is deprecated setup.py develop --editable --build-directory /home/jetson/slash_ws/build/slash_distill/build --no-deps symlink_data
