running develop
Removing /home/jetson/slash_ws/install/multilayer_scan/lib/python3.8/site-packages/multilayer-scan.egg-link (link to .)
running egg_info
writing ../../../build/multilayer_scan/multilayer_scan.egg-info/PKG-INFO
writing dependency_links to ../../../build/multilayer_scan/multilayer_scan.egg-info/dependency_links.txt
writing entry points to ../../../build/multilayer_scan/multilayer_scan.egg-info/entry_points.txt
writing requirements to ../../../build/multilayer_scan/multilayer_scan.egg-info/requires.txt
writing top-level names to ../../../build/multilayer_scan/multilayer_scan.egg-info/top_level.txt
reading manifest file '../../../build/multilayer_scan/multilayer_scan.egg-info/SOURCES.txt'
writing manifest file '../../../build/multilayer_scan/multilayer_scan.egg-info/SOURCES.txt'
running build
running build_py
running install
running install_lib
creating /home/jetson/slash_ws/install/multilayer_scan/lib/python3.8/site-packages/multilayer_scan
copying /home/jetson/slash_ws/build/multilayer_scan/build/lib/multilayer_scan/multilayer_scan_node.py -> /home/jetson/slash_ws/install/multilayer_scan/lib/python3.8/site-packages/multilayer_scan
copying /home/jetson/slash_ws/build/multilayer_scan/build/lib/multilayer_scan/__init__.py -> /home/jetson/slash_ws/install/multilayer_scan/lib/python3.8/site-packages/multilayer_scan
byte-compiling /home/jetson/slash_ws/install/multilayer_scan/lib/python3.8/site-packages/multilayer_scan/multilayer_scan_node.py to multilayer_scan_node.cpython-38.pyc
byte-compiling /home/jetson/slash_ws/install/multilayer_scan/lib/python3.8/site-packages/multilayer_scan/__init__.py to __init__.cpython-38.pyc
running install_data
copying resource/multilayer_scan -> /home/jetson/slash_ws/install/multilayer_scan/share/ament_index/resource_index/packages
copying package.xml -> /home/jetson/slash_ws/install/multilayer_scan/share/multilayer_scan
copying launch/race_3d.launch.py -> /home/jetson/slash_ws/install/multilayer_scan/share/multilayer_scan/launch
copying launch/multilayer_scan.launch.py -> /home/jetson/slash_ws/install/multilayer_scan/share/multilayer_scan/launch
copying config/multilayer_scan.yaml -> /home/jetson/slash_ws/install/multilayer_scan/share/multilayer_scan/config
running install_egg_info
Copying ../../../build/multilayer_scan/multilayer_scan.egg-info to /home/jetson/slash_ws/install/multilayer_scan/lib/python3.8/site-packages/multilayer_scan-0.0.1-py3.8.egg-info
running install_scripts
Installing multilayer_scan_node script to /home/jetson/slash_ws/install/multilayer_scan/lib/multilayer_scan
writing list of installed files to '/home/jetson/slash_ws/build/multilayer_scan/install.log'
