[5.665s] Invoking command in '/home/jetson/slash_ws/build/multilayer_scan': PYTHONPATH=/home/jetson/slash_ws/build/multilayer_scan/prefix_override:/usr/lib/python3/dist-packages/colcon_core/task/python/colcon_distutils_commands:/home/jetson/slash_ws/install/multilayer_scan/lib/python3.8/site-packages:${PYTHONPATH} /usr/bin/python3 -W ignore:setup.py install is deprecated -W ignore:easy_install command is deprecated setup.py develop --uninstall --editable --build-directory /home/jetson/slash_ws/build/multilayer_scan/build
[6.634s] running develop
[7.171s] Removing /home/jetson/slash_ws/install/multilayer_scan/lib/python3.8/site-packages/multilayer-scan.egg-link (link to .)
[8.255s] Invoked command in '/home/jetson/slash_ws/build/multilayer_scan' returned '0': PYTHONPATH=/home/jetson/slash_ws/build/multilayer_scan/prefix_override:/usr/lib/python3/dist-packages/colcon_core/task/python/colcon_distutils_commands:/home/jetson/slash_ws/install/multilayer_scan/lib/python3.8/site-packages:${PYTHONPATH} /usr/bin/python3 -W ignore:setup.py install is deprecated -W ignore:easy_install command is deprecated setup.py develop --uninstall --editable --build-directory /home/jetson/slash_ws/build/multilayer_scan/build
[8.261s] Invoking command in '/home/jetson/slash_ws/src/slash_perception/multilayer_scan': PYTHONPATH=/home/jetson/slash_ws/build/multilayer_scan/prefix_override:/usr/lib/python3/dist-packages/colcon_core/task/python/colcon_distutils_commands:/home/jetson/slash_ws/install/multilayer_scan/lib/python3.8/site-packages:${PYTHONPATH} /usr/bin/python3 -W ignore:setup.py install is deprecated -W ignore:easy_install command is deprecated setup.py egg_info --egg-base ../../../build/multilayer_scan build --build-base /home/jetson/slash_ws/build/multilayer_scan/build install --record /home/jetson/slash_ws/build/multilayer_scan/install.log --single-version-externally-managed install_data --force
[9.183s] running egg_info
[9.208s] writing ../../../build/multilayer_scan/multilayer_scan.egg-info/PKG-INFO
[9.208s] writing dependency_links to ../../../build/multilayer_scan/multilayer_scan.egg-info/dependency_links.txt
[9.209s] writing entry points to ../../../build/multilayer_scan/multilayer_scan.egg-info/entry_points.txt
[9.209s] writing requirements to ../../../build/multilayer_scan/multilayer_scan.egg-info/requires.txt
[9.209s] writing top-level names to ../../../build/multilayer_scan/multilayer_scan.egg-info/top_level.txt
[9.261s] reading manifest file '../../../build/multilayer_scan/multilayer_scan.egg-info/SOURCES.txt'
[9.263s] writing manifest file '../../../build/multilayer_scan/multilayer_scan.egg-info/SOURCES.txt'
[9.263s] running build
[9.264s] running build_py
[9.264s] running install
[9.275s] running install_lib
[9.299s] creating /home/jetson/slash_ws/install/multilayer_scan/lib/python3.8/site-packages/multilayer_scan
[9.299s] copying /home/jetson/slash_ws/build/multilayer_scan/build/lib/multilayer_scan/multilayer_scan_node.py -> /home/jetson/slash_ws/install/multilayer_scan/lib/python3.8/site-packages/multilayer_scan
[9.300s] copying /home/jetson/slash_ws/build/multilayer_scan/build/lib/multilayer_scan/__init__.py -> /home/jetson/slash_ws/install/multilayer_scan/lib/python3.8/site-packages/multilayer_scan
[9.302s] byte-compiling /home/jetson/slash_ws/install/multilayer_scan/lib/python3.8/site-packages/multilayer_scan/multilayer_scan_node.py to multilayer_scan_node.cpython-38.pyc
[9.305s] byte-compiling /home/jetson/slash_ws/install/multilayer_scan/lib/python3.8/site-packages/multilayer_scan/__init__.py to __init__.cpython-38.pyc
[9.306s] running install_data
[9.307s] copying resource/multilayer_scan -> /home/jetson/slash_ws/install/multilayer_scan/share/ament_index/resource_index/packages
[9.308s] copying package.xml -> /home/jetson/slash_ws/install/multilayer_scan/share/multilayer_scan
[9.310s] copying launch/race_3d.launch.py -> /home/jetson/slash_ws/install/multilayer_scan/share/multilayer_scan/launch
[9.310s] copying launch/multilayer_scan.launch.py -> /home/jetson/slash_ws/install/multilayer_scan/share/multilayer_scan/launch
[9.310s] copying config/multilayer_scan.yaml -> /home/jetson/slash_ws/install/multilayer_scan/share/multilayer_scan/config
[9.310s] running install_egg_info
[9.337s] Copying ../../../build/multilayer_scan/multilayer_scan.egg-info to /home/jetson/slash_ws/install/multilayer_scan/lib/python3.8/site-packages/multilayer_scan-0.0.1-py3.8.egg-info
[9.344s] running install_scripts
[9.521s] Installing multilayer_scan_node script to /home/jetson/slash_ws/install/multilayer_scan/lib/multilayer_scan
[9.523s] writing list of installed files to '/home/jetson/slash_ws/build/multilayer_scan/install.log'
[9.807s] Invoked command in '/home/jetson/slash_ws/src/slash_perception/multilayer_scan' returned '0': PYTHONPATH=/home/jetson/slash_ws/build/multilayer_scan/prefix_override:/usr/lib/python3/dist-packages/colcon_core/task/python/colcon_distutils_commands:/home/jetson/slash_ws/install/multilayer_scan/lib/python3.8/site-packages:${PYTHONPATH} /usr/bin/python3 -W ignore:setup.py install is deprecated -W ignore:easy_install command is deprecated setup.py egg_info --egg-base ../../../build/multilayer_scan build --build-base /home/jetson/slash_ws/build/multilayer_scan/build install --record /home/jetson/slash_ws/build/multilayer_scan/install.log --single-version-externally-managed install_data --force
