[0.525s] DEBUG:colcon:Command line arguments: ['/usr/bin/colcon', 'build', '--packages-select', 'roboracer_china_2025']
[0.525s] DEBUG:colcon:Parsed command line arguments: Namespace(allow_overriding=[], ament_cmake_args=None, base_paths=['.'], build_base='build', catkin_cmake_args=None, catkin_skip_building_tests=False, cmake_args=None, cmake_clean_cache=False, cmake_clean_first=False, cmake_force_configure=False, cmake_target=None, cmake_target_skip_unavailable=False, continue_on_error=False, event_handlers=None, executor='parallel', ignore_user_meta=False, install_base='install', log_base=None, log_level=None, main=<bound method BuildVerb.main of <colcon_core.verb.build.BuildVerb object at 0xffff8b82fee0>>, merge_install=False, metas=['./colcon.meta'], packages_above=None, packages_above_and_dependencies=None, packages_above_depth=None, packages_end=None, packages_ignore=None, packages_ignore_regex=None, packages_select=['roboracer_china_2025'], packages_select_build_failed=False, packages_select_by_dep=None, packages_select_regex=None, packages_select_test_failures=False, packages_skip=None, packages_skip_build_finished=False, packages_skip_by_dep=None, packages_skip_regex=None, packages_skip_test_passed=False, packages_skip_up_to=None, packages_start=None, packages_up_to=None, packages_up_to_regex=None, parallel_workers=8, paths=None, symlink_install=False, test_result_base=None, verb_extension=<colcon_core.verb.build.BuildVerb object at 0xffff8b82fee0>, verb_name='build', verb_parser=<colcon_defaults.argument_parser.defaults.DefaultArgumentsDecorator object at 0xffff8b83c700>)
[1.041s] Level 1:colcon.colcon_core.package_discovery:discover_packages(colcon_meta) check parameters
[1.042s] Level 1:colcon.colcon_core.package_discovery:discover_packages(recursive) check parameters
[1.042s] Level 1:colcon.colcon_core.package_discovery:discover_packages(ignore) check parameters
[1.042s] Level 1:colcon.colcon_core.package_discovery:discover_packages(path) check parameters
[1.042s] Level 1:colcon.colcon_core.package_discovery:discover_packages(colcon_meta) discover
[1.042s] Level 1:colcon.colcon_core.package_discovery:discover_packages(recursive) discover
[1.042s] INFO:colcon.colcon_core.package_discovery:Crawling recursively for packages in '/home/jetson/slash_ws/src/slash_navigation/roboracer_china_2025'
[1.042s] Level 1:colcon.colcon_core.package_identification:_identify(.) by extensions ['ignore', 'ignore_ament_install']
[1.043s] Level 1:colcon.colcon_core.package_identification:_identify(.) by extension 'ignore'
[1.043s] Level 1:colcon.colcon_core.package_identification:_identify(.) by extension 'ignore_ament_install'
[1.043s] Level 1:colcon.colcon_core.package_identification:_identify(.) by extensions ['colcon_pkg']
[1.043s] Level 1:colcon.colcon_core.package_identification:_identify(.) by extension 'colcon_pkg'
[1.043s] Level 1:colcon.colcon_core.package_identification:_identify(.) by extensions ['colcon_meta']
[1.043s] Level 1:colcon.colcon_core.package_identification:_identify(.) by extension 'colcon_meta'
[1.043s] Level 1:colcon.colcon_core.package_identification:_identify(.) by extensions ['ros']
[1.043s] Level 1:colcon.colcon_core.package_identification:_identify(.) by extension 'ros'
[1.078s] DEBUG:colcon.colcon_core.package_identification:Package '.' with type 'ros.ament_python' and name 'roboracer_china_2025'
[1.079s] Level 1:colcon.colcon_core.package_discovery:discover_packages(recursive) using defaults
[1.079s] Level 1:colcon.colcon_core.package_discovery:discover_packages(ignore) discover
[1.079s] Level 1:colcon.colcon_core.package_discovery:discover_packages(ignore) using defaults
[1.079s] Level 1:colcon.colcon_core.package_discovery:discover_packages(path) discover
[1.079s] Level 1:colcon.colcon_core.package_discovery:discover_packages(path) using defaults
[1.121s] Level 1:colcon.colcon_core.package_discovery:discover_packages(prefix_path) check parameters
[1.121s] Level 1:colcon.colcon_core.package_discovery:discover_packages(prefix_path) discover
[1.133s] DEBUG:colcon.colcon_installed_package_information.package_discovery:Found 24 installed packages in /home/jetson/slash_ws/install
[1.138s] DEBUG:colcon.colcon_installed_package_information.package_discovery:Found 283 installed packages in /opt/ros/foxy
[1.141s] Level 1:colcon.colcon_core.package_discovery:discover_packages(prefix_path) using defaults
[1.313s] Level 5:colcon.colcon_core.verb:set package 'roboracer_china_2025' build argument 'cmake_args' from command line to 'None'
[1.313s] Level 5:colcon.colcon_core.verb:set package 'roboracer_china_2025' build argument 'cmake_target' from command line to 'None'
[1.313s] Level 5:colcon.colcon_core.verb:set package 'roboracer_china_2025' build argument 'cmake_target_skip_unavailable' from command line to 'False'
[1.314s] Level 5:colcon.colcon_core.verb:set package 'roboracer_china_2025' build argument 'cmake_clean_cache' from command line to 'False'
[1.314s] Level 5:colcon.colcon_core.verb:set package 'roboracer_china_2025' build argument 'cmake_clean_first' from command line to 'False'
[1.314s] Level 5:colcon.colcon_core.verb:set package 'roboracer_china_2025' build argument 'cmake_force_configure' from command line to 'False'
[1.314s] Level 5:colcon.colcon_core.verb:set package 'roboracer_china_2025' build argument 'ament_cmake_args' from command line to 'None'
[1.314s] Level 5:colcon.colcon_core.verb:set package 'roboracer_china_2025' build argument 'catkin_cmake_args' from command line to 'None'
[1.314s] Level 5:colcon.colcon_core.verb:set package 'roboracer_china_2025' build argument 'catkin_skip_building_tests' from command line to 'False'
[1.314s] DEBUG:colcon.colcon_core.verb:Building package 'roboracer_china_2025' with the following arguments: {'ament_cmake_args': None, 'build_base': '/home/jetson/slash_ws/src/slash_navigation/roboracer_china_2025/build/roboracer_china_2025', 'catkin_cmake_args': None, 'catkin_skip_building_tests': False, 'cmake_args': None, 'cmake_clean_cache': False, 'cmake_clean_first': False, 'cmake_force_configure': False, 'cmake_target': None, 'cmake_target_skip_unavailable': False, 'install_base': '/home/jetson/slash_ws/src/slash_navigation/roboracer_china_2025/install/roboracer_china_2025', 'merge_install': False, 'path': '/home/jetson/slash_ws/src/slash_navigation/roboracer_china_2025', 'symlink_install': False, 'test_result_base': None}
[1.314s] INFO:colcon.colcon_core.executor:Executing jobs using 'parallel' executor
[1.316s] DEBUG:colcon.colcon_parallel_executor.executor.parallel:run_until_complete
[1.317s] INFO:colcon.colcon_ros.task.ament_python.build:Building ROS package in '/home/jetson/slash_ws/src/slash_navigation/roboracer_china_2025' with build type 'ament_python'
[1.317s] Level 1:colcon.colcon_core.shell:create_environment_hook('roboracer_china_2025', 'ament_prefix_path')
[1.324s] INFO:colcon.colcon_core.plugin_system:Skipping extension 'colcon_core.shell.bat': Not used on non-Windows systems
[1.324s] INFO:colcon.colcon_core.shell:Creating environment hook '/home/jetson/slash_ws/src/slash_navigation/roboracer_china_2025/install/roboracer_china_2025/share/roboracer_china_2025/hook/ament_prefix_path.ps1'
[1.326s] INFO:colcon.colcon_core.shell:Creating environment descriptor '/home/jetson/slash_ws/src/slash_navigation/roboracer_china_2025/install/roboracer_china_2025/share/roboracer_china_2025/hook/ament_prefix_path.dsv'
[1.327s] INFO:colcon.colcon_core.shell:Creating environment hook '/home/jetson/slash_ws/src/slash_navigation/roboracer_china_2025/install/roboracer_china_2025/share/roboracer_china_2025/hook/ament_prefix_path.sh'
[1.328s] INFO:colcon.colcon_core.shell:Skip shell extension 'powershell' for command environment: Not usable outside of PowerShell
[1.328s] DEBUG:colcon.colcon_core.shell:Skip shell extension 'dsv' for command environment
[2.046s] INFO:colcon.colcon_core.task.python.build:Building Python package in '/home/jetson/slash_ws/src/slash_navigation/roboracer_china_2025'
[2.047s] INFO:colcon.colcon_core.shell:Skip shell extension 'powershell' for command environment: Not usable outside of PowerShell
[2.048s] DEBUG:colcon.colcon_core.shell:Skip shell extension 'dsv' for command environment
[3.453s] DEBUG:colcon.colcon_core.event_handler.log_command:Invoking command in '/home/jetson/slash_ws/src/slash_navigation/roboracer_china_2025': PYTHONPATH=/home/jetson/slash_ws/src/slash_navigation/roboracer_china_2025/build/roboracer_china_2025/prefix_override:/usr/lib/python3/dist-packages/colcon_core/task/python/colcon_distutils_commands:/home/jetson/slash_ws/src/slash_navigation/roboracer_china_2025/install/roboracer_china_2025/lib/python3.8/site-packages:${PYTHONPATH} /usr/bin/python3 -W ignore:setup.py install is deprecated -W ignore:easy_install command is deprecated setup.py egg_info --egg-base build/roboracer_china_2025 build --build-base /home/jetson/slash_ws/src/slash_navigation/roboracer_china_2025/build/roboracer_china_2025/build install --record /home/jetson/slash_ws/src/slash_navigation/roboracer_china_2025/build/roboracer_china_2025/install.log --install-scripts $base/lib/roboracer_china_2025 --single-version-externally-managed install_data
[4.774s] DEBUG:colcon.colcon_core.event_handler.log_command:Invoked command in '/home/jetson/slash_ws/src/slash_navigation/roboracer_china_2025' returned '0': PYTHONPATH=/home/jetson/slash_ws/src/slash_navigation/roboracer_china_2025/build/roboracer_china_2025/prefix_override:/usr/lib/python3/dist-packages/colcon_core/task/python/colcon_distutils_commands:/home/jetson/slash_ws/src/slash_navigation/roboracer_china_2025/install/roboracer_china_2025/lib/python3.8/site-packages:${PYTHONPATH} /usr/bin/python3 -W ignore:setup.py install is deprecated -W ignore:easy_install command is deprecated setup.py egg_info --egg-base build/roboracer_china_2025 build --build-base /home/jetson/slash_ws/src/slash_navigation/roboracer_china_2025/build/roboracer_china_2025/build install --record /home/jetson/slash_ws/src/slash_navigation/roboracer_china_2025/build/roboracer_china_2025/install.log --install-scripts $base/lib/roboracer_china_2025 --single-version-externally-managed install_data
[4.781s] Level 1:colcon.colcon_core.environment:checking '/home/jetson/slash_ws/src/slash_navigation/roboracer_china_2025/install/roboracer_china_2025' for CMake module files
[4.782s] Level 1:colcon.colcon_core.environment:checking '/home/jetson/slash_ws/src/slash_navigation/roboracer_china_2025/install/roboracer_china_2025' for CMake config files
[4.783s] Level 1:colcon.colcon_core.environment:checking '/home/jetson/slash_ws/src/slash_navigation/roboracer_china_2025/install/roboracer_china_2025/lib'
[4.784s] Level 1:colcon.colcon_core.environment:checking '/home/jetson/slash_ws/src/slash_navigation/roboracer_china_2025/install/roboracer_china_2025/bin'
[4.784s] Level 1:colcon.colcon_core.environment:checking '/home/jetson/slash_ws/src/slash_navigation/roboracer_china_2025/install/roboracer_china_2025/lib/pkgconfig/roboracer_china_2025.pc'
[4.784s] Level 1:colcon.colcon_core.environment:checking '/home/jetson/slash_ws/src/slash_navigation/roboracer_china_2025/install/roboracer_china_2025/lib/python3.8/site-packages'
[4.784s] Level 1:colcon.colcon_core.shell:create_environment_hook('roboracer_china_2025', 'pythonpath')
[4.785s] INFO:colcon.colcon_core.shell:Creating environment hook '/home/jetson/slash_ws/src/slash_navigation/roboracer_china_2025/install/roboracer_china_2025/share/roboracer_china_2025/hook/pythonpath.ps1'
[4.786s] INFO:colcon.colcon_core.shell:Creating environment descriptor '/home/jetson/slash_ws/src/slash_navigation/roboracer_china_2025/install/roboracer_china_2025/share/roboracer_china_2025/hook/pythonpath.dsv'
[4.787s] INFO:colcon.colcon_core.shell:Creating environment hook '/home/jetson/slash_ws/src/slash_navigation/roboracer_china_2025/install/roboracer_china_2025/share/roboracer_china_2025/hook/pythonpath.sh'
[4.788s] Level 1:colcon.colcon_core.environment:checking '/home/jetson/slash_ws/src/slash_navigation/roboracer_china_2025/install/roboracer_china_2025/bin'
[4.788s] Level 1:colcon.colcon_core.environment:create_environment_scripts_only(roboracer_china_2025)
[4.789s] INFO:colcon.colcon_core.shell:Creating package script '/home/jetson/slash_ws/src/slash_navigation/roboracer_china_2025/install/roboracer_china_2025/share/roboracer_china_2025/package.ps1'
[4.791s] INFO:colcon.colcon_core.shell:Creating package descriptor '/home/jetson/slash_ws/src/slash_navigation/roboracer_china_2025/install/roboracer_china_2025/share/roboracer_china_2025/package.dsv'
[4.792s] INFO:colcon.colcon_core.shell:Creating package script '/home/jetson/slash_ws/src/slash_navigation/roboracer_china_2025/install/roboracer_china_2025/share/roboracer_china_2025/package.sh'
[4.793s] INFO:colcon.colcon_core.shell:Creating package script '/home/jetson/slash_ws/src/slash_navigation/roboracer_china_2025/install/roboracer_china_2025/share/roboracer_china_2025/package.bash'
[4.795s] INFO:colcon.colcon_core.shell:Creating package script '/home/jetson/slash_ws/src/slash_navigation/roboracer_china_2025/install/roboracer_china_2025/share/roboracer_china_2025/package.zsh'
[4.797s] Level 1:colcon.colcon_core.environment:create_file_with_runtime_dependencies(/home/jetson/slash_ws/src/slash_navigation/roboracer_china_2025/install/roboracer_china_2025/share/colcon-core/packages/roboracer_china_2025)
[4.798s] DEBUG:colcon.colcon_parallel_executor.executor.parallel:closing loop
[4.798s] DEBUG:colcon.colcon_parallel_executor.executor.parallel:loop closed
[4.799s] DEBUG:colcon.colcon_parallel_executor.executor.parallel:run_until_complete finished with '0'
[4.799s] DEBUG:colcon.colcon_core.event_reactor:joining thread
[4.810s] INFO:colcon.colcon_core.plugin_system:Skipping extension 'colcon_notification.desktop_notification.terminal_notifier': Not used on non-Darwin systems
[4.810s] INFO:colcon.colcon_core.plugin_system:Skipping extension 'colcon_notification.desktop_notification.win32': Not used on non-Windows systems
[4.810s] INFO:colcon.colcon_notification.desktop_notification:Sending desktop notification using 'notify2'
[4.849s] DEBUG:colcon.colcon_core.event_reactor:joined thread
[4.850s] INFO:colcon.colcon_core.shell:Creating prefix script '/home/jetson/slash_ws/src/slash_navigation/roboracer_china_2025/install/local_setup.ps1'
[4.852s] INFO:colcon.colcon_core.shell:Creating prefix util module '/home/jetson/slash_ws/src/slash_navigation/roboracer_china_2025/install/_local_setup_util_ps1.py'
[4.855s] INFO:colcon.colcon_core.shell:Creating prefix chain script '/home/jetson/slash_ws/src/slash_navigation/roboracer_china_2025/install/setup.ps1'
[4.859s] INFO:colcon.colcon_core.shell:Creating prefix script '/home/jetson/slash_ws/src/slash_navigation/roboracer_china_2025/install/local_setup.sh'
[4.860s] INFO:colcon.colcon_core.shell:Creating prefix util module '/home/jetson/slash_ws/src/slash_navigation/roboracer_china_2025/install/_local_setup_util_sh.py'
[4.861s] INFO:colcon.colcon_core.shell:Creating prefix chain script '/home/jetson/slash_ws/src/slash_navigation/roboracer_china_2025/install/setup.sh'
[4.865s] INFO:colcon.colcon_core.shell:Creating prefix script '/home/jetson/slash_ws/src/slash_navigation/roboracer_china_2025/install/local_setup.bash'
[4.866s] INFO:colcon.colcon_core.shell:Creating prefix chain script '/home/jetson/slash_ws/src/slash_navigation/roboracer_china_2025/install/setup.bash'
[4.869s] INFO:colcon.colcon_core.shell:Creating prefix script '/home/jetson/slash_ws/src/slash_navigation/roboracer_china_2025/install/local_setup.zsh'
[4.870s] INFO:colcon.colcon_core.shell:Creating prefix chain script '/home/jetson/slash_ws/src/slash_navigation/roboracer_china_2025/install/setup.zsh'
