[0.159s] Invoking command in '/home/jetson/slash_ws/build/costmap_converter': CMAKE_PREFIX_PATH=/home/jetson/slash_ws/install/costmap_converter_msgs:/home/jetson/slash_ws/install/vesc:/home/jetson/slash_ws/install/vesc_driver:/home/jetson/slash_ws/install/vesc_ackermann:/home/jetson/slash_ws/install/vesc_msgs:/home/jetson/slash_ws/install/teleop_tools:/home/jetson/slash_ws/install/teleop_tools_msgs:/home/jetson/slash_ws/install/teb_local_planner:/home/jetson/slash_ws/install/teb_msgs:/home/jetson/slash_ws/install/slash_nav2:/home/jetson/slash_ws/install/simple_mpc:/home/jetson/slash_ws/install/pointcloud_to_laserscan:/home/jetson/slash_ws/install/fast_lio:/home/jetson/slash_ws/install/livox_ros_driver2:/home/jetson/slash_ws/install/linefit_ground_segmentation_ros:/home/jetson/slash_ws/install/linefit_ground_segmentation:/home/jetson/slash_ws/install/costmap_converter:/home/jetson/slash_ws/install/ackermann_mux:/home/jetson/slash_ws/install/f1tenth_stack:/home/jetson/slash_ws/install/twist_to_ackermann:/home/jetson/slash_ws/install/joy_teleop:/home/jetson/slash_ws/install/mouse_teleop:/home/jetson/slash_ws/install/key_teleop:/opt/ros/foxy LD_LIBRARY_PATH=/home/jetson/slash_ws/install/costmap_converter_msgs/lib:/usr/local/cuda/lib64:/usr/local/cuda/lib64:/usr/local/cuda/lib64:/usr/local/cuda/lib64:/usr/local/cuda-11.4/lib64:/usr/local/cuda/lib64:/usr/local/cuda/lib64:/usr/local/cuda/lib64:/usr/local/cuda/lib64:/home/jetson/slash_ws/install/vesc_driver/lib:/home/jetson/slash_ws/install/vesc_ackermann/lib:/home/jetson/slash_ws/install/vesc_msgs/lib:/home/jetson/slash_ws/install/teleop_tools_msgs/lib:/home/jetson/slash_ws/install/teb_local_planner/lib:/home/jetson/slash_ws/install/teb_msgs/lib:/home/jetson/slash_ws/install/pointcloud_to_laserscan/lib:/home/jetson/slash_ws/install/fast_lio/lib:/home/jetson/slash_ws/install/livox_ros_driver2/lib:/home/jetson/slash_ws/install/linefit_ground_segmentation/lib:/home/jetson/slash_ws/install/costmap_converter/lib:/usr/lib/aarch64-linux-gnu/gazebo-11/plugins:/opt/ros/foxy/opt/yaml_cpp_vendor/lib:/opt/ros/foxy/opt/rviz_ogre_vendor/lib:/opt/ros/foxy/lib/aarch64-linux-gnu:/opt/ros/foxy/lib:/usr/local/cuda-11.4/lib64 PYTHONPATH=/home/jetson/slash_ws/install/costmap_converter_msgs/lib/python3.8/site-packages:/home/jetson/slash_ws/build/f1tenth_stack:/home/jetson/slash_ws/install/f1tenth_stack/lib/python3.8/site-packages:/home/jetson/slash_ws/install/vesc_msgs/lib/python3.8/site-packages:/home/jetson/slash_ws/build/twist_to_ackermann:/home/jetson/slash_ws/install/twist_to_ackermann/lib/python3.8/site-packages:/home/jetson/slash_ws/build/joy_teleop:/home/jetson/slash_ws/install/joy_teleop/lib/python3.8/site-packages:/home/jetson/slash_ws/install/teleop_tools_msgs/lib/python3.8/site-packages:/home/jetson/slash_ws/install/teb_msgs/lib/python3.8/site-packages:/home/jetson/slash_ws/build/mouse_teleop:/home/jetson/slash_ws/install/mouse_teleop/lib/python3.8/site-packages:/home/jetson/slash_ws/install/fast_lio/lib/python3.8/site-packages:/home/jetson/slash_ws/install/livox_ros_driver2/lib/python3.8/site-packages:/home/jetson/slash_ws/build/key_teleop:/home/jetson/slash_ws/install/key_teleop/lib/python3.8/site-packages:/opt/ros/foxy/lib/python3.8/site-packages /usr/bin/cmake /home/jetson/slash_ws/src/slash_navigation/costmap_converter/costmap_converter -DCMAKE_INSTALL_PREFIX=/home/jetson/slash_ws/install/costmap_converter
[0.613s] -- The C compiler identification is GNU 9.4.0
[0.994s] -- The CXX compiler identification is GNU 9.4.0
[1.012s] -- Check for working C compiler: /usr/bin/cc
[1.444s] -- Check for working C compiler: /usr/bin/cc -- works
[1.446s] -- Detecting C compiler ABI info
[1.833s] -- Detecting C compiler ABI info - done
[1.851s] -- Detecting C compile features
[1.868s] -- Detecting C compile features - done
[1.871s] -- Check for working CXX compiler: /usr/bin/c++
[2.282s] -- Check for working CXX compiler: /usr/bin/c++ -- works
[2.285s] -- Detecting CXX compiler ABI info
[2.853s] -- Detecting CXX compiler ABI info - done
[2.869s] -- Detecting CXX compile features
[2.904s] -- Detecting CXX compile features - done
[2.916s] -- Found ament_cmake: 0.9.12 (/opt/ros/foxy/share/ament_cmake/cmake)
[3.058s] -- Found PythonInterp: /usr/bin/python3 (found suitable version "3.8.10", minimum required is "3") 
[3.059s] -- Using PYTHON_EXECUTABLE: /usr/bin/python3
[4.162s] -- Found class_loader: 2.0.3 (/opt/ros/foxy/share/class_loader/cmake)
[4.231s] -- Found costmap_converter_msgs: 0.1.2 (/home/jetson/slash_ws/install/costmap_converter_msgs/share/costmap_converter_msgs/cmake)
[4.307s] -- Using all available rosidl_typesupport_c: rosidl_typesupport_fastrtps_c;rosidl_typesupport_introspection_c
[4.349s] -- Found rosidl_adapter: 1.3.1 (/opt/ros/foxy/share/rosidl_adapter/cmake)
[5.052s] -- Found OpenSSL: /usr/lib/aarch64-linux-gnu/libcrypto.so (found version "1.1.1f")  
[5.218s] -- Found FastRTPS: /opt/ros/foxy/include  
[5.537s] -- Using all available rosidl_typesupport_cpp: rosidl_typesupport_fastrtps_cpp;rosidl_typesupport_introspection_cpp
[6.086s] -- Found cv_bridge: 3.0.7 (/opt/ros/foxy/share/cv_bridge/cmake)
[6.394s] -- Found nav2_costmap_2d: 0.4.7 (/opt/ros/foxy/share/nav2_costmap_2d/cmake)
[8.410s] -- Found rmw_implementation_cmake: 1.0.4 (/opt/ros/foxy/share/rmw_implementation_cmake/cmake)
[8.415s] -- Using RMW implementation 'rmw_fastrtps_cpp' as default
[8.418s] -- Looking for pthread.h
[8.993s] -- Looking for pthread.h - found
[8.993s] -- Performing Test CMAKE_HAVE_LIBC_PTHREAD
[9.589s] -- Performing Test CMAKE_HAVE_LIBC_PTHREAD - Failed
[9.589s] -- Looking for pthread_create in pthreads
[10.115s] -- Looking for pthread_create in pthreads - not found
[10.117s] -- Looking for pthread_create in pthread
[10.686s] -- Looking for pthread_create in pthread - found
[10.689s] -- Found Threads: TRUE  
[12.703s] -- Found Eigen3: TRUE (found version "3.3.7") 
[14.226s] -- Found OpenCV: /usr (found version "4.5.4") 
[15.677s] -- Found ament_cmake_gtest: 0.9.12 (/opt/ros/foxy/share/ament_cmake_gtest/cmake)
[15.699s] -- Found gtest sources under '/opt/ros/foxy/src/gtest_vendor': C++ tests using 'Google Test' will be built
[15.706s] -- Check if compiler accepts -pthread
[16.321s] -- Check if compiler accepts -pthread - yes
[17.913s] -- Configuring done
[18.397s] -- Generating done
[18.652s] -- Build files have been written to: /home/jetson/slash_ws/build/costmap_converter
[18.793s] Invoked command in '/home/jetson/slash_ws/build/costmap_converter' returned '0': CMAKE_PREFIX_PATH=/home/jetson/slash_ws/install/costmap_converter_msgs:/home/jetson/slash_ws/install/vesc:/home/jetson/slash_ws/install/vesc_driver:/home/jetson/slash_ws/install/vesc_ackermann:/home/jetson/slash_ws/install/vesc_msgs:/home/jetson/slash_ws/install/teleop_tools:/home/jetson/slash_ws/install/teleop_tools_msgs:/home/jetson/slash_ws/install/teb_local_planner:/home/jetson/slash_ws/install/teb_msgs:/home/jetson/slash_ws/install/slash_nav2:/home/jetson/slash_ws/install/simple_mpc:/home/jetson/slash_ws/install/pointcloud_to_laserscan:/home/jetson/slash_ws/install/fast_lio:/home/jetson/slash_ws/install/livox_ros_driver2:/home/jetson/slash_ws/install/linefit_ground_segmentation_ros:/home/jetson/slash_ws/install/linefit_ground_segmentation:/home/jetson/slash_ws/install/costmap_converter:/home/jetson/slash_ws/install/ackermann_mux:/home/jetson/slash_ws/install/f1tenth_stack:/home/jetson/slash_ws/install/twist_to_ackermann:/home/jetson/slash_ws/install/joy_teleop:/home/jetson/slash_ws/install/mouse_teleop:/home/jetson/slash_ws/install/key_teleop:/opt/ros/foxy LD_LIBRARY_PATH=/home/jetson/slash_ws/install/costmap_converter_msgs/lib:/usr/local/cuda/lib64:/usr/local/cuda/lib64:/usr/local/cuda/lib64:/usr/local/cuda/lib64:/usr/local/cuda-11.4/lib64:/usr/local/cuda/lib64:/usr/local/cuda/lib64:/usr/local/cuda/lib64:/usr/local/cuda/lib64:/home/jetson/slash_ws/install/vesc_driver/lib:/home/jetson/slash_ws/install/vesc_ackermann/lib:/home/jetson/slash_ws/install/vesc_msgs/lib:/home/jetson/slash_ws/install/teleop_tools_msgs/lib:/home/jetson/slash_ws/install/teb_local_planner/lib:/home/jetson/slash_ws/install/teb_msgs/lib:/home/jetson/slash_ws/install/pointcloud_to_laserscan/lib:/home/jetson/slash_ws/install/fast_lio/lib:/home/jetson/slash_ws/install/livox_ros_driver2/lib:/home/jetson/slash_ws/install/linefit_ground_segmentation/lib:/home/jetson/slash_ws/install/costmap_converter/lib:/usr/lib/aarch64-linux-gnu/gazebo-11/plugins:/opt/ros/foxy/opt/yaml_cpp_vendor/lib:/opt/ros/foxy/opt/rviz_ogre_vendor/lib:/opt/ros/foxy/lib/aarch64-linux-gnu:/opt/ros/foxy/lib:/usr/local/cuda-11.4/lib64 PYTHONPATH=/home/jetson/slash_ws/install/costmap_converter_msgs/lib/python3.8/site-packages:/home/jetson/slash_ws/build/f1tenth_stack:/home/jetson/slash_ws/install/f1tenth_stack/lib/python3.8/site-packages:/home/jetson/slash_ws/install/vesc_msgs/lib/python3.8/site-packages:/home/jetson/slash_ws/build/twist_to_ackermann:/home/jetson/slash_ws/install/twist_to_ackermann/lib/python3.8/site-packages:/home/jetson/slash_ws/build/joy_teleop:/home/jetson/slash_ws/install/joy_teleop/lib/python3.8/site-packages:/home/jetson/slash_ws/install/teleop_tools_msgs/lib/python3.8/site-packages:/home/jetson/slash_ws/install/teb_msgs/lib/python3.8/site-packages:/home/jetson/slash_ws/build/mouse_teleop:/home/jetson/slash_ws/install/mouse_teleop/lib/python3.8/site-packages:/home/jetson/slash_ws/install/fast_lio/lib/python3.8/site-packages:/home/jetson/slash_ws/install/livox_ros_driver2/lib/python3.8/site-packages:/home/jetson/slash_ws/build/key_teleop:/home/jetson/slash_ws/install/key_teleop/lib/python3.8/site-packages:/opt/ros/foxy/lib/python3.8/site-packages /usr/bin/cmake /home/jetson/slash_ws/src/slash_navigation/costmap_converter/costmap_converter -DCMAKE_INSTALL_PREFIX=/home/jetson/slash_ws/install/costmap_converter
[18.795s] Invoking command in '/home/jetson/slash_ws/build/costmap_converter': CMAKE_PREFIX_PATH=/home/jetson/slash_ws/install/costmap_converter_msgs:/home/jetson/slash_ws/install/vesc:/home/jetson/slash_ws/install/vesc_driver:/home/jetson/slash_ws/install/vesc_ackermann:/home/jetson/slash_ws/install/vesc_msgs:/home/jetson/slash_ws/install/teleop_tools:/home/jetson/slash_ws/install/teleop_tools_msgs:/home/jetson/slash_ws/install/teb_local_planner:/home/jetson/slash_ws/install/teb_msgs:/home/jetson/slash_ws/install/slash_nav2:/home/jetson/slash_ws/install/simple_mpc:/home/jetson/slash_ws/install/pointcloud_to_laserscan:/home/jetson/slash_ws/install/fast_lio:/home/jetson/slash_ws/install/livox_ros_driver2:/home/jetson/slash_ws/install/linefit_ground_segmentation_ros:/home/jetson/slash_ws/install/linefit_ground_segmentation:/home/jetson/slash_ws/install/costmap_converter:/home/jetson/slash_ws/install/ackermann_mux:/home/jetson/slash_ws/install/f1tenth_stack:/home/jetson/slash_ws/install/twist_to_ackermann:/home/jetson/slash_ws/install/joy_teleop:/home/jetson/slash_ws/install/mouse_teleop:/home/jetson/slash_ws/install/key_teleop:/opt/ros/foxy LD_LIBRARY_PATH=/home/jetson/slash_ws/install/costmap_converter_msgs/lib:/usr/local/cuda/lib64:/usr/local/cuda/lib64:/usr/local/cuda/lib64:/usr/local/cuda/lib64:/usr/local/cuda-11.4/lib64:/usr/local/cuda/lib64:/usr/local/cuda/lib64:/usr/local/cuda/lib64:/usr/local/cuda/lib64:/home/jetson/slash_ws/install/vesc_driver/lib:/home/jetson/slash_ws/install/vesc_ackermann/lib:/home/jetson/slash_ws/install/vesc_msgs/lib:/home/jetson/slash_ws/install/teleop_tools_msgs/lib:/home/jetson/slash_ws/install/teb_local_planner/lib:/home/jetson/slash_ws/install/teb_msgs/lib:/home/jetson/slash_ws/install/pointcloud_to_laserscan/lib:/home/jetson/slash_ws/install/fast_lio/lib:/home/jetson/slash_ws/install/livox_ros_driver2/lib:/home/jetson/slash_ws/install/linefit_ground_segmentation/lib:/home/jetson/slash_ws/install/costmap_converter/lib:/usr/lib/aarch64-linux-gnu/gazebo-11/plugins:/opt/ros/foxy/opt/yaml_cpp_vendor/lib:/opt/ros/foxy/opt/rviz_ogre_vendor/lib:/opt/ros/foxy/lib/aarch64-linux-gnu:/opt/ros/foxy/lib:/usr/local/cuda-11.4/lib64 PYTHONPATH=/home/jetson/slash_ws/install/costmap_converter_msgs/lib/python3.8/site-packages:/home/jetson/slash_ws/build/f1tenth_stack:/home/jetson/slash_ws/install/f1tenth_stack/lib/python3.8/site-packages:/home/jetson/slash_ws/install/vesc_msgs/lib/python3.8/site-packages:/home/jetson/slash_ws/build/twist_to_ackermann:/home/jetson/slash_ws/install/twist_to_ackermann/lib/python3.8/site-packages:/home/jetson/slash_ws/build/joy_teleop:/home/jetson/slash_ws/install/joy_teleop/lib/python3.8/site-packages:/home/jetson/slash_ws/install/teleop_tools_msgs/lib/python3.8/site-packages:/home/jetson/slash_ws/install/teb_msgs/lib/python3.8/site-packages:/home/jetson/slash_ws/build/mouse_teleop:/home/jetson/slash_ws/install/mouse_teleop/lib/python3.8/site-packages:/home/jetson/slash_ws/install/fast_lio/lib/python3.8/site-packages:/home/jetson/slash_ws/install/livox_ros_driver2/lib/python3.8/site-packages:/home/jetson/slash_ws/build/key_teleop:/home/jetson/slash_ws/install/key_teleop/lib/python3.8/site-packages:/opt/ros/foxy/lib/python3.8/site-packages /usr/bin/cmake --build /home/jetson/slash_ws/build/costmap_converter -- -j8 -l8
[29.940s] [35m[1mScanning dependencies of target costmap_converter[0m
[29.941s] [  5%] [32mBuilding CXX object CMakeFiles/costmap_converter.dir/src/costmap_to_polygons.cpp.o[0m
[39.760s] [ 10%] [32mBuilding CXX object CMakeFiles/costmap_converter.dir/src/costmap_to_dynamic_obstacles/background_subtractor.cpp.o[0m
[42.826s] [ 15%] [32mBuilding CXX object CMakeFiles/costmap_converter.dir/src/costmap_to_dynamic_obstacles/blob_detector.cpp.o[0m
[51.829s] [ 21%] [32mBuilding CXX object CMakeFiles/costmap_converter.dir/src/costmap_to_dynamic_obstacles/multitarget_tracker/Ctracker.cpp.o[0m
[59.026s] [ 26%] [32mBuilding CXX object CMakeFiles/costmap_converter.dir/src/costmap_to_dynamic_obstacles/multitarget_tracker/Kalman.cpp.o[0m
[66.991s] [ 31%] [32mBuilding CXX object CMakeFiles/costmap_converter.dir/src/costmap_to_dynamic_obstacles/multitarget_tracker/HungarianAlg.cpp.o[0m
[74.936s] [ 36%] [32mBuilding CXX object CMakeFiles/costmap_converter.dir/src/costmap_to_dynamic_obstacles/costmap_to_dynamic_obstacles.cpp.o[0m
[114.841s] [ 42%] [32mBuilding CXX object CMakeFiles/costmap_converter.dir/src/costmap_to_lines_ransac.cpp.o[0m
[127.002s] [ 47%] [32mBuilding CXX object CMakeFiles/costmap_converter.dir/src/costmap_to_lines_convex_hull.cpp.o[0m
[139.573s] [ 52%] [32mBuilding CXX object CMakeFiles/costmap_converter.dir/src/costmap_to_polygons_concave.cpp.o[0m
[151.052s] [ 57%] [32m[1mLinking CXX shared library libcostmap_converter.so[0m
[151.633s] [ 57%] Built target costmap_converter
[151.657s] [35m[1mScanning dependencies of target gtest_main[0m
[151.693s] [ 63%] [32mBuilding CXX object gtest/CMakeFiles/gtest_main.dir/src/gtest_main.cc.o[0m
[153.049s] [ 68%] [32m[1mLinking CXX static library libgtest_main.a[0m
[153.124s] [ 68%] Built target gtest_main
[153.148s] [35m[1mScanning dependencies of target standalone_converter[0m
[153.252s] [ 73%] [32mBuilding CXX object CMakeFiles/standalone_converter.dir/src/costmap_converter_node.cpp.o[0m
[178.179s] [ 78%] [32m[1mLinking CXX executable standalone_converter[0m
[178.706s] [ 78%] Built target standalone_converter
[178.731s] [35m[1mScanning dependencies of target gtest[0m
[178.770s] [ 84%] [32mBuilding CXX object gtest/CMakeFiles/gtest.dir/src/gtest-all.cc.o[0m
[193.923s] [ 89%] [32m[1mLinking CXX static library libgtest.a[0m
[194.005s] [ 89%] Built target gtest
[194.031s] [35m[1mScanning dependencies of target test_costmap_polygons[0m
[194.161s] [ 94%] [32mBuilding CXX object CMakeFiles/test_costmap_polygons.dir/test/costmap_polygons.cpp.o[0m
[206.131s] [100%] [32m[1mLinking CXX executable test_costmap_polygons[0m
[206.763s] [100%] Built target test_costmap_polygons
[206.790s] Invoked command in '/home/jetson/slash_ws/build/costmap_converter' returned '0': CMAKE_PREFIX_PATH=/home/jetson/slash_ws/install/costmap_converter_msgs:/home/jetson/slash_ws/install/vesc:/home/jetson/slash_ws/install/vesc_driver:/home/jetson/slash_ws/install/vesc_ackermann:/home/jetson/slash_ws/install/vesc_msgs:/home/jetson/slash_ws/install/teleop_tools:/home/jetson/slash_ws/install/teleop_tools_msgs:/home/jetson/slash_ws/install/teb_local_planner:/home/jetson/slash_ws/install/teb_msgs:/home/jetson/slash_ws/install/slash_nav2:/home/jetson/slash_ws/install/simple_mpc:/home/jetson/slash_ws/install/pointcloud_to_laserscan:/home/jetson/slash_ws/install/fast_lio:/home/jetson/slash_ws/install/livox_ros_driver2:/home/jetson/slash_ws/install/linefit_ground_segmentation_ros:/home/jetson/slash_ws/install/linefit_ground_segmentation:/home/jetson/slash_ws/install/costmap_converter:/home/jetson/slash_ws/install/ackermann_mux:/home/jetson/slash_ws/install/f1tenth_stack:/home/jetson/slash_ws/install/twist_to_ackermann:/home/jetson/slash_ws/install/joy_teleop:/home/jetson/slash_ws/install/mouse_teleop:/home/jetson/slash_ws/install/key_teleop:/opt/ros/foxy LD_LIBRARY_PATH=/home/jetson/slash_ws/install/costmap_converter_msgs/lib:/usr/local/cuda/lib64:/usr/local/cuda/lib64:/usr/local/cuda/lib64:/usr/local/cuda/lib64:/usr/local/cuda-11.4/lib64:/usr/local/cuda/lib64:/usr/local/cuda/lib64:/usr/local/cuda/lib64:/usr/local/cuda/lib64:/home/jetson/slash_ws/install/vesc_driver/lib:/home/jetson/slash_ws/install/vesc_ackermann/lib:/home/jetson/slash_ws/install/vesc_msgs/lib:/home/jetson/slash_ws/install/teleop_tools_msgs/lib:/home/jetson/slash_ws/install/teb_local_planner/lib:/home/jetson/slash_ws/install/teb_msgs/lib:/home/jetson/slash_ws/install/pointcloud_to_laserscan/lib:/home/jetson/slash_ws/install/fast_lio/lib:/home/jetson/slash_ws/install/livox_ros_driver2/lib:/home/jetson/slash_ws/install/linefit_ground_segmentation/lib:/home/jetson/slash_ws/install/costmap_converter/lib:/usr/lib/aarch64-linux-gnu/gazebo-11/plugins:/opt/ros/foxy/opt/yaml_cpp_vendor/lib:/opt/ros/foxy/opt/rviz_ogre_vendor/lib:/opt/ros/foxy/lib/aarch64-linux-gnu:/opt/ros/foxy/lib:/usr/local/cuda-11.4/lib64 PYTHONPATH=/home/jetson/slash_ws/install/costmap_converter_msgs/lib/python3.8/site-packages:/home/jetson/slash_ws/build/f1tenth_stack:/home/jetson/slash_ws/install/f1tenth_stack/lib/python3.8/site-packages:/home/jetson/slash_ws/install/vesc_msgs/lib/python3.8/site-packages:/home/jetson/slash_ws/build/twist_to_ackermann:/home/jetson/slash_ws/install/twist_to_ackermann/lib/python3.8/site-packages:/home/jetson/slash_ws/build/joy_teleop:/home/jetson/slash_ws/install/joy_teleop/lib/python3.8/site-packages:/home/jetson/slash_ws/install/teleop_tools_msgs/lib/python3.8/site-packages:/home/jetson/slash_ws/install/teb_msgs/lib/python3.8/site-packages:/home/jetson/slash_ws/build/mouse_teleop:/home/jetson/slash_ws/install/mouse_teleop/lib/python3.8/site-packages:/home/jetson/slash_ws/install/fast_lio/lib/python3.8/site-packages:/home/jetson/slash_ws/install/livox_ros_driver2/lib/python3.8/site-packages:/home/jetson/slash_ws/build/key_teleop:/home/jetson/slash_ws/install/key_teleop/lib/python3.8/site-packages:/opt/ros/foxy/lib/python3.8/site-packages /usr/bin/cmake --build /home/jetson/slash_ws/build/costmap_converter -- -j8 -l8
[206.797s] Invoking command in '/home/jetson/slash_ws/build/costmap_converter': CMAKE_PREFIX_PATH=/home/jetson/slash_ws/install/costmap_converter_msgs:/home/jetson/slash_ws/install/vesc:/home/jetson/slash_ws/install/vesc_driver:/home/jetson/slash_ws/install/vesc_ackermann:/home/jetson/slash_ws/install/vesc_msgs:/home/jetson/slash_ws/install/teleop_tools:/home/jetson/slash_ws/install/teleop_tools_msgs:/home/jetson/slash_ws/install/teb_local_planner:/home/jetson/slash_ws/install/teb_msgs:/home/jetson/slash_ws/install/slash_nav2:/home/jetson/slash_ws/install/simple_mpc:/home/jetson/slash_ws/install/pointcloud_to_laserscan:/home/jetson/slash_ws/install/fast_lio:/home/jetson/slash_ws/install/livox_ros_driver2:/home/jetson/slash_ws/install/linefit_ground_segmentation_ros:/home/jetson/slash_ws/install/linefit_ground_segmentation:/home/jetson/slash_ws/install/costmap_converter:/home/jetson/slash_ws/install/ackermann_mux:/home/jetson/slash_ws/install/f1tenth_stack:/home/jetson/slash_ws/install/twist_to_ackermann:/home/jetson/slash_ws/install/joy_teleop:/home/jetson/slash_ws/install/mouse_teleop:/home/jetson/slash_ws/install/key_teleop:/opt/ros/foxy LD_LIBRARY_PATH=/home/jetson/slash_ws/install/costmap_converter_msgs/lib:/usr/local/cuda/lib64:/usr/local/cuda/lib64:/usr/local/cuda/lib64:/usr/local/cuda/lib64:/usr/local/cuda-11.4/lib64:/usr/local/cuda/lib64:/usr/local/cuda/lib64:/usr/local/cuda/lib64:/usr/local/cuda/lib64:/home/jetson/slash_ws/install/vesc_driver/lib:/home/jetson/slash_ws/install/vesc_ackermann/lib:/home/jetson/slash_ws/install/vesc_msgs/lib:/home/jetson/slash_ws/install/teleop_tools_msgs/lib:/home/jetson/slash_ws/install/teb_local_planner/lib:/home/jetson/slash_ws/install/teb_msgs/lib:/home/jetson/slash_ws/install/pointcloud_to_laserscan/lib:/home/jetson/slash_ws/install/fast_lio/lib:/home/jetson/slash_ws/install/livox_ros_driver2/lib:/home/jetson/slash_ws/install/linefit_ground_segmentation/lib:/home/jetson/slash_ws/install/costmap_converter/lib:/usr/lib/aarch64-linux-gnu/gazebo-11/plugins:/opt/ros/foxy/opt/yaml_cpp_vendor/lib:/opt/ros/foxy/opt/rviz_ogre_vendor/lib:/opt/ros/foxy/lib/aarch64-linux-gnu:/opt/ros/foxy/lib:/usr/local/cuda-11.4/lib64 PYTHONPATH=/home/jetson/slash_ws/install/costmap_converter_msgs/lib/python3.8/site-packages:/home/jetson/slash_ws/build/f1tenth_stack:/home/jetson/slash_ws/install/f1tenth_stack/lib/python3.8/site-packages:/home/jetson/slash_ws/install/vesc_msgs/lib/python3.8/site-packages:/home/jetson/slash_ws/build/twist_to_ackermann:/home/jetson/slash_ws/install/twist_to_ackermann/lib/python3.8/site-packages:/home/jetson/slash_ws/build/joy_teleop:/home/jetson/slash_ws/install/joy_teleop/lib/python3.8/site-packages:/home/jetson/slash_ws/install/teleop_tools_msgs/lib/python3.8/site-packages:/home/jetson/slash_ws/install/teb_msgs/lib/python3.8/site-packages:/home/jetson/slash_ws/build/mouse_teleop:/home/jetson/slash_ws/install/mouse_teleop/lib/python3.8/site-packages:/home/jetson/slash_ws/install/fast_lio/lib/python3.8/site-packages:/home/jetson/slash_ws/install/livox_ros_driver2/lib/python3.8/site-packages:/home/jetson/slash_ws/build/key_teleop:/home/jetson/slash_ws/install/key_teleop/lib/python3.8/site-packages:/opt/ros/foxy/lib/python3.8/site-packages /usr/bin/cmake --install /home/jetson/slash_ws/build/costmap_converter
[206.825s] -- Install configuration: "Release"
[206.825s] -- Installing: /home/jetson/slash_ws/install/costmap_converter/lib/libcostmap_converter.so
[206.828s] -- Set runtime path of "/home/jetson/slash_ws/install/costmap_converter/lib/libcostmap_converter.so" to ""
[206.828s] -- Installing: /home/jetson/slash_ws/install/costmap_converter/bin/standalone_converter
[206.830s] -- Set runtime path of "/home/jetson/slash_ws/install/costmap_converter/bin/standalone_converter" to ""
[206.830s] -- Installing: /home/jetson/slash_ws/install/costmap_converter/include/
[206.830s] -- Installing: /home/jetson/slash_ws/install/costmap_converter/include//costmap_converter
[206.830s] -- Installing: /home/jetson/slash_ws/install/costmap_converter/include//costmap_converter/costmap_to_lines_convex_hull.h
[206.831s] -- Installing: /home/jetson/slash_ws/install/costmap_converter/include//costmap_converter/costmap_to_polygons_concave.h
[206.831s] -- Installing: /home/jetson/slash_ws/install/costmap_converter/include//costmap_converter/costmap_to_polygons.h
[206.831s] -- Installing: /home/jetson/slash_ws/install/costmap_converter/include//costmap_converter/costmap_to_dynamic_obstacles
[206.831s] -- Installing: /home/jetson/slash_ws/install/costmap_converter/include//costmap_converter/costmap_to_dynamic_obstacles/multitarget_tracker
[206.831s] -- Installing: /home/jetson/slash_ws/install/costmap_converter/include//costmap_converter/costmap_to_dynamic_obstacles/multitarget_tracker/README.md
[206.832s] -- Installing: /home/jetson/slash_ws/install/costmap_converter/include//costmap_converter/costmap_to_dynamic_obstacles/multitarget_tracker/HungarianAlg.h
[206.832s] -- Installing: /home/jetson/slash_ws/install/costmap_converter/include//costmap_converter/costmap_to_dynamic_obstacles/multitarget_tracker/defines.h
[206.832s] -- Installing: /home/jetson/slash_ws/install/costmap_converter/include//costmap_converter/costmap_to_dynamic_obstacles/multitarget_tracker/Ctracker.h
[206.832s] -- Installing: /home/jetson/slash_ws/install/costmap_converter/include//costmap_converter/costmap_to_dynamic_obstacles/multitarget_tracker/Kalman.h
[206.832s] -- Installing: /home/jetson/slash_ws/install/costmap_converter/include//costmap_converter/costmap_to_dynamic_obstacles/blob_detector.h
[206.832s] -- Installing: /home/jetson/slash_ws/install/costmap_converter/include//costmap_converter/costmap_to_dynamic_obstacles/background_subtractor.h
[206.833s] -- Installing: /home/jetson/slash_ws/install/costmap_converter/include//costmap_converter/costmap_to_dynamic_obstacles/costmap_to_dynamic_obstacles.h
[206.833s] -- Installing: /home/jetson/slash_ws/install/costmap_converter/include//costmap_converter/misc.h
[206.833s] -- Installing: /home/jetson/slash_ws/install/costmap_converter/include//costmap_converter/costmap_converter_interface.h
[206.833s] -- Installing: /home/jetson/slash_ws/install/costmap_converter/include//costmap_converter/costmap_to_lines_ransac.h
[206.834s] -- Installing: /home/jetson/slash_ws/install/costmap_converter/share/costmap_converter/environment/library_path.sh
[206.834s] -- Installing: /home/jetson/slash_ws/install/costmap_converter/share/costmap_converter/environment/library_path.dsv
[206.834s] -- Installing: /home/jetson/slash_ws/install/costmap_converter/share/costmap_converter/costmap_converter_plugins.xml
[206.835s] -- Installing: /home/jetson/slash_ws/install/costmap_converter/share/ament_index/resource_index/package_run_dependencies/costmap_converter
[206.835s] -- Installing: /home/jetson/slash_ws/install/costmap_converter/share/ament_index/resource_index/parent_prefix_path/costmap_converter
[206.836s] -- Installing: /home/jetson/slash_ws/install/costmap_converter/share/costmap_converter/environment/ament_prefix_path.sh
[206.836s] -- Installing: /home/jetson/slash_ws/install/costmap_converter/share/costmap_converter/environment/ament_prefix_path.dsv
[206.836s] -- Installing: /home/jetson/slash_ws/install/costmap_converter/share/costmap_converter/environment/path.sh
[206.837s] -- Installing: /home/jetson/slash_ws/install/costmap_converter/share/costmap_converter/environment/path.dsv
[206.837s] -- Installing: /home/jetson/slash_ws/install/costmap_converter/share/costmap_converter/local_setup.bash
[206.838s] -- Installing: /home/jetson/slash_ws/install/costmap_converter/share/costmap_converter/local_setup.sh
[206.838s] -- Installing: /home/jetson/slash_ws/install/costmap_converter/share/costmap_converter/local_setup.zsh
[206.838s] -- Installing: /home/jetson/slash_ws/install/costmap_converter/share/costmap_converter/local_setup.dsv
[206.838s] -- Installing: /home/jetson/slash_ws/install/costmap_converter/share/costmap_converter/package.dsv
[206.839s] -- Installing: /home/jetson/slash_ws/install/costmap_converter/share/ament_index/resource_index/packages/costmap_converter
[206.839s] -- Installing: /home/jetson/slash_ws/install/costmap_converter/share/ament_index/resource_index/costmap_converter__pluginlib__plugin/costmap_converter
[206.840s] -- Installing: /home/jetson/slash_ws/install/costmap_converter/share/costmap_converter/cmake/ament_cmake_export_include_directories-extras.cmake
[206.840s] -- Installing: /home/jetson/slash_ws/install/costmap_converter/share/costmap_converter/cmake/ament_cmake_export_libraries-extras.cmake
[206.840s] -- Installing: /home/jetson/slash_ws/install/costmap_converter/share/costmap_converter/cmake/ament_cmake_export_dependencies-extras.cmake
[206.840s] -- Installing: /home/jetson/slash_ws/install/costmap_converter/share/costmap_converter/cmake/costmap_converterConfig.cmake
[206.841s] -- Installing: /home/jetson/slash_ws/install/costmap_converter/share/costmap_converter/cmake/costmap_converterConfig-version.cmake
[206.841s] -- Installing: /home/jetson/slash_ws/install/costmap_converter/share/costmap_converter/package.xml
[206.848s] Invoked command in '/home/jetson/slash_ws/build/costmap_converter' returned '0': CMAKE_PREFIX_PATH=/home/jetson/slash_ws/install/costmap_converter_msgs:/home/jetson/slash_ws/install/vesc:/home/jetson/slash_ws/install/vesc_driver:/home/jetson/slash_ws/install/vesc_ackermann:/home/jetson/slash_ws/install/vesc_msgs:/home/jetson/slash_ws/install/teleop_tools:/home/jetson/slash_ws/install/teleop_tools_msgs:/home/jetson/slash_ws/install/teb_local_planner:/home/jetson/slash_ws/install/teb_msgs:/home/jetson/slash_ws/install/slash_nav2:/home/jetson/slash_ws/install/simple_mpc:/home/jetson/slash_ws/install/pointcloud_to_laserscan:/home/jetson/slash_ws/install/fast_lio:/home/jetson/slash_ws/install/livox_ros_driver2:/home/jetson/slash_ws/install/linefit_ground_segmentation_ros:/home/jetson/slash_ws/install/linefit_ground_segmentation:/home/jetson/slash_ws/install/costmap_converter:/home/jetson/slash_ws/install/ackermann_mux:/home/jetson/slash_ws/install/f1tenth_stack:/home/jetson/slash_ws/install/twist_to_ackermann:/home/jetson/slash_ws/install/joy_teleop:/home/jetson/slash_ws/install/mouse_teleop:/home/jetson/slash_ws/install/key_teleop:/opt/ros/foxy LD_LIBRARY_PATH=/home/jetson/slash_ws/install/costmap_converter_msgs/lib:/usr/local/cuda/lib64:/usr/local/cuda/lib64:/usr/local/cuda/lib64:/usr/local/cuda/lib64:/usr/local/cuda-11.4/lib64:/usr/local/cuda/lib64:/usr/local/cuda/lib64:/usr/local/cuda/lib64:/usr/local/cuda/lib64:/home/jetson/slash_ws/install/vesc_driver/lib:/home/jetson/slash_ws/install/vesc_ackermann/lib:/home/jetson/slash_ws/install/vesc_msgs/lib:/home/jetson/slash_ws/install/teleop_tools_msgs/lib:/home/jetson/slash_ws/install/teb_local_planner/lib:/home/jetson/slash_ws/install/teb_msgs/lib:/home/jetson/slash_ws/install/pointcloud_to_laserscan/lib:/home/jetson/slash_ws/install/fast_lio/lib:/home/jetson/slash_ws/install/livox_ros_driver2/lib:/home/jetson/slash_ws/install/linefit_ground_segmentation/lib:/home/jetson/slash_ws/install/costmap_converter/lib:/usr/lib/aarch64-linux-gnu/gazebo-11/plugins:/opt/ros/foxy/opt/yaml_cpp_vendor/lib:/opt/ros/foxy/opt/rviz_ogre_vendor/lib:/opt/ros/foxy/lib/aarch64-linux-gnu:/opt/ros/foxy/lib:/usr/local/cuda-11.4/lib64 PYTHONPATH=/home/jetson/slash_ws/install/costmap_converter_msgs/lib/python3.8/site-packages:/home/jetson/slash_ws/build/f1tenth_stack:/home/jetson/slash_ws/install/f1tenth_stack/lib/python3.8/site-packages:/home/jetson/slash_ws/install/vesc_msgs/lib/python3.8/site-packages:/home/jetson/slash_ws/build/twist_to_ackermann:/home/jetson/slash_ws/install/twist_to_ackermann/lib/python3.8/site-packages:/home/jetson/slash_ws/build/joy_teleop:/home/jetson/slash_ws/install/joy_teleop/lib/python3.8/site-packages:/home/jetson/slash_ws/install/teleop_tools_msgs/lib/python3.8/site-packages:/home/jetson/slash_ws/install/teb_msgs/lib/python3.8/site-packages:/home/jetson/slash_ws/build/mouse_teleop:/home/jetson/slash_ws/install/mouse_teleop/lib/python3.8/site-packages:/home/jetson/slash_ws/install/fast_lio/lib/python3.8/site-packages:/home/jetson/slash_ws/install/livox_ros_driver2/lib/python3.8/site-packages:/home/jetson/slash_ws/build/key_teleop:/home/jetson/slash_ws/install/key_teleop/lib/python3.8/site-packages:/opt/ros/foxy/lib/python3.8/site-packages /usr/bin/cmake --install /home/jetson/slash_ws/build/costmap_converter
