[0.080s] Invoking command in '/home/jetson/slash_ws/build/simple_mpc': CMAKE_PREFIX_PATH=${CMAKE_PREFIX_PATH}:/home/jetson/slash_ws/install/f1tenth_stack:/home/jetson/slash_ws/install/twist_to_ackermann:/home/jetson/slash_ws/install/joy_teleop:/home/jetson/slash_ws/install/mouse_teleop:/home/jetson/slash_ws/install/key_teleop:/opt/ros/foxy /usr/bin/cmake /home/jetson/slash_ws/src/slash_controller/simple_mpc -DCMAKE_INSTALL_PREFIX=/home/jetson/slash_ws/install/simple_mpc
[3.863s] -- The C compiler identification is GNU 9.4.0
[3.863s] -- The CXX compiler identification is GNU 9.4.0
[3.863s] -- Check for working C compiler: /usr/bin/cc
[3.864s] -- Check for working C compiler: /usr/bin/cc -- works
[3.864s] -- Detecting C compiler ABI info
[3.864s] -- Detecting C compiler ABI info - done
[3.864s] -- Detecting C compile features
[3.864s] -- Detecting C compile features - done
[3.864s] -- Check for working CXX compiler: /usr/bin/c++
[3.864s] -- Check for working CXX compiler: /usr/bin/c++ -- works
[3.864s] -- Detecting CXX compiler ABI info
[3.864s] -- Detecting CXX compiler ABI info - done
[3.864s] -- Detecting CXX compile features
[3.864s] -- Detecting CXX compile features - done
[3.865s] -- Found ament_cmake: 0.9.12 (/opt/ros/foxy/share/ament_cmake/cmake)
[3.865s] -- Found PythonInterp: /usr/bin/python3 (found suitable version "3.8.10", minimum required is "3") 
[3.865s] -- Using PYTHON_EXECUTABLE: /usr/bin/python3
[4.616s] -- Found rclpy: 1.0.13 (/opt/ros/foxy/share/rclpy/cmake)
[4.620s] -- Found ament_lint_auto: 0.9.8 (/opt/ros/foxy/share/ament_lint_auto/cmake)
[5.036s] -- Added test 'copyright' to check source files copyright and LICENSE
[5.074s] -- Added test 'cppcheck' to perform static code analysis on C / C++ code
[5.084s] -- Configured cppcheck include dirs: 
[5.084s] -- Configured cppcheck exclude dirs and/or files: 
[5.119s] -- Added test 'cpplint' to check C / C++ code against the Google style
[5.119s] -- Configured cpplint exclude dirs and/or files: 
[5.123s] -- Added test 'flake8' to check Python code syntax and style conventions
[5.143s] -- Added test 'lint_cmake' to check CMake code style
[5.147s] -- Added test 'pep257' to check Python code against some of the style conventions in PEP 257
[5.204s] -- Added test 'uncrustify' to check C / C++ code style
[5.205s] -- Configured uncrustify additional arguments: 
[5.209s] -- Added test 'xmllint' to check XML markup files
[5.214s] -- Configuring done
[5.229s] -- Generating done
[5.243s] -- Build files have been written to: /home/jetson/slash_ws/build/simple_mpc
[5.311s] Invoked command in '/home/jetson/slash_ws/build/simple_mpc' returned '0': CMAKE_PREFIX_PATH=${CMAKE_PREFIX_PATH}:/home/jetson/slash_ws/install/f1tenth_stack:/home/jetson/slash_ws/install/twist_to_ackermann:/home/jetson/slash_ws/install/joy_teleop:/home/jetson/slash_ws/install/mouse_teleop:/home/jetson/slash_ws/install/key_teleop:/opt/ros/foxy /usr/bin/cmake /home/jetson/slash_ws/src/slash_controller/simple_mpc -DCMAKE_INSTALL_PREFIX=/home/jetson/slash_ws/install/simple_mpc
[5.317s] Invoking command in '/home/jetson/slash_ws/build/simple_mpc': CMAKE_PREFIX_PATH=${CMAKE_PREFIX_PATH}:/home/jetson/slash_ws/install/f1tenth_stack:/home/jetson/slash_ws/install/twist_to_ackermann:/home/jetson/slash_ws/install/joy_teleop:/home/jetson/slash_ws/install/mouse_teleop:/home/jetson/slash_ws/install/key_teleop:/opt/ros/foxy /usr/bin/cmake --build /home/jetson/slash_ws/build/simple_mpc -- -j8 -l8
[5.684s] Invoked command in '/home/jetson/slash_ws/build/simple_mpc' returned '0': CMAKE_PREFIX_PATH=${CMAKE_PREFIX_PATH}:/home/jetson/slash_ws/install/f1tenth_stack:/home/jetson/slash_ws/install/twist_to_ackermann:/home/jetson/slash_ws/install/joy_teleop:/home/jetson/slash_ws/install/mouse_teleop:/home/jetson/slash_ws/install/key_teleop:/opt/ros/foxy /usr/bin/cmake --build /home/jetson/slash_ws/build/simple_mpc -- -j8 -l8
[5.686s] Invoking command in '/home/jetson/slash_ws/build/simple_mpc': CMAKE_PREFIX_PATH=${CMAKE_PREFIX_PATH}:/home/jetson/slash_ws/install/f1tenth_stack:/home/jetson/slash_ws/install/twist_to_ackermann:/home/jetson/slash_ws/install/joy_teleop:/home/jetson/slash_ws/install/mouse_teleop:/home/jetson/slash_ws/install/key_teleop:/opt/ros/foxy /usr/bin/cmake --install /home/jetson/slash_ws/build/simple_mpc
[13.256s] -- Install configuration: ""
[13.256s] -- Installing: /home/jetson/slash_ws/install/simple_mpc/lib/simple_mpc/mpc_node.py
[13.256s] -- Installing: /home/jetson/slash_ws/install/simple_mpc/share/simple_mpc/waypoints
[13.257s] -- Installing: /home/jetson/slash_ws/install/simple_mpc/share/simple_mpc/waypoints/test_waypoints.csv
[13.257s] -- Installing: /home/jetson/slash_ws/install/simple_mpc/share/simple_mpc/rviz
[13.257s] -- Installing: /home/jetson/slash_ws/install/simple_mpc/share/simple_mpc/rviz/mpc.rviz
[13.257s] -- Installing: /home/jetson/slash_ws/install/simple_mpc/share/ament_index/resource_index/package_run_dependencies/simple_mpc
[13.257s] -- Installing: /home/jetson/slash_ws/install/simple_mpc/share/ament_index/resource_index/parent_prefix_path/simple_mpc
[13.257s] -- Installing: /home/jetson/slash_ws/install/simple_mpc/share/simple_mpc/environment/ament_prefix_path.sh
[13.257s] -- Installing: /home/jetson/slash_ws/install/simple_mpc/share/simple_mpc/environment/ament_prefix_path.dsv
[13.257s] -- Installing: /home/jetson/slash_ws/install/simple_mpc/share/simple_mpc/environment/path.sh
[13.257s] -- Installing: /home/jetson/slash_ws/install/simple_mpc/share/simple_mpc/environment/path.dsv
[13.257s] -- Installing: /home/jetson/slash_ws/install/simple_mpc/share/simple_mpc/local_setup.bash
[13.258s] -- Installing: /home/jetson/slash_ws/install/simple_mpc/share/simple_mpc/local_setup.sh
[13.258s] -- Installing: /home/jetson/slash_ws/install/simple_mpc/share/simple_mpc/local_setup.zsh
[13.258s] -- Installing: /home/jetson/slash_ws/install/simple_mpc/share/simple_mpc/local_setup.dsv
[13.258s] -- Installing: /home/jetson/slash_ws/install/simple_mpc/share/simple_mpc/package.dsv
[13.258s] -- Installing: /home/jetson/slash_ws/install/simple_mpc/share/ament_index/resource_index/packages/simple_mpc
[13.258s] -- Installing: /home/jetson/slash_ws/install/simple_mpc/share/simple_mpc/cmake/simple_mpcConfig.cmake
[13.258s] -- Installing: /home/jetson/slash_ws/install/simple_mpc/share/simple_mpc/cmake/simple_mpcConfig-version.cmake
[13.258s] -- Installing: /home/jetson/slash_ws/install/simple_mpc/share/simple_mpc/package.xml
[13.293s] Invoked command in '/home/jetson/slash_ws/build/simple_mpc' returned '0': CMAKE_PREFIX_PATH=${CMAKE_PREFIX_PATH}:/home/jetson/slash_ws/install/f1tenth_stack:/home/jetson/slash_ws/install/twist_to_ackermann:/home/jetson/slash_ws/install/joy_teleop:/home/jetson/slash_ws/install/mouse_teleop:/home/jetson/slash_ws/install/key_teleop:/opt/ros/foxy /usr/bin/cmake --install /home/jetson/slash_ws/build/simple_mpc
