[8.006s] Invoking command in '/home/jetson/slash_ws/src/slash_perception/obstacle_tracker': PYTHONPATH=/home/jetson/slash_ws/build/obstacle_tracker/prefix_override:/usr/lib/python3/dist-packages/colcon_core/task/python/colcon_distutils_commands:/home/jetson/slash_ws/install/obstacle_tracker/lib/python3.8/site-packages:${PYTHONPATH} /usr/bin/python3 -W ignore:setup.py install is deprecated -W ignore:easy_install command is deprecated setup.py egg_info --egg-base ../../../build/obstacle_tracker build --build-base /home/jetson/slash_ws/build/obstacle_tracker/build install --record /home/jetson/slash_ws/build/obstacle_tracker/install.log --single-version-externally-managed install_data
[11.655s] running egg_info
[11.657s] creating ../../../build/obstacle_tracker/obstacle_tracker.egg-info
[11.752s] writing ../../../build/obstacle_tracker/obstacle_tracker.egg-info/PKG-INFO
[11.772s] writing dependency_links to ../../../build/obstacle_tracker/obstacle_tracker.egg-info/dependency_links.txt
[11.773s] writing entry points to ../../../build/obstacle_tracker/obstacle_tracker.egg-info/entry_points.txt
[11.778s] writing requirements to ../../../build/obstacle_tracker/obstacle_tracker.egg-info/requires.txt
[11.783s] writing top-level names to ../../../build/obstacle_tracker/obstacle_tracker.egg-info/top_level.txt
[11.786s] writing manifest file '../../../build/obstacle_tracker/obstacle_tracker.egg-info/SOURCES.txt'
[11.990s] reading manifest file '../../../build/obstacle_tracker/obstacle_tracker.egg-info/SOURCES.txt'
[12.010s] writing manifest file '../../../build/obstacle_tracker/obstacle_tracker.egg-info/SOURCES.txt'
[12.010s] running build
[12.010s] running build_py
[12.011s] creating /home/jetson/slash_ws/build/obstacle_tracker/build
[12.011s] creating /home/jetson/slash_ws/build/obstacle_tracker/build/lib
[12.011s] creating /home/jetson/slash_ws/build/obstacle_tracker/build/lib/obstacle_tracker
[12.011s] copying obstacle_tracker/obstacle_tracker_node.py -> /home/jetson/slash_ws/build/obstacle_tracker/build/lib/obstacle_tracker
[12.011s] copying obstacle_tracker/__init__.py -> /home/jetson/slash_ws/build/obstacle_tracker/build/lib/obstacle_tracker
[12.011s] running install
[12.052s] running install_lib
[12.170s] creating /home/jetson/slash_ws/install/obstacle_tracker/lib/python3.8/site-packages/obstacle_tracker
[12.171s] copying /home/jetson/slash_ws/build/obstacle_tracker/build/lib/obstacle_tracker/obstacle_tracker_node.py -> /home/jetson/slash_ws/install/obstacle_tracker/lib/python3.8/site-packages/obstacle_tracker
[12.171s] copying /home/jetson/slash_ws/build/obstacle_tracker/build/lib/obstacle_tracker/__init__.py -> /home/jetson/slash_ws/install/obstacle_tracker/lib/python3.8/site-packages/obstacle_tracker
[12.172s] byte-compiling /home/jetson/slash_ws/install/obstacle_tracker/lib/python3.8/site-packages/obstacle_tracker/obstacle_tracker_node.py to obstacle_tracker_node.cpython-38.pyc
[12.213s] byte-compiling /home/jetson/slash_ws/install/obstacle_tracker/lib/python3.8/site-packages/obstacle_tracker/__init__.py to __init__.cpython-38.pyc
[12.217s] running install_data
[12.218s] creating /home/jetson/slash_ws/install/obstacle_tracker/share/ament_index
[12.218s] creating /home/jetson/slash_ws/install/obstacle_tracker/share/ament_index/resource_index
[12.219s] creating /home/jetson/slash_ws/install/obstacle_tracker/share/ament_index/resource_index/packages
[12.219s] copying resource/obstacle_tracker -> /home/jetson/slash_ws/install/obstacle_tracker/share/ament_index/resource_index/packages
[12.220s] copying package.xml -> /home/jetson/slash_ws/install/obstacle_tracker/share/obstacle_tracker
[12.229s] creating /home/jetson/slash_ws/install/obstacle_tracker/share/obstacle_tracker/launch
[12.230s] copying launch/race_w4_demo.launch.py -> /home/jetson/slash_ws/install/obstacle_tracker/share/obstacle_tracker/launch
[12.230s] copying launch/obstacle_tracker.launch.py -> /home/jetson/slash_ws/install/obstacle_tracker/share/obstacle_tracker/launch
[12.230s] creating /home/jetson/slash_ws/install/obstacle_tracker/share/obstacle_tracker/config
[12.230s] copying config/obstacle_tracker.yaml -> /home/jetson/slash_ws/install/obstacle_tracker/share/obstacle_tracker/config
[12.230s] running install_egg_info
[12.350s] Copying ../../../build/obstacle_tracker/obstacle_tracker.egg-info to /home/jetson/slash_ws/install/obstacle_tracker/lib/python3.8/site-packages/obstacle_tracker-0.0.1-py3.8.egg-info
[12.351s] running install_scripts
[12.930s] Installing obstacle_tracker_node script to /home/jetson/slash_ws/install/obstacle_tracker/lib/obstacle_tracker
[12.946s] writing list of installed files to '/home/jetson/slash_ws/build/obstacle_tracker/install.log'
[13.621s] Invoked command in '/home/jetson/slash_ws/src/slash_perception/obstacle_tracker' returned '0': PYTHONPATH=/home/jetson/slash_ws/build/obstacle_tracker/prefix_override:/usr/lib/python3/dist-packages/colcon_core/task/python/colcon_distutils_commands:/home/jetson/slash_ws/install/obstacle_tracker/lib/python3.8/site-packages:${PYTHONPATH} /usr/bin/python3 -W ignore:setup.py install is deprecated -W ignore:easy_install command is deprecated setup.py egg_info --egg-base ../../../build/obstacle_tracker build --build-base /home/jetson/slash_ws/build/obstacle_tracker/build install --record /home/jetson/slash_ws/build/obstacle_tracker/install.log --single-version-externally-managed install_data
