[3.735s] Invoking command in '/home/jetson/slash_ws/src/slash_hardware/f1tenth_system/teleop_tools/mouse_teleop': PYTHONPATH=/home/jetson/slash_ws/build/mouse_teleop/prefix_override:/usr/lib/python3/dist-packages/colcon_core/task/python/colcon_distutils_commands:/home/jetson/slash_ws/install/mouse_teleop/lib/python3.8/site-packages:${PYTHONPATH} /usr/bin/python3 -W ignore:setup.py install is deprecated -W ignore:easy_install command is deprecated setup.py egg_info --egg-base ../../../../../build/mouse_teleop build --build-base /home/jetson/slash_ws/build/mouse_teleop/build install --record /home/jetson/slash_ws/build/mouse_teleop/install.log --single-version-externally-managed install_data
[5.560s] running egg_info
[5.560s] creating ../../../../../build/mouse_teleop/mouse_teleop.egg-info
[5.560s] writing ../../../../../build/mouse_teleop/mouse_teleop.egg-info/PKG-INFO
[5.560s] writing dependency_links to ../../../../../build/mouse_teleop/mouse_teleop.egg-info/dependency_links.txt
[5.560s] writing entry points to ../../../../../build/mouse_teleop/mouse_teleop.egg-info/entry_points.txt
[5.560s] writing requirements to ../../../../../build/mouse_teleop/mouse_teleop.egg-info/requires.txt
[5.560s] writing top-level names to ../../../../../build/mouse_teleop/mouse_teleop.egg-info/top_level.txt
[5.561s] writing manifest file '../../../../../build/mouse_teleop/mouse_teleop.egg-info/SOURCES.txt'
[5.561s] reading manifest file '../../../../../build/mouse_teleop/mouse_teleop.egg-info/SOURCES.txt'
[5.561s] adding license file 'LICENSE'
[5.561s] writing manifest file '../../../../../build/mouse_teleop/mouse_teleop.egg-info/SOURCES.txt'
[5.561s] running build
[5.561s] running build_py
[5.561s] creating /home/jetson/slash_ws/build/mouse_teleop/build
[5.561s] creating /home/jetson/slash_ws/build/mouse_teleop/build/lib
[5.561s] creating /home/jetson/slash_ws/build/mouse_teleop/build/lib/mouse_teleop
[5.561s] copying mouse_teleop/mouse_teleop.py -> /home/jetson/slash_ws/build/mouse_teleop/build/lib/mouse_teleop
[5.562s] copying mouse_teleop/__init__.py -> /home/jetson/slash_ws/build/mouse_teleop/build/lib/mouse_teleop
[5.562s] running install
[5.562s] running install_lib
[5.562s] creating /home/jetson/slash_ws/install/mouse_teleop/lib/python3.8/site-packages/mouse_teleop
[5.562s] copying /home/jetson/slash_ws/build/mouse_teleop/build/lib/mouse_teleop/mouse_teleop.py -> /home/jetson/slash_ws/install/mouse_teleop/lib/python3.8/site-packages/mouse_teleop
[5.562s] copying /home/jetson/slash_ws/build/mouse_teleop/build/lib/mouse_teleop/__init__.py -> /home/jetson/slash_ws/install/mouse_teleop/lib/python3.8/site-packages/mouse_teleop
[5.562s] byte-compiling /home/jetson/slash_ws/install/mouse_teleop/lib/python3.8/site-packages/mouse_teleop/mouse_teleop.py to mouse_teleop.cpython-38.pyc
[5.562s] byte-compiling /home/jetson/slash_ws/install/mouse_teleop/lib/python3.8/site-packages/mouse_teleop/__init__.py to __init__.cpython-38.pyc
[5.562s] running install_data
[5.562s] copying package.xml -> /home/jetson/slash_ws/install/mouse_teleop/share/mouse_teleop
[5.562s] creating /home/jetson/slash_ws/install/mouse_teleop/share/mouse_teleop/config
[5.563s] copying config/mouse_teleop.yaml -> /home/jetson/slash_ws/install/mouse_teleop/share/mouse_teleop/config
[5.563s] creating /home/jetson/slash_ws/install/mouse_teleop/share/mouse_teleop/launch
[5.563s] copying launch/mouse_teleop.launch.py -> /home/jetson/slash_ws/install/mouse_teleop/share/mouse_teleop/launch
[5.563s] creating /home/jetson/slash_ws/install/mouse_teleop/share/ament_index
[5.563s] creating /home/jetson/slash_ws/install/mouse_teleop/share/ament_index/resource_index
[5.563s] creating /home/jetson/slash_ws/install/mouse_teleop/share/ament_index/resource_index/packages
[5.563s] copying resource/mouse_teleop -> /home/jetson/slash_ws/install/mouse_teleop/share/ament_index/resource_index/packages
[5.563s] running install_egg_info
[5.563s] Copying ../../../../../build/mouse_teleop/mouse_teleop.egg-info to /home/jetson/slash_ws/install/mouse_teleop/lib/python3.8/site-packages/mouse_teleop-0.3.0-py3.8.egg-info
[5.563s] running install_scripts
[5.564s] Installing mouse_teleop script to /home/jetson/slash_ws/install/mouse_teleop/lib/mouse_teleop
[5.573s] writing list of installed files to '/home/jetson/slash_ws/build/mouse_teleop/install.log'
[5.661s] Invoked command in '/home/jetson/slash_ws/src/slash_hardware/f1tenth_system/teleop_tools/mouse_teleop' returned '0': PYTHONPATH=/home/jetson/slash_ws/build/mouse_teleop/prefix_override:/usr/lib/python3/dist-packages/colcon_core/task/python/colcon_distutils_commands:/home/jetson/slash_ws/install/mouse_teleop/lib/python3.8/site-packages:${PYTHONPATH} /usr/bin/python3 -W ignore:setup.py install is deprecated -W ignore:easy_install command is deprecated setup.py egg_info --egg-base ../../../../../build/mouse_teleop build --build-base /home/jetson/slash_ws/build/mouse_teleop/build install --record /home/jetson/slash_ws/build/mouse_teleop/install.log --single-version-externally-managed install_data
