/home/jetson/slash_ws/src/slash_navigation/roboracer_china_2025/install/roboracer_china_2025/lib/python3.8/site-packages/roboracer_china_2025/battle_fast2_node.py
/home/jetson/slash_ws/src/slash_navigation/roboracer_china_2025/install/roboracer_china_2025/lib/python3.8/site-packages/roboracer_china_2025/battle_fast2_node（另一个复件）.py
/home/jetson/slash_ws/src/slash_navigation/roboracer_china_2025/install/roboracer_china_2025/lib/python3.8/site-packages/roboracer_china_2025/battle_node_new.py
/home/jetson/slash_ws/src/slash_navigation/roboracer_china_2025/install/roboracer_china_2025/lib/python3.8/site-packages/roboracer_china_2025/battle_fast2_node（复件）.py
/home/jetson/slash_ws/src/slash_navigation/roboracer_china_2025/install/roboracer_china_2025/lib/python3.8/site-packages/roboracer_china_2025/AliLQRrosbag_offline_plots.py
/home/jetson/slash_ws/src/slash_navigation/roboracer_china_2025/install/roboracer_china_2025/lib/python3.8/site-packages/roboracer_china_2025/__init__.py
/home/jetson/slash_ws/src/slash_navigation/roboracer_china_2025/install/roboracer_china_2025/lib/python3.8/site-packages/roboracer_china_2025/battle_node.py
/home/jetson/slash_ws/src/slash_navigation/roboracer_china_2025/install/roboracer_china_2025/lib/python3.8/site-packages/roboracer_china_2025/__pycache__/battle_fast2_node.cpython-38.pyc
/home/jetson/slash_ws/src/slash_navigation/roboracer_china_2025/install/roboracer_china_2025/lib/python3.8/site-packages/roboracer_china_2025/__pycache__/battle_fast2_node（另一个复件）.cpython-38.pyc
/home/jetson/slash_ws/src/slash_navigation/roboracer_china_2025/install/roboracer_china_2025/lib/python3.8/site-packages/roboracer_china_2025/__pycache__/battle_node_new.cpython-38.pyc
/home/jetson/slash_ws/src/slash_navigation/roboracer_china_2025/install/roboracer_china_2025/lib/python3.8/site-packages/roboracer_china_2025/__pycache__/battle_fast2_node（复件）.cpython-38.pyc
/home/jetson/slash_ws/src/slash_navigation/roboracer_china_2025/install/roboracer_china_2025/lib/python3.8/site-packages/roboracer_china_2025/__pycache__/AliLQRrosbag_offline_plots.cpython-38.pyc
/home/jetson/slash_ws/src/slash_navigation/roboracer_china_2025/install/roboracer_china_2025/lib/python3.8/site-packages/roboracer_china_2025/__pycache__/__init__.cpython-38.pyc
/home/jetson/slash_ws/src/slash_navigation/roboracer_china_2025/install/roboracer_china_2025/lib/python3.8/site-packages/roboracer_china_2025/__pycache__/battle_node.cpython-38.pyc
/home/jetson/slash_ws/src/slash_navigation/roboracer_china_2025/install/roboracer_china_2025/share/ament_index/resource_index/packages/roboracer_china_2025
/home/jetson/slash_ws/src/slash_navigation/roboracer_china_2025/install/roboracer_china_2025/share/roboracer_china_2025/package.xml
/home/jetson/slash_ws/src/slash_navigation/roboracer_china_2025/install/roboracer_china_2025/share/roboracer_china_2025/launch/battle_fast2.launch.py
/home/jetson/slash_ws/src/slash_navigation/roboracer_china_2025/install/roboracer_china_2025/lib/python3.8/site-packages/roboracer_china_2025-0.0.1-py3.8.egg-info/top_level.txt
/home/jetson/slash_ws/src/slash_navigation/roboracer_china_2025/install/roboracer_china_2025/lib/python3.8/site-packages/roboracer_china_2025-0.0.1-py3.8.egg-info/PKG-INFO
/home/jetson/slash_ws/src/slash_navigation/roboracer_china_2025/install/roboracer_china_2025/lib/python3.8/site-packages/roboracer_china_2025-0.0.1-py3.8.egg-info/entry_points.txt
/home/jetson/slash_ws/src/slash_navigation/roboracer_china_2025/install/roboracer_china_2025/lib/python3.8/site-packages/roboracer_china_2025-0.0.1-py3.8.egg-info/requires.txt
/home/jetson/slash_ws/src/slash_navigation/roboracer_china_2025/install/roboracer_china_2025/lib/python3.8/site-packages/roboracer_china_2025-0.0.1-py3.8.egg-info/dependency_links.txt
/home/jetson/slash_ws/src/slash_navigation/roboracer_china_2025/install/roboracer_china_2025/lib/python3.8/site-packages/roboracer_china_2025-0.0.1-py3.8.egg-info/zip-safe
/home/jetson/slash_ws/src/slash_navigation/roboracer_china_2025/install/roboracer_china_2025/lib/python3.8/site-packages/roboracer_china_2025-0.0.1-py3.8.egg-info/SOURCES.txt
/home/jetson/slash_ws/src/slash_navigation/roboracer_china_2025/install/roboracer_china_2025/lib/roboracer_china_2025/battle_fast2_node
