[1.197s] Invoking command in '/home/jetson/slash_ws/build/fast_lio': CMAKE_PREFIX_PATH=/home/jetson/slash_ws/install/livox_ros_driver2:/home/jetson/sim_ws/install/pure_pursuit:/home/jetson/sim_ws/install/mpc:/home/jetson/sim_ws/install/launchers:/home/jetson/sim_ws/install/gap_follow:/home/jetson/slash_ws/install/vesc:/home/jetson/slash_ws/install/vesc_driver:/home/jetson/slash_ws/install/vesc_ackermann:/home/jetson/slash_ws/install/vesc_msgs:/home/jetson/slash_ws/install/teleop_tools:/home/jetson/slash_ws/install/teleop_tools_msgs:/home/jetson/slash_ws/install/teb_local_planner:/home/jetson/slash_ws/install/teb_msgs:/home/jetson/slash_ws/install/slash_nav2:/home/jetson/slash_ws/install/simple_mpc:/home/jetson/slash_ws/install/pointcloud_to_laserscan:/home/jetson/slash_ws/install/fast_lio:/home/jetson/slash_ws/install/linefit_ground_segmentation_ros:/home/jetson/slash_ws/install/linefit_ground_segmentation:/home/jetson/slash_ws/install/costmap_converter:/home/jetson/slash_ws/install/costmap_converter_msgs:/home/jetson/slash_ws/install/ackermann_mux:/home/jetson/sim_ws/install/f1tenth_gym_ros:/home/jetson/slash_ws/install/f1tenth_stack:/home/jetson/slash_ws/install/twist_to_ackermann:/home/jetson/slash_ws/install/joy_teleop:/home/jetson/slash_ws/install/slash_sysid:/home/jetson/slash_ws/install/slash_safety:/home/jetson/slash_ws/install/roboracer_china_2025:/home/jetson/slash_ws/install/obstacle_tracker:/home/jetson/slash_ws/install/multilayer_scan:/home/jetson/slash_ws/install/mouse_teleop:/home/jetson/slash_ws/install/key_teleop:/opt/ros/foxy LD_LIBRARY_PATH=/home/jetson/slash_ws/install/livox_ros_driver2/lib:/usr/local/cuda/lib64:/usr/local/cuda/lib64:/usr/local/cuda/lib64:/usr/local/cuda/lib64:/usr/local/cuda-11.4/lib64:/usr/local/cuda/lib64:/usr/local/cuda/lib64:/usr/local/cuda/lib64:/usr/local/cuda/lib64:/home/jetson/slash_ws/install/vesc_driver/lib:/home/jetson/slash_ws/install/vesc_ackermann/lib:/home/jetson/slash_ws/install/vesc_msgs/lib:/home/jetson/slash_ws/install/teleop_tools_msgs/lib:/home/jetson/slash_ws/install/teb_local_planner/lib:/home/jetson/slash_ws/install/teb_msgs/lib:/home/jetson/slash_ws/install/pointcloud_to_laserscan/lib:/home/jetson/slash_ws/install/fast_lio/lib:/home/jetson/slash_ws/install/linefit_ground_segmentation/lib:/home/jetson/slash_ws/install/costmap_converter/lib:/home/jetson/slash_ws/install/costmap_converter_msgs/lib:/usr/lib/aarch64-linux-gnu/gazebo-11/plugins:/opt/ros/foxy/opt/yaml_cpp_vendor/lib:/opt/ros/foxy/opt/rviz_ogre_vendor/lib:/opt/ros/foxy/lib/aarch64-linux-gnu:/opt/ros/foxy/lib:/usr/local/cuda-11.4/lib64 PYTHONPATH=/home/jetson/slash_ws/install/livox_ros_driver2/lib/python3.8/site-packages:/home/jetson/slash_ws/build/slash_sysid:/home/jetson/slash_ws/build/slash_safety:/home/jetson/slash_ws/build/roboracer_china_2025:/home/jetson/slash_ws/build/obstacle_tracker:/home/jetson/slash_ws/build/multilayer_scan:/home/jetson/sim_ws/install/pure_pursuit/lib/python3.8/site-packages:/home/jetson/sim_ws/install/mpc/lib/python3.8/site-packages:/home/jetson/sim_ws/install/gap_follow/lib/python3.8/site-packages:/home/jetson/sim_ws/install/f1tenth_gym_ros/lib/python3.8/site-packages:/home/jetson/slash_ws/install/f1tenth_stack/lib/python3.8/site-packages:/home/jetson/slash_ws/install/vesc_msgs/lib/python3.8/site-packages:/home/jetson/slash_ws/install/twist_to_ackermann/lib/python3.8/site-packages:/home/jetson/slash_ws/install/joy_teleop/lib/python3.8/site-packages:/home/jetson/slash_ws/install/teleop_tools_msgs/lib/python3.8/site-packages:/home/jetson/slash_ws/install/teb_msgs/lib/python3.8/site-packages:/home/jetson/slash_ws/install/slash_sysid/lib/python3.8/site-packages:/home/jetson/slash_ws/install/slash_safety/lib/python3.8/site-packages:/home/jetson/slash_ws/install/roboracer_china_2025/lib/python3.8/site-packages:/home/jetson/slash_ws/install/obstacle_tracker/lib/python3.8/site-packages:/home/jetson/slash_ws/install/multilayer_scan/lib/python3.8/site-packages:/home/jetson/slash_ws/install/mouse_teleop/lib/python3.8/site-packages:/home/jetson/slash_ws/install/fast_lio/lib/python3.8/site-packages:/home/jetson/slash_ws/install/key_teleop/lib/python3.8/site-packages:/home/jetson/slash_ws/install/costmap_converter_msgs/lib/python3.8/site-packages:/opt/ros/foxy/lib/python3.8/site-packages /usr/bin/cmake --build /home/jetson/slash_ws/build/fast_lio -- -j8 -l8
[1.500s] [  8%] Built target fast_lio__rosidl_generator_c
[1.522s] [ 11%] Built target fast_lio__cpp
[1.632s] [ 20%] Built target fast_lio__rosidl_typesupport_introspection_c
[1.696s] [ 28%] Built target fast_lio__rosidl_typesupport_c
[1.713s] [ 37%] Built target fast_lio__rosidl_typesupport_introspection_cpp
[1.718s] [ 45%] Built target fast_lio__rosidl_typesupport_fastrtps_cpp
[1.774s] [ 54%] Built target fast_lio__rosidl_typesupport_cpp
[1.874s] [ 62%] Built target fast_lio__rosidl_typesupport_fastrtps_c
[2.042s] [ 62%] Built target fast_lio
[2.177s] [ 65%] Built target fast_lio__py
[2.182s] [ 77%] Built target fastlio_mapping
[2.249s] [ 82%] Built target fast_lio__python
[2.413s] [ 88%] Built target fast_lio__rosidl_typesupport_c__pyext
[2.418s] [ 94%] Built target fast_lio__rosidl_typesupport_introspection_c__pyext
[2.437s] [100%] Built target fast_lio__rosidl_typesupport_fastrtps_c__pyext
[3.496s] Invoked command in '/home/jetson/slash_ws/build/fast_lio' returned '0': CMAKE_PREFIX_PATH=/home/jetson/slash_ws/install/livox_ros_driver2:/home/jetson/sim_ws/install/pure_pursuit:/home/jetson/sim_ws/install/mpc:/home/jetson/sim_ws/install/launchers:/home/jetson/sim_ws/install/gap_follow:/home/jetson/slash_ws/install/vesc:/home/jetson/slash_ws/install/vesc_driver:/home/jetson/slash_ws/install/vesc_ackermann:/home/jetson/slash_ws/install/vesc_msgs:/home/jetson/slash_ws/install/teleop_tools:/home/jetson/slash_ws/install/teleop_tools_msgs:/home/jetson/slash_ws/install/teb_local_planner:/home/jetson/slash_ws/install/teb_msgs:/home/jetson/slash_ws/install/slash_nav2:/home/jetson/slash_ws/install/simple_mpc:/home/jetson/slash_ws/install/pointcloud_to_laserscan:/home/jetson/slash_ws/install/fast_lio:/home/jetson/slash_ws/install/linefit_ground_segmentation_ros:/home/jetson/slash_ws/install/linefit_ground_segmentation:/home/jetson/slash_ws/install/costmap_converter:/home/jetson/slash_ws/install/costmap_converter_msgs:/home/jetson/slash_ws/install/ackermann_mux:/home/jetson/sim_ws/install/f1tenth_gym_ros:/home/jetson/slash_ws/install/f1tenth_stack:/home/jetson/slash_ws/install/twist_to_ackermann:/home/jetson/slash_ws/install/joy_teleop:/home/jetson/slash_ws/install/slash_sysid:/home/jetson/slash_ws/install/slash_safety:/home/jetson/slash_ws/install/roboracer_china_2025:/home/jetson/slash_ws/install/obstacle_tracker:/home/jetson/slash_ws/install/multilayer_scan:/home/jetson/slash_ws/install/mouse_teleop:/home/jetson/slash_ws/install/key_teleop:/opt/ros/foxy LD_LIBRARY_PATH=/home/jetson/slash_ws/install/livox_ros_driver2/lib:/usr/local/cuda/lib64:/usr/local/cuda/lib64:/usr/local/cuda/lib64:/usr/local/cuda/lib64:/usr/local/cuda-11.4/lib64:/usr/local/cuda/lib64:/usr/local/cuda/lib64:/usr/local/cuda/lib64:/usr/local/cuda/lib64:/home/jetson/slash_ws/install/vesc_driver/lib:/home/jetson/slash_ws/install/vesc_ackermann/lib:/home/jetson/slash_ws/install/vesc_msgs/lib:/home/jetson/slash_ws/install/teleop_tools_msgs/lib:/home/jetson/slash_ws/install/teb_local_planner/lib:/home/jetson/slash_ws/install/teb_msgs/lib:/home/jetson/slash_ws/install/pointcloud_to_laserscan/lib:/home/jetson/slash_ws/install/fast_lio/lib:/home/jetson/slash_ws/install/linefit_ground_segmentation/lib:/home/jetson/slash_ws/install/costmap_converter/lib:/home/jetson/slash_ws/install/costmap_converter_msgs/lib:/usr/lib/aarch64-linux-gnu/gazebo-11/plugins:/opt/ros/foxy/opt/yaml_cpp_vendor/lib:/opt/ros/foxy/opt/rviz_ogre_vendor/lib:/opt/ros/foxy/lib/aarch64-linux-gnu:/opt/ros/foxy/lib:/usr/local/cuda-11.4/lib64 PYTHONPATH=/home/jetson/slash_ws/install/livox_ros_driver2/lib/python3.8/site-packages:/home/jetson/slash_ws/build/slash_sysid:/home/jetson/slash_ws/build/slash_safety:/home/jetson/slash_ws/build/roboracer_china_2025:/home/jetson/slash_ws/build/obstacle_tracker:/home/jetson/slash_ws/build/multilayer_scan:/home/jetson/sim_ws/install/pure_pursuit/lib/python3.8/site-packages:/home/jetson/sim_ws/install/mpc/lib/python3.8/site-packages:/home/jetson/sim_ws/install/gap_follow/lib/python3.8/site-packages:/home/jetson/sim_ws/install/f1tenth_gym_ros/lib/python3.8/site-packages:/home/jetson/slash_ws/install/f1tenth_stack/lib/python3.8/site-packages:/home/jetson/slash_ws/install/vesc_msgs/lib/python3.8/site-packages:/home/jetson/slash_ws/install/twist_to_ackermann/lib/python3.8/site-packages:/home/jetson/slash_ws/install/joy_teleop/lib/python3.8/site-packages:/home/jetson/slash_ws/install/teleop_tools_msgs/lib/python3.8/site-packages:/home/jetson/slash_ws/install/teb_msgs/lib/python3.8/site-packages:/home/jetson/slash_ws/install/slash_sysid/lib/python3.8/site-packages:/home/jetson/slash_ws/install/slash_safety/lib/python3.8/site-packages:/home/jetson/slash_ws/install/roboracer_china_2025/lib/python3.8/site-packages:/home/jetson/slash_ws/install/obstacle_tracker/lib/python3.8/site-packages:/home/jetson/slash_ws/install/multilayer_scan/lib/python3.8/site-packages:/home/jetson/slash_ws/install/mouse_teleop/lib/python3.8/site-packages:/home/jetson/slash_ws/install/fast_lio/lib/python3.8/site-packages:/home/jetson/slash_ws/install/key_teleop/lib/python3.8/site-packages:/home/jetson/slash_ws/install/costmap_converter_msgs/lib/python3.8/site-packages:/opt/ros/foxy/lib/python3.8/site-packages /usr/bin/cmake --build /home/jetson/slash_ws/build/fast_lio -- -j8 -l8
[3.499s] Invoking command in '/home/jetson/slash_ws/build/fast_lio': CMAKE_PREFIX_PATH=/home/jetson/slash_ws/install/livox_ros_driver2:/home/jetson/sim_ws/install/pure_pursuit:/home/jetson/sim_ws/install/mpc:/home/jetson/sim_ws/install/launchers:/home/jetson/sim_ws/install/gap_follow:/home/jetson/slash_ws/install/vesc:/home/jetson/slash_ws/install/vesc_driver:/home/jetson/slash_ws/install/vesc_ackermann:/home/jetson/slash_ws/install/vesc_msgs:/home/jetson/slash_ws/install/teleop_tools:/home/jetson/slash_ws/install/teleop_tools_msgs:/home/jetson/slash_ws/install/teb_local_planner:/home/jetson/slash_ws/install/teb_msgs:/home/jetson/slash_ws/install/slash_nav2:/home/jetson/slash_ws/install/simple_mpc:/home/jetson/slash_ws/install/pointcloud_to_laserscan:/home/jetson/slash_ws/install/fast_lio:/home/jetson/slash_ws/install/linefit_ground_segmentation_ros:/home/jetson/slash_ws/install/linefit_ground_segmentation:/home/jetson/slash_ws/install/costmap_converter:/home/jetson/slash_ws/install/costmap_converter_msgs:/home/jetson/slash_ws/install/ackermann_mux:/home/jetson/sim_ws/install/f1tenth_gym_ros:/home/jetson/slash_ws/install/f1tenth_stack:/home/jetson/slash_ws/install/twist_to_ackermann:/home/jetson/slash_ws/install/joy_teleop:/home/jetson/slash_ws/install/slash_sysid:/home/jetson/slash_ws/install/slash_safety:/home/jetson/slash_ws/install/roboracer_china_2025:/home/jetson/slash_ws/install/obstacle_tracker:/home/jetson/slash_ws/install/multilayer_scan:/home/jetson/slash_ws/install/mouse_teleop:/home/jetson/slash_ws/install/key_teleop:/opt/ros/foxy LD_LIBRARY_PATH=/home/jetson/slash_ws/install/livox_ros_driver2/lib:/usr/local/cuda/lib64:/usr/local/cuda/lib64:/usr/local/cuda/lib64:/usr/local/cuda/lib64:/usr/local/cuda-11.4/lib64:/usr/local/cuda/lib64:/usr/local/cuda/lib64:/usr/local/cuda/lib64:/usr/local/cuda/lib64:/home/jetson/slash_ws/install/vesc_driver/lib:/home/jetson/slash_ws/install/vesc_ackermann/lib:/home/jetson/slash_ws/install/vesc_msgs/lib:/home/jetson/slash_ws/install/teleop_tools_msgs/lib:/home/jetson/slash_ws/install/teb_local_planner/lib:/home/jetson/slash_ws/install/teb_msgs/lib:/home/jetson/slash_ws/install/pointcloud_to_laserscan/lib:/home/jetson/slash_ws/install/fast_lio/lib:/home/jetson/slash_ws/install/linefit_ground_segmentation/lib:/home/jetson/slash_ws/install/costmap_converter/lib:/home/jetson/slash_ws/install/costmap_converter_msgs/lib:/usr/lib/aarch64-linux-gnu/gazebo-11/plugins:/opt/ros/foxy/opt/yaml_cpp_vendor/lib:/opt/ros/foxy/opt/rviz_ogre_vendor/lib:/opt/ros/foxy/lib/aarch64-linux-gnu:/opt/ros/foxy/lib:/usr/local/cuda-11.4/lib64 PYTHONPATH=/home/jetson/slash_ws/install/livox_ros_driver2/lib/python3.8/site-packages:/home/jetson/slash_ws/build/slash_sysid:/home/jetson/slash_ws/build/slash_safety:/home/jetson/slash_ws/build/roboracer_china_2025:/home/jetson/slash_ws/build/obstacle_tracker:/home/jetson/slash_ws/build/multilayer_scan:/home/jetson/sim_ws/install/pure_pursuit/lib/python3.8/site-packages:/home/jetson/sim_ws/install/mpc/lib/python3.8/site-packages:/home/jetson/sim_ws/install/gap_follow/lib/python3.8/site-packages:/home/jetson/sim_ws/install/f1tenth_gym_ros/lib/python3.8/site-packages:/home/jetson/slash_ws/install/f1tenth_stack/lib/python3.8/site-packages:/home/jetson/slash_ws/install/vesc_msgs/lib/python3.8/site-packages:/home/jetson/slash_ws/install/twist_to_ackermann/lib/python3.8/site-packages:/home/jetson/slash_ws/install/joy_teleop/lib/python3.8/site-packages:/home/jetson/slash_ws/install/teleop_tools_msgs/lib/python3.8/site-packages:/home/jetson/slash_ws/install/teb_msgs/lib/python3.8/site-packages:/home/jetson/slash_ws/install/slash_sysid/lib/python3.8/site-packages:/home/jetson/slash_ws/install/slash_safety/lib/python3.8/site-packages:/home/jetson/slash_ws/install/roboracer_china_2025/lib/python3.8/site-packages:/home/jetson/slash_ws/install/obstacle_tracker/lib/python3.8/site-packages:/home/jetson/slash_ws/install/multilayer_scan/lib/python3.8/site-packages:/home/jetson/slash_ws/install/mouse_teleop/lib/python3.8/site-packages:/home/jetson/slash_ws/install/fast_lio/lib/python3.8/site-packages:/home/jetson/slash_ws/install/key_teleop/lib/python3.8/site-packages:/home/jetson/slash_ws/install/costmap_converter_msgs/lib/python3.8/site-packages:/opt/ros/foxy/lib/python3.8/site-packages /usr/bin/cmake --install /home/jetson/slash_ws/build/fast_lio
[3.548s] -- Install configuration: "Release"
[3.555s] -- Up-to-date: /home/jetson/slash_ws/install/fast_lio/share/ament_index/resource_index/rosidl_interfaces/fast_lio
[3.556s] -- Up-to-date: /home/jetson/slash_ws/install/fast_lio/include/fast_lio
[3.556s] -- Up-to-date: /home/jetson/slash_ws/install/fast_lio/include/fast_lio/msg
[3.556s] -- Up-to-date: /home/jetson/slash_ws/install/fast_lio/include/fast_lio/msg/pose6_d.h
[3.557s] -- Up-to-date: /home/jetson/slash_ws/install/fast_lio/include/fast_lio/msg/detail
[3.557s] -- Up-to-date: /home/jetson/slash_ws/install/fast_lio/include/fast_lio/msg/detail/pose6_d__struct.h
[3.557s] -- Up-to-date: /home/jetson/slash_ws/install/fast_lio/include/fast_lio/msg/detail/pose6_d__functions.h
[3.557s] -- Up-to-date: /home/jetson/slash_ws/install/fast_lio/include/fast_lio/msg/detail/pose6_d__functions.c
[3.557s] -- Up-to-date: /home/jetson/slash_ws/install/fast_lio/include/fast_lio/msg/detail/pose6_d__type_support.h
[3.557s] -- Up-to-date: /home/jetson/slash_ws/install/fast_lio/include/fast_lio/msg/rosidl_generator_c__visibility_control.h
[3.557s] -- Up-to-date: /home/jetson/slash_ws/install/fast_lio/share/fast_lio/environment/library_path.sh
[3.558s] -- Up-to-date: /home/jetson/slash_ws/install/fast_lio/share/fast_lio/environment/library_path.dsv
[3.558s] -- Up-to-date: /home/jetson/slash_ws/install/fast_lio/lib/libfast_lio__rosidl_generator_c.so
[3.558s] -- Up-to-date: /home/jetson/slash_ws/install/fast_lio/include/fast_lio
[3.558s] -- Up-to-date: /home/jetson/slash_ws/install/fast_lio/include/fast_lio/msg
[3.558s] -- Up-to-date: /home/jetson/slash_ws/install/fast_lio/include/fast_lio/msg/detail
[3.558s] -- Up-to-date: /home/jetson/slash_ws/install/fast_lio/include/fast_lio/msg/detail/pose6_d__rosidl_typesupport_fastrtps_c.h
[3.558s] -- Up-to-date: /home/jetson/slash_ws/install/fast_lio/include/fast_lio/msg/rosidl_typesupport_fastrtps_c__visibility_control.h
[3.561s] -- Up-to-date: /home/jetson/slash_ws/install/fast_lio/lib/libfast_lio__rosidl_typesupport_fastrtps_c.so
[3.561s] -- Up-to-date: /home/jetson/slash_ws/install/fast_lio/include/fast_lio
[3.561s] -- Up-to-date: /home/jetson/slash_ws/install/fast_lio/include/fast_lio/msg
[3.561s] -- Up-to-date: /home/jetson/slash_ws/install/fast_lio/include/fast_lio/msg/rosidl_typesupport_fastrtps_cpp__visibility_control.h
[3.561s] -- Up-to-date: /home/jetson/slash_ws/install/fast_lio/include/fast_lio/msg/detail
[3.562s] -- Up-to-date: /home/jetson/slash_ws/install/fast_lio/include/fast_lio/msg/detail/pose6_d__rosidl_typesupport_fastrtps_cpp.hpp
[3.562s] -- Up-to-date: /home/jetson/slash_ws/install/fast_lio/include/fast_lio/msg/detail/dds_fastrtps
[3.562s] -- Up-to-date: /home/jetson/slash_ws/install/fast_lio/lib/libfast_lio__rosidl_typesupport_fastrtps_cpp.so
[3.562s] -- Up-to-date: /home/jetson/slash_ws/install/fast_lio/include/fast_lio
[3.562s] -- Up-to-date: /home/jetson/slash_ws/install/fast_lio/include/fast_lio/msg
[3.562s] -- Up-to-date: /home/jetson/slash_ws/install/fast_lio/include/fast_lio/msg/rosidl_typesupport_introspection_c__visibility_control.h
[3.562s] -- Up-to-date: /home/jetson/slash_ws/install/fast_lio/include/fast_lio/msg/detail
[3.562s] -- Up-to-date: /home/jetson/slash_ws/install/fast_lio/include/fast_lio/msg/detail/pose6_d__rosidl_typesupport_introspection_c.h
[3.563s] -- Up-to-date: /home/jetson/slash_ws/install/fast_lio/include/fast_lio/msg/detail/pose6_d__type_support.c
[3.563s] -- Up-to-date: /home/jetson/slash_ws/install/fast_lio/lib/libfast_lio__rosidl_typesupport_introspection_c.so
[3.563s] -- Up-to-date: /home/jetson/slash_ws/install/fast_lio/lib/libfast_lio__rosidl_typesupport_c.so
[3.563s] -- Up-to-date: /home/jetson/slash_ws/install/fast_lio/include/fast_lio
[3.563s] -- Up-to-date: /home/jetson/slash_ws/install/fast_lio/include/fast_lio/msg
[3.563s] -- Up-to-date: /home/jetson/slash_ws/install/fast_lio/include/fast_lio/msg/pose6_d.hpp
[3.563s] -- Up-to-date: /home/jetson/slash_ws/install/fast_lio/include/fast_lio/msg/rosidl_generator_cpp__visibility_control.hpp
[3.563s] -- Up-to-date: /home/jetson/slash_ws/install/fast_lio/include/fast_lio/msg/detail
[3.563s] -- Up-to-date: /home/jetson/slash_ws/install/fast_lio/include/fast_lio/msg/detail/pose6_d__traits.hpp
[3.564s] -- Up-to-date: /home/jetson/slash_ws/install/fast_lio/include/fast_lio/msg/detail/pose6_d__builder.hpp
[3.564s] -- Up-to-date: /home/jetson/slash_ws/install/fast_lio/include/fast_lio/msg/detail/pose6_d__type_support.hpp
[3.564s] -- Up-to-date: /home/jetson/slash_ws/install/fast_lio/include/fast_lio/msg/detail/pose6_d__struct.hpp
[3.564s] -- Up-to-date: /home/jetson/slash_ws/install/fast_lio/include/fast_lio
[3.564s] -- Up-to-date: /home/jetson/slash_ws/install/fast_lio/include/fast_lio/msg
[3.564s] -- Up-to-date: /home/jetson/slash_ws/install/fast_lio/include/fast_lio/msg/detail
[3.564s] -- Up-to-date: /home/jetson/slash_ws/install/fast_lio/include/fast_lio/msg/detail/pose6_d__type_support.cpp
[3.564s] -- Up-to-date: /home/jetson/slash_ws/install/fast_lio/include/fast_lio/msg/detail/pose6_d__rosidl_typesupport_introspection_cpp.hpp
[3.564s] -- Up-to-date: /home/jetson/slash_ws/install/fast_lio/lib/libfast_lio__rosidl_typesupport_introspection_cpp.so
[3.564s] -- Up-to-date: /home/jetson/slash_ws/install/fast_lio/lib/libfast_lio__rosidl_typesupport_cpp.so
[3.565s] -- Up-to-date: /home/jetson/slash_ws/install/fast_lio/share/fast_lio/environment/pythonpath.sh
[3.565s] -- Up-to-date: /home/jetson/slash_ws/install/fast_lio/share/fast_lio/environment/pythonpath.dsv
[3.565s] -- Up-to-date: /home/jetson/slash_ws/install/fast_lio/lib/python3.8/site-packages/fast_lio/__init__.py
[3.669s] -- Up-to-date: /home/jetson/slash_ws/install/fast_lio/lib/python3.8/site-packages/fast_lio/msg
[3.669s] -- Up-to-date: /home/jetson/slash_ws/install/fast_lio/lib/python3.8/site-packages/fast_lio/msg/_pose6_d.py
[3.670s] -- Up-to-date: /home/jetson/slash_ws/install/fast_lio/lib/python3.8/site-packages/fast_lio/msg/_pose6_d_s.c
[3.670s] -- Up-to-date: /home/jetson/slash_ws/install/fast_lio/lib/python3.8/site-packages/fast_lio/msg/__init__.py
[3.670s] -- Up-to-date: /home/jetson/slash_ws/install/fast_lio/lib/python3.8/site-packages/fast_lio/fast_lio_s__rosidl_typesupport_fastrtps_c.cpython-38-aarch64-linux-gnu.so
[3.670s] -- Up-to-date: /home/jetson/slash_ws/install/fast_lio/lib/python3.8/site-packages/fast_lio/fast_lio_s__rosidl_typesupport_introspection_c.cpython-38-aarch64-linux-gnu.so
[3.671s] -- Up-to-date: /home/jetson/slash_ws/install/fast_lio/lib/python3.8/site-packages/fast_lio/fast_lio_s__rosidl_typesupport_c.cpython-38-aarch64-linux-gnu.so
[3.672s] -- Up-to-date: /home/jetson/slash_ws/install/fast_lio/lib/libfast_lio__python.so
[3.673s] -- Up-to-date: /home/jetson/slash_ws/install/fast_lio/share/fast_lio/msg/Pose6D.idl
[3.673s] -- Up-to-date: /home/jetson/slash_ws/install/fast_lio/share/fast_lio/msg/Pose6D.msg
[3.673s] -- Up-to-date: /home/jetson/slash_ws/install/fast_lio/lib/fast_lio/fastlio_mapping
[3.674s] -- Up-to-date: /home/jetson/slash_ws/install/fast_lio/share/fast_lio/config
[3.674s] -- Up-to-date: /home/jetson/slash_ws/install/fast_lio/share/fast_lio/config/ouster64.yaml
[3.682s] -- Up-to-date: /home/jetson/slash_ws/install/fast_lio/share/fast_lio/config/velodyne.yaml
[3.685s] -- Up-to-date: /home/jetson/slash_ws/install/fast_lio/share/fast_lio/config/horizon.yaml
[3.686s] -- Up-to-date: /home/jetson/slash_ws/install/fast_lio/share/fast_lio/config/avia.yaml
[3.686s] -- Up-to-date: /home/jetson/slash_ws/install/fast_lio/share/fast_lio/config/mid360.yaml
[3.686s] -- Up-to-date: /home/jetson/slash_ws/install/fast_lio/share/fast_lio/launch
[3.686s] -- Up-to-date: /home/jetson/slash_ws/install/fast_lio/share/fast_lio/launch/mapping.launch.py
[3.686s] -- Up-to-date: /home/jetson/slash_ws/install/fast_lio/share/fast_lio/launch/gdb_debug_example.launch
[3.686s] -- Up-to-date: /home/jetson/slash_ws/install/fast_lio/share/fast_lio/rviz
[3.686s] -- Up-to-date: /home/jetson/slash_ws/install/fast_lio/share/fast_lio/rviz/fastlio.rviz
[3.687s] -- Up-to-date: /home/jetson/slash_ws/install/fast_lio/share/ament_index/resource_index/package_run_dependencies/fast_lio
[3.687s] -- Up-to-date: /home/jetson/slash_ws/install/fast_lio/share/ament_index/resource_index/parent_prefix_path/fast_lio
[3.687s] -- Up-to-date: /home/jetson/slash_ws/install/fast_lio/share/fast_lio/environment/ament_prefix_path.sh
[3.687s] -- Up-to-date: /home/jetson/slash_ws/install/fast_lio/share/fast_lio/environment/ament_prefix_path.dsv
[3.687s] -- Up-to-date: /home/jetson/slash_ws/install/fast_lio/share/fast_lio/environment/path.sh
[3.688s] -- Up-to-date: /home/jetson/slash_ws/install/fast_lio/share/fast_lio/environment/path.dsv
[3.688s] -- Up-to-date: /home/jetson/slash_ws/install/fast_lio/share/fast_lio/local_setup.bash
[3.688s] -- Up-to-date: /home/jetson/slash_ws/install/fast_lio/share/fast_lio/local_setup.sh
[3.688s] -- Up-to-date: /home/jetson/slash_ws/install/fast_lio/share/fast_lio/local_setup.zsh
[3.689s] -- Up-to-date: /home/jetson/slash_ws/install/fast_lio/share/fast_lio/local_setup.dsv
[3.689s] -- Installing: /home/jetson/slash_ws/install/fast_lio/share/fast_lio/package.dsv
[3.689s] -- Up-to-date: /home/jetson/slash_ws/install/fast_lio/share/ament_index/resource_index/packages/fast_lio
[3.689s] -- Up-to-date: /home/jetson/slash_ws/install/fast_lio/share/fast_lio/cmake/fast_lio__rosidl_generator_cExport.cmake
[3.690s] -- Up-to-date: /home/jetson/slash_ws/install/fast_lio/share/fast_lio/cmake/fast_lio__rosidl_generator_cExport-release.cmake
[3.690s] -- Up-to-date: /home/jetson/slash_ws/install/fast_lio/share/fast_lio/cmake/fast_lio__rosidl_typesupport_introspection_cExport.cmake
[3.690s] -- Up-to-date: /home/jetson/slash_ws/install/fast_lio/share/fast_lio/cmake/fast_lio__rosidl_typesupport_introspection_cExport-release.cmake
[3.690s] -- Up-to-date: /home/jetson/slash_ws/install/fast_lio/share/fast_lio/cmake/fast_lio__rosidl_typesupport_cExport.cmake
[3.691s] -- Up-to-date: /home/jetson/slash_ws/install/fast_lio/share/fast_lio/cmake/fast_lio__rosidl_typesupport_cExport-release.cmake
[3.691s] -- Up-to-date: /home/jetson/slash_ws/install/fast_lio/share/fast_lio/cmake/fast_lio__rosidl_generator_cppExport.cmake
[3.692s] -- Up-to-date: /home/jetson/slash_ws/install/fast_lio/share/fast_lio/cmake/fast_lio__rosidl_typesupport_introspection_cppExport.cmake
[3.692s] -- Up-to-date: /home/jetson/slash_ws/install/fast_lio/share/fast_lio/cmake/fast_lio__rosidl_typesupport_introspection_cppExport-release.cmake
[3.693s] -- Up-to-date: /home/jetson/slash_ws/install/fast_lio/share/fast_lio/cmake/fast_lio__rosidl_typesupport_cppExport.cmake
[3.693s] -- Up-to-date: /home/jetson/slash_ws/install/fast_lio/share/fast_lio/cmake/fast_lio__rosidl_typesupport_cppExport-release.cmake
[3.693s] -- Up-to-date: /home/jetson/slash_ws/install/fast_lio/share/fast_lio/cmake/rosidl_cmake-extras.cmake
[3.693s] -- Up-to-date: /home/jetson/slash_ws/install/fast_lio/share/fast_lio/cmake/ament_cmake_export_dependencies-extras.cmake
[3.693s] -- Up-to-date: /home/jetson/slash_ws/install/fast_lio/share/fast_lio/cmake/ament_cmake_export_libraries-extras.cmake
[3.693s] -- Up-to-date: /home/jetson/slash_ws/install/fast_lio/share/fast_lio/cmake/ament_cmake_export_targets-extras.cmake
[3.693s] -- Up-to-date: /home/jetson/slash_ws/install/fast_lio/share/fast_lio/cmake/ament_cmake_export_include_directories-extras.cmake
[3.694s] -- Up-to-date: /home/jetson/slash_ws/install/fast_lio/share/fast_lio/cmake/rosidl_cmake_export_typesupport_libraries-extras.cmake
[3.694s] -- Up-to-date: /home/jetson/slash_ws/install/fast_lio/share/fast_lio/cmake/rosidl_cmake_export_typesupport_targets-extras.cmake
[3.694s] -- Up-to-date: /home/jetson/slash_ws/install/fast_lio/share/fast_lio/cmake/fast_lioConfig.cmake
[3.694s] -- Up-to-date: /home/jetson/slash_ws/install/fast_lio/share/fast_lio/cmake/fast_lioConfig-version.cmake
[3.694s] -- Up-to-date: /home/jetson/slash_ws/install/fast_lio/share/fast_lio/package.xml
[3.704s] Invoked command in '/home/jetson/slash_ws/build/fast_lio' returned '0': CMAKE_PREFIX_PATH=/home/jetson/slash_ws/install/livox_ros_driver2:/home/jetson/sim_ws/install/pure_pursuit:/home/jetson/sim_ws/install/mpc:/home/jetson/sim_ws/install/launchers:/home/jetson/sim_ws/install/gap_follow:/home/jetson/slash_ws/install/vesc:/home/jetson/slash_ws/install/vesc_driver:/home/jetson/slash_ws/install/vesc_ackermann:/home/jetson/slash_ws/install/vesc_msgs:/home/jetson/slash_ws/install/teleop_tools:/home/jetson/slash_ws/install/teleop_tools_msgs:/home/jetson/slash_ws/install/teb_local_planner:/home/jetson/slash_ws/install/teb_msgs:/home/jetson/slash_ws/install/slash_nav2:/home/jetson/slash_ws/install/simple_mpc:/home/jetson/slash_ws/install/pointcloud_to_laserscan:/home/jetson/slash_ws/install/fast_lio:/home/jetson/slash_ws/install/linefit_ground_segmentation_ros:/home/jetson/slash_ws/install/linefit_ground_segmentation:/home/jetson/slash_ws/install/costmap_converter:/home/jetson/slash_ws/install/costmap_converter_msgs:/home/jetson/slash_ws/install/ackermann_mux:/home/jetson/sim_ws/install/f1tenth_gym_ros:/home/jetson/slash_ws/install/f1tenth_stack:/home/jetson/slash_ws/install/twist_to_ackermann:/home/jetson/slash_ws/install/joy_teleop:/home/jetson/slash_ws/install/slash_sysid:/home/jetson/slash_ws/install/slash_safety:/home/jetson/slash_ws/install/roboracer_china_2025:/home/jetson/slash_ws/install/obstacle_tracker:/home/jetson/slash_ws/install/multilayer_scan:/home/jetson/slash_ws/install/mouse_teleop:/home/jetson/slash_ws/install/key_teleop:/opt/ros/foxy LD_LIBRARY_PATH=/home/jetson/slash_ws/install/livox_ros_driver2/lib:/usr/local/cuda/lib64:/usr/local/cuda/lib64:/usr/local/cuda/lib64:/usr/local/cuda/lib64:/usr/local/cuda-11.4/lib64:/usr/local/cuda/lib64:/usr/local/cuda/lib64:/usr/local/cuda/lib64:/usr/local/cuda/lib64:/home/jetson/slash_ws/install/vesc_driver/lib:/home/jetson/slash_ws/install/vesc_ackermann/lib:/home/jetson/slash_ws/install/vesc_msgs/lib:/home/jetson/slash_ws/install/teleop_tools_msgs/lib:/home/jetson/slash_ws/install/teb_local_planner/lib:/home/jetson/slash_ws/install/teb_msgs/lib:/home/jetson/slash_ws/install/pointcloud_to_laserscan/lib:/home/jetson/slash_ws/install/fast_lio/lib:/home/jetson/slash_ws/install/linefit_ground_segmentation/lib:/home/jetson/slash_ws/install/costmap_converter/lib:/home/jetson/slash_ws/install/costmap_converter_msgs/lib:/usr/lib/aarch64-linux-gnu/gazebo-11/plugins:/opt/ros/foxy/opt/yaml_cpp_vendor/lib:/opt/ros/foxy/opt/rviz_ogre_vendor/lib:/opt/ros/foxy/lib/aarch64-linux-gnu:/opt/ros/foxy/lib:/usr/local/cuda-11.4/lib64 PYTHONPATH=/home/jetson/slash_ws/install/livox_ros_driver2/lib/python3.8/site-packages:/home/jetson/slash_ws/build/slash_sysid:/home/jetson/slash_ws/build/slash_safety:/home/jetson/slash_ws/build/roboracer_china_2025:/home/jetson/slash_ws/build/obstacle_tracker:/home/jetson/slash_ws/build/multilayer_scan:/home/jetson/sim_ws/install/pure_pursuit/lib/python3.8/site-packages:/home/jetson/sim_ws/install/mpc/lib/python3.8/site-packages:/home/jetson/sim_ws/install/gap_follow/lib/python3.8/site-packages:/home/jetson/sim_ws/install/f1tenth_gym_ros/lib/python3.8/site-packages:/home/jetson/slash_ws/install/f1tenth_stack/lib/python3.8/site-packages:/home/jetson/slash_ws/install/vesc_msgs/lib/python3.8/site-packages:/home/jetson/slash_ws/install/twist_to_ackermann/lib/python3.8/site-packages:/home/jetson/slash_ws/install/joy_teleop/lib/python3.8/site-packages:/home/jetson/slash_ws/install/teleop_tools_msgs/lib/python3.8/site-packages:/home/jetson/slash_ws/install/teb_msgs/lib/python3.8/site-packages:/home/jetson/slash_ws/install/slash_sysid/lib/python3.8/site-packages:/home/jetson/slash_ws/install/slash_safety/lib/python3.8/site-packages:/home/jetson/slash_ws/install/roboracer_china_2025/lib/python3.8/site-packages:/home/jetson/slash_ws/install/obstacle_tracker/lib/python3.8/site-packages:/home/jetson/slash_ws/install/multilayer_scan/lib/python3.8/site-packages:/home/jetson/slash_ws/install/mouse_teleop/lib/python3.8/site-packages:/home/jetson/slash_ws/install/fast_lio/lib/python3.8/site-packages:/home/jetson/slash_ws/install/key_teleop/lib/python3.8/site-packages:/home/jetson/slash_ws/install/costmap_converter_msgs/lib/python3.8/site-packages:/opt/ros/foxy/lib/python3.8/site-packages /usr/bin/cmake --install /home/jetson/slash_ws/build/fast_lio
