[3.997s] Invoking command in '/home/jetson/slash_ws/build/mouse_teleop': PYTHONPATH=/home/jetson/slash_ws/build/mouse_teleop/prefix_override:/usr/lib/python3/dist-packages/colcon_core/task/python/colcon_distutils_commands:/home/jetson/slash_ws/install/mouse_teleop/lib/python3.8/site-packages:${PYTHONPATH} /usr/bin/python3 -W ignore:setup.py install is deprecated -W ignore:easy_install command is deprecated setup.py develop --editable --build-directory /home/jetson/slash_ws/build/mouse_teleop/build --no-deps symlink_data --force
[5.378s] running develop
[6.011s] running egg_info
[6.058s] writing mouse_teleop.egg-info/PKG-INFO
[6.059s] writing dependency_links to mouse_teleop.egg-info/dependency_links.txt
[6.061s] writing entry points to mouse_teleop.egg-info/entry_points.txt
[6.062s] writing requirements to mouse_teleop.egg-info/requires.txt
[6.063s] writing top-level names to mouse_teleop.egg-info/top_level.txt
[6.159s] reading manifest file 'mouse_teleop.egg-info/SOURCES.txt'
[6.163s] writing manifest file 'mouse_teleop.egg-info/SOURCES.txt'
[6.299s] running build_ext
[6.299s] Creating /home/jetson/slash_ws/install/mouse_teleop/lib/python3.8/site-packages/mouse-teleop.egg-link (link to .)
[6.302s] Installing mouse_teleop script to /home/jetson/slash_ws/install/mouse_teleop/lib/mouse_teleop
[6.303s] 
[6.303s] Installed /home/jetson/slash_ws/build/mouse_teleop
[6.304s] running symlink_data
[6.304s] symbolically linking /home/jetson/slash_ws/build/mouse_teleop/package.xml -> /home/jetson/slash_ws/install/mouse_teleop/share/mouse_teleop
[6.305s] symbolically linking /home/jetson/slash_ws/build/mouse_teleop/config/mouse_teleop.yaml -> /home/jetson/slash_ws/install/mouse_teleop/share/mouse_teleop/config
[6.305s] symbolically linking /home/jetson/slash_ws/build/mouse_teleop/launch/mouse_teleop.launch.py -> /home/jetson/slash_ws/install/mouse_teleop/share/mouse_teleop/launch
[6.305s] symbolically linking /home/jetson/slash_ws/build/mouse_teleop/resource/mouse_teleop -> /home/jetson/slash_ws/install/mouse_teleop/share/ament_index/resource_index/packages
[6.768s] Invoked command in '/home/jetson/slash_ws/build/mouse_teleop' returned '0': PYTHONPATH=/home/jetson/slash_ws/build/mouse_teleop/prefix_override:/usr/lib/python3/dist-packages/colcon_core/task/python/colcon_distutils_commands:/home/jetson/slash_ws/install/mouse_teleop/lib/python3.8/site-packages:${PYTHONPATH} /usr/bin/python3 -W ignore:setup.py install is deprecated -W ignore:easy_install command is deprecated setup.py develop --editable --build-directory /home/jetson/slash_ws/build/mouse_teleop/build --no-deps symlink_data --force
