[3.963s] Invoking command in '/home/jetson/slash_ws/src/slash_hardware/f1tenth_system/f1tenth_stack': AMENT_PREFIX_PATH=/home/jetson/slash_ws/install/joy_teleop:/home/jetson/slash_ws/install/f1tenth_stack:/home/jetson/slash_ws/install/vesc:/home/jetson/slash_ws/install/vesc_driver:/home/jetson/slash_ws/install/vesc_ackermann:/home/jetson/slash_ws/install/vesc_msgs:/home/jetson/slash_ws/install/twist_to_ackermann:/home/jetson/slash_ws/install/teleop_tools:/home/jetson/slash_ws/install/teleop_tools_msgs:/home/jetson/slash_ws/install/teb_local_planner:/home/jetson/slash_ws/install/teb_msgs:/home/jetson/slash_ws/install/slash_nav2:/home/jetson/slash_ws/install/simple_mpc:/home/jetson/slash_ws/install/pointcloud_to_laserscan:/home/jetson/slash_ws/install/mouse_teleop:/home/jetson/slash_ws/install/fast_lio:/home/jetson/slash_ws/install/livox_ros_driver2:/home/jetson/slash_ws/install/linefit_ground_segmentation_ros:/home/jetson/slash_ws/install/linefit_ground_segmentation:/home/jetson/slash_ws/install/key_teleop:/home/jetson/slash_ws/install/costmap_converter:/home/jetson/slash_ws/install/costmap_converter_msgs:/home/jetson/slash_ws/install/ackermann_mux:/opt/ros/foxy CMAKE_PREFIX_PATH=/home/jetson/slash_ws/install/vesc:/home/jetson/slash_ws/install/vesc_driver:/home/jetson/slash_ws/install/vesc_ackermann:/home/jetson/slash_ws/install/vesc_msgs:/home/jetson/slash_ws/install/teleop_tools_msgs:/home/jetson/slash_ws/install/ackermann_mux:/home/jetson/slash_ws/install/teleop_tools:/home/jetson/slash_ws/install/teb_local_planner:/home/jetson/slash_ws/install/teb_msgs:/home/jetson/slash_ws/install/slash_nav2:/home/jetson/slash_ws/install/simple_mpc:/home/jetson/slash_ws/install/pointcloud_to_laserscan:/home/jetson/slash_ws/install/fast_lio:/home/jetson/slash_ws/install/livox_ros_driver2:/home/jetson/slash_ws/install/linefit_ground_segmentation_ros:/home/jetson/slash_ws/install/linefit_ground_segmentation:/home/jetson/slash_ws/install/costmap_converter:/home/jetson/slash_ws/install/costmap_converter_msgs LD_LIBRARY_PATH=/home/jetson/slash_ws/install/vesc_driver/lib:/home/jetson/slash_ws/install/vesc_ackermann/lib:/home/jetson/slash_ws/install/vesc_msgs/lib:/home/jetson/slash_ws/install/teleop_tools_msgs/lib:/usr/local/cuda/lib64:/usr/local/cuda/lib64:/usr/local/cuda/lib64:/usr/local/cuda/lib64:/usr/local/cuda-11.4/lib64:/usr/local/cuda/lib64:/usr/local/cuda/lib64:/usr/local/cuda/lib64:/usr/local/cuda/lib64:/home/jetson/slash_ws/install/teb_local_planner/lib:/home/jetson/slash_ws/install/teb_msgs/lib:/home/jetson/slash_ws/install/pointcloud_to_laserscan/lib:/home/jetson/slash_ws/install/fast_lio/lib:/home/jetson/slash_ws/install/livox_ros_driver2/lib:/home/jetson/slash_ws/install/linefit_ground_segmentation/lib:/home/jetson/slash_ws/install/costmap_converter/lib:/home/jetson/slash_ws/install/costmap_converter_msgs/lib:/usr/lib/aarch64-linux-gnu/gazebo-11/plugins:/opt/ros/foxy/opt/yaml_cpp_vendor/lib:/opt/ros/foxy/opt/rviz_ogre_vendor/lib:/opt/ros/foxy/lib/aarch64-linux-gnu:/opt/ros/foxy/lib:/usr/local/cuda-11.4/lib64 PYTHONPATH=/home/jetson/slash_ws/build/f1tenth_stack/prefix_override:/usr/lib/python3/dist-packages/colcon_core/task/python/colcon_distutils_commands:/home/jetson/slash_ws/install/f1tenth_stack/lib/python3.8/site-packages:/home/jetson/slash_ws/install/joy_teleop/lib/python3.8/site-packages:/home/jetson/slash_ws/install/vesc_msgs/lib/python3.8/site-packages:/home/jetson/slash_ws/install/teleop_tools_msgs/lib/python3.8/site-packages:/home/jetson/slash_ws/build/f1tenth_stack:/home/jetson/slash_ws/install/f1tenth_stack/lib/python3.8/site-packages:/home/jetson/slash_ws/build/twist_to_ackermann:/home/jetson/slash_ws/install/twist_to_ackermann/lib/python3.8/site-packages:/home/jetson/slash_ws/build/joy_teleop:/home/jetson/slash_ws/install/teb_msgs/lib/python3.8/site-packages:/home/jetson/slash_ws/build/mouse_teleop:/home/jetson/slash_ws/install/mouse_teleop/lib/python3.8/site-packages:/home/jetson/slash_ws/install/fast_lio/lib/python3.8/site-packages:/home/jetson/slash_ws/install/livox_ros_driver2/lib/python3.8/site-packages:/home/jetson/slash_ws/build/key_teleop:/home/jetson/slash_ws/install/key_teleop/lib/python3.8/site-packages:/home/jetson/slash_ws/install/costmap_converter_msgs/lib/python3.8/site-packages:/opt/ros/foxy/lib/python3.8/site-packages /usr/bin/python3 -W ignore:setup.py install is deprecated -W ignore:easy_install command is deprecated setup.py egg_info --egg-base ../../../../build/f1tenth_stack build --build-base /home/jetson/slash_ws/build/f1tenth_stack/build install --record /home/jetson/slash_ws/build/f1tenth_stack/install.log --single-version-externally-managed install_data
[4.766s] running egg_info
[4.769s] creating ../../../../build/f1tenth_stack/f1tenth_stack.egg-info
[4.794s] writing ../../../../build/f1tenth_stack/f1tenth_stack.egg-info/PKG-INFO
[4.796s] writing dependency_links to ../../../../build/f1tenth_stack/f1tenth_stack.egg-info/dependency_links.txt
[4.797s] writing entry points to ../../../../build/f1tenth_stack/f1tenth_stack.egg-info/entry_points.txt
[4.798s] writing requirements to ../../../../build/f1tenth_stack/f1tenth_stack.egg-info/requires.txt
[4.798s] writing top-level names to ../../../../build/f1tenth_stack/f1tenth_stack.egg-info/top_level.txt
[4.802s] writing manifest file '../../../../build/f1tenth_stack/f1tenth_stack.egg-info/SOURCES.txt'
[4.852s] reading manifest file '../../../../build/f1tenth_stack/f1tenth_stack.egg-info/SOURCES.txt'
[4.854s] writing manifest file '../../../../build/f1tenth_stack/f1tenth_stack.egg-info/SOURCES.txt'
[4.855s] running build
[4.855s] running build_py
[4.855s] creating /home/jetson/slash_ws/build/f1tenth_stack/build
[4.856s] creating /home/jetson/slash_ws/build/f1tenth_stack/build/lib
[4.856s] creating /home/jetson/slash_ws/build/f1tenth_stack/build/lib/f1tenth_stack
[4.857s] copying f1tenth_stack/throttle_interpolator.py -> /home/jetson/slash_ws/build/f1tenth_stack/build/lib/f1tenth_stack
[4.858s] copying f1tenth_stack/tf_publisher.py -> /home/jetson/slash_ws/build/f1tenth_stack/build/lib/f1tenth_stack
[4.858s] copying f1tenth_stack/__init__.py -> /home/jetson/slash_ws/build/f1tenth_stack/build/lib/f1tenth_stack
[4.859s] running install
[4.870s] running install_lib
[4.895s] creating /home/jetson/slash_ws/install/f1tenth_stack/lib/python3.8/site-packages/f1tenth_stack
[4.895s] copying /home/jetson/slash_ws/build/f1tenth_stack/build/lib/f1tenth_stack/throttle_interpolator.py -> /home/jetson/slash_ws/install/f1tenth_stack/lib/python3.8/site-packages/f1tenth_stack
[4.896s] copying /home/jetson/slash_ws/build/f1tenth_stack/build/lib/f1tenth_stack/tf_publisher.py -> /home/jetson/slash_ws/install/f1tenth_stack/lib/python3.8/site-packages/f1tenth_stack
[4.896s] copying /home/jetson/slash_ws/build/f1tenth_stack/build/lib/f1tenth_stack/__init__.py -> /home/jetson/slash_ws/install/f1tenth_stack/lib/python3.8/site-packages/f1tenth_stack
[4.898s] byte-compiling /home/jetson/slash_ws/install/f1tenth_stack/lib/python3.8/site-packages/f1tenth_stack/throttle_interpolator.py to throttle_interpolator.cpython-38.pyc
[4.901s] byte-compiling /home/jetson/slash_ws/install/f1tenth_stack/lib/python3.8/site-packages/f1tenth_stack/tf_publisher.py to tf_publisher.cpython-38.pyc
[4.902s] byte-compiling /home/jetson/slash_ws/install/f1tenth_stack/lib/python3.8/site-packages/f1tenth_stack/__init__.py to __init__.cpython-38.pyc
[4.902s] running install_data
[4.903s] creating /home/jetson/slash_ws/install/f1tenth_stack/share/ament_index
[4.903s] creating /home/jetson/slash_ws/install/f1tenth_stack/share/ament_index/resource_index
[4.903s] creating /home/jetson/slash_ws/install/f1tenth_stack/share/ament_index/resource_index/packages
[4.903s] copying resource/f1tenth_stack -> /home/jetson/slash_ws/install/f1tenth_stack/share/ament_index/resource_index/packages
[4.903s] copying package.xml -> /home/jetson/slash_ws/install/f1tenth_stack/share/f1tenth_stack
[4.903s] creating /home/jetson/slash_ws/install/f1tenth_stack/share/f1tenth_stack/launch
[4.904s] copying launch/sine_commander.py -> /home/jetson/slash_ws/install/f1tenth_stack/share/f1tenth_stack/launch
[4.904s] copying launch/step_commander.py -> /home/jetson/slash_ws/install/f1tenth_stack/share/f1tenth_stack/launch
[4.904s] copying launch/bringup_launch.py -> /home/jetson/slash_ws/install/f1tenth_stack/share/f1tenth_stack/launch
[4.904s] copying launch/signal_generator.py -> /home/jetson/slash_ws/install/f1tenth_stack/share/f1tenth_stack/launch
[4.904s] copying launch/state_listener.py -> /home/jetson/slash_ws/install/f1tenth_stack/share/f1tenth_stack/launch
[4.904s] creating /home/jetson/slash_ws/install/f1tenth_stack/share/f1tenth_stack/config
[4.905s] copying config/sensors.yaml -> /home/jetson/slash_ws/install/f1tenth_stack/share/f1tenth_stack/config
[4.905s] copying config/joy_teleop.yaml -> /home/jetson/slash_ws/install/f1tenth_stack/share/f1tenth_stack/config
[4.905s] copying config/mux.yaml -> /home/jetson/slash_ws/install/f1tenth_stack/share/f1tenth_stack/config
[4.905s] copying config/vesc.yaml -> /home/jetson/slash_ws/install/f1tenth_stack/share/f1tenth_stack/config
[4.905s] copying config/f1tenth_online_async.yaml -> /home/jetson/slash_ws/install/f1tenth_stack/share/f1tenth_stack/config
[4.905s] running install_egg_info
[4.933s] Copying ../../../../build/f1tenth_stack/f1tenth_stack.egg-info to /home/jetson/slash_ws/install/f1tenth_stack/lib/python3.8/site-packages/f1tenth_stack-0.0.1-py3.8.egg-info
[4.938s] running install_scripts
[5.094s] Installing tf_publisher script to /home/jetson/slash_ws/install/f1tenth_stack/lib/f1tenth_stack
[5.095s] Installing throttle_interpolator script to /home/jetson/slash_ws/install/f1tenth_stack/lib/f1tenth_stack
[5.096s] writing list of installed files to '/home/jetson/slash_ws/build/f1tenth_stack/install.log'
[5.261s] Invoked command in '/home/jetson/slash_ws/src/slash_hardware/f1tenth_system/f1tenth_stack' returned '0': AMENT_PREFIX_PATH=/home/jetson/slash_ws/install/joy_teleop:/home/jetson/slash_ws/install/f1tenth_stack:/home/jetson/slash_ws/install/vesc:/home/jetson/slash_ws/install/vesc_driver:/home/jetson/slash_ws/install/vesc_ackermann:/home/jetson/slash_ws/install/vesc_msgs:/home/jetson/slash_ws/install/twist_to_ackermann:/home/jetson/slash_ws/install/teleop_tools:/home/jetson/slash_ws/install/teleop_tools_msgs:/home/jetson/slash_ws/install/teb_local_planner:/home/jetson/slash_ws/install/teb_msgs:/home/jetson/slash_ws/install/slash_nav2:/home/jetson/slash_ws/install/simple_mpc:/home/jetson/slash_ws/install/pointcloud_to_laserscan:/home/jetson/slash_ws/install/mouse_teleop:/home/jetson/slash_ws/install/fast_lio:/home/jetson/slash_ws/install/livox_ros_driver2:/home/jetson/slash_ws/install/linefit_ground_segmentation_ros:/home/jetson/slash_ws/install/linefit_ground_segmentation:/home/jetson/slash_ws/install/key_teleop:/home/jetson/slash_ws/install/costmap_converter:/home/jetson/slash_ws/install/costmap_converter_msgs:/home/jetson/slash_ws/install/ackermann_mux:/opt/ros/foxy CMAKE_PREFIX_PATH=/home/jetson/slash_ws/install/vesc:/home/jetson/slash_ws/install/vesc_driver:/home/jetson/slash_ws/install/vesc_ackermann:/home/jetson/slash_ws/install/vesc_msgs:/home/jetson/slash_ws/install/teleop_tools_msgs:/home/jetson/slash_ws/install/ackermann_mux:/home/jetson/slash_ws/install/teleop_tools:/home/jetson/slash_ws/install/teb_local_planner:/home/jetson/slash_ws/install/teb_msgs:/home/jetson/slash_ws/install/slash_nav2:/home/jetson/slash_ws/install/simple_mpc:/home/jetson/slash_ws/install/pointcloud_to_laserscan:/home/jetson/slash_ws/install/fast_lio:/home/jetson/slash_ws/install/livox_ros_driver2:/home/jetson/slash_ws/install/linefit_ground_segmentation_ros:/home/jetson/slash_ws/install/linefit_ground_segmentation:/home/jetson/slash_ws/install/costmap_converter:/home/jetson/slash_ws/install/costmap_converter_msgs LD_LIBRARY_PATH=/home/jetson/slash_ws/install/vesc_driver/lib:/home/jetson/slash_ws/install/vesc_ackermann/lib:/home/jetson/slash_ws/install/vesc_msgs/lib:/home/jetson/slash_ws/install/teleop_tools_msgs/lib:/usr/local/cuda/lib64:/usr/local/cuda/lib64:/usr/local/cuda/lib64:/usr/local/cuda/lib64:/usr/local/cuda-11.4/lib64:/usr/local/cuda/lib64:/usr/local/cuda/lib64:/usr/local/cuda/lib64:/usr/local/cuda/lib64:/home/jetson/slash_ws/install/teb_local_planner/lib:/home/jetson/slash_ws/install/teb_msgs/lib:/home/jetson/slash_ws/install/pointcloud_to_laserscan/lib:/home/jetson/slash_ws/install/fast_lio/lib:/home/jetson/slash_ws/install/livox_ros_driver2/lib:/home/jetson/slash_ws/install/linefit_ground_segmentation/lib:/home/jetson/slash_ws/install/costmap_converter/lib:/home/jetson/slash_ws/install/costmap_converter_msgs/lib:/usr/lib/aarch64-linux-gnu/gazebo-11/plugins:/opt/ros/foxy/opt/yaml_cpp_vendor/lib:/opt/ros/foxy/opt/rviz_ogre_vendor/lib:/opt/ros/foxy/lib/aarch64-linux-gnu:/opt/ros/foxy/lib:/usr/local/cuda-11.4/lib64 PYTHONPATH=/home/jetson/slash_ws/build/f1tenth_stack/prefix_override:/usr/lib/python3/dist-packages/colcon_core/task/python/colcon_distutils_commands:/home/jetson/slash_ws/install/f1tenth_stack/lib/python3.8/site-packages:/home/jetson/slash_ws/install/joy_teleop/lib/python3.8/site-packages:/home/jetson/slash_ws/install/vesc_msgs/lib/python3.8/site-packages:/home/jetson/slash_ws/install/teleop_tools_msgs/lib/python3.8/site-packages:/home/jetson/slash_ws/build/f1tenth_stack:/home/jetson/slash_ws/install/f1tenth_stack/lib/python3.8/site-packages:/home/jetson/slash_ws/build/twist_to_ackermann:/home/jetson/slash_ws/install/twist_to_ackermann/lib/python3.8/site-packages:/home/jetson/slash_ws/build/joy_teleop:/home/jetson/slash_ws/install/teb_msgs/lib/python3.8/site-packages:/home/jetson/slash_ws/build/mouse_teleop:/home/jetson/slash_ws/install/mouse_teleop/lib/python3.8/site-packages:/home/jetson/slash_ws/install/fast_lio/lib/python3.8/site-packages:/home/jetson/slash_ws/install/livox_ros_driver2/lib/python3.8/site-packages:/home/jetson/slash_ws/build/key_teleop:/home/jetson/slash_ws/install/key_teleop/lib/python3.8/site-packages:/home/jetson/slash_ws/install/costmap_converter_msgs/lib/python3.8/site-packages:/opt/ros/foxy/lib/python3.8/site-packages /usr/bin/python3 -W ignore:setup.py install is deprecated -W ignore:easy_install command is deprecated setup.py egg_info --egg-base ../../../../build/f1tenth_stack build --build-base /home/jetson/slash_ws/build/f1tenth_stack/build install --record /home/jetson/slash_ws/build/f1tenth_stack/install.log --single-version-externally-managed install_data
