[2.358s] Invoking command in '/home/jetson/slash_ws/build/multilayer_scan': PYTHONPATH=/home/jetson/slash_ws/build/multilayer_scan/prefix_override:/usr/lib/python3/dist-packages/colcon_core/task/python/colcon_distutils_commands:/home/jetson/slash_ws/install/multilayer_scan/lib/python3.8/site-packages:${PYTHONPATH} /usr/bin/python3 -W ignore:setup.py install is deprecated -W ignore:easy_install command is deprecated setup.py develop --editable --build-directory /home/jetson/slash_ws/build/multilayer_scan/build --no-deps symlink_data --force
[3.146s] running develop
[3.670s] running egg_info
[3.697s] writing multilayer_scan.egg-info/PKG-INFO
[3.700s] writing dependency_links to multilayer_scan.egg-info/dependency_links.txt
[3.701s] writing entry points to multilayer_scan.egg-info/entry_points.txt
[3.703s] writing requirements to multilayer_scan.egg-info/requires.txt
[3.704s] writing top-level names to multilayer_scan.egg-info/top_level.txt
[3.757s] reading manifest file 'multilayer_scan.egg-info/SOURCES.txt'
[3.759s] writing manifest file 'multilayer_scan.egg-info/SOURCES.txt'
[3.885s] running build_ext
[3.888s] Creating /home/jetson/slash_ws/install/multilayer_scan/lib/python3.8/site-packages/multilayer-scan.egg-link (link to .)
[3.894s] Installing multilayer_scan_node script to /home/jetson/slash_ws/install/multilayer_scan/lib/multilayer_scan
[3.900s] 
[3.900s] Installed /home/jetson/slash_ws/build/multilayer_scan
[3.900s] running symlink_data
[3.901s] symbolically linking /home/jetson/slash_ws/build/multilayer_scan/resource/multilayer_scan -> /home/jetson/slash_ws/install/multilayer_scan/share/ament_index/resource_index/packages
[3.901s] symbolically linking /home/jetson/slash_ws/build/multilayer_scan/package.xml -> /home/jetson/slash_ws/install/multilayer_scan/share/multilayer_scan
[3.901s] symbolically linking /home/jetson/slash_ws/build/multilayer_scan/launch/race_3d.launch.py -> /home/jetson/slash_ws/install/multilayer_scan/share/multilayer_scan/launch
[3.901s] symbolically linking /home/jetson/slash_ws/build/multilayer_scan/launch/multilayer_scan.launch.py -> /home/jetson/slash_ws/install/multilayer_scan/share/multilayer_scan/launch
[3.903s] symbolically linking /home/jetson/slash_ws/build/multilayer_scan/config/multilayer_scan.yaml -> /home/jetson/slash_ws/install/multilayer_scan/share/multilayer_scan/config
[4.160s] Invoked command in '/home/jetson/slash_ws/build/multilayer_scan' returned '0': PYTHONPATH=/home/jetson/slash_ws/build/multilayer_scan/prefix_override:/usr/lib/python3/dist-packages/colcon_core/task/python/colcon_distutils_commands:/home/jetson/slash_ws/install/multilayer_scan/lib/python3.8/site-packages:${PYTHONPATH} /usr/bin/python3 -W ignore:setup.py install is deprecated -W ignore:easy_install command is deprecated setup.py develop --editable --build-directory /home/jetson/slash_ws/build/multilayer_scan/build --no-deps symlink_data --force
