[0.080s] Invoking command in '/home/jetson/slash_ws/build/slash_nav2': CMAKE_PREFIX_PATH=${CMAKE_PREFIX_PATH}:/home/jetson/sim_ws/install/f1tenth_gym_ros:/home/jetson/slash_ws/install/f1tenth_stack:/home/jetson/slash_ws/install/twist_to_ackermann:/home/jetson/slash_ws/install/joy_teleop:/home/jetson/slash_ws/install/slash_sysid:/home/jetson/slash_ws/install/slash_safety:/home/jetson/slash_ws/install/roboracer_china_2025:/home/jetson/slash_ws/install/obstacle_tracker:/home/jetson/slash_ws/install/multilayer_scan:/home/jetson/slash_ws/install/mouse_teleop:/home/jetson/slash_ws/install/key_teleop:/opt/ros/foxy /usr/bin/cmake /home/jetson/slash_ws/src/slash_navigation/slash_nav2 -DAMENT_CMAKE_SYMLINK_INSTALL=1 -DCMAKE_INSTALL_PREFIX=/home/jetson/slash_ws/install/slash_nav2
[0.219s] -- Found ament_cmake_auto: 0.9.12 (/opt/ros/foxy/share/ament_cmake_auto/cmake)
[0.334s] -- Using PYTHON_EXECUTABLE: /usr/bin/python3
[1.200s] -- Override CMake install command with custom implementation using symlinks instead of copying resources
[1.213s] -- Found ament_lint_auto: 0.9.8 (/opt/ros/foxy/share/ament_lint_auto/cmake)
[1.462s] -- Configuring done
[1.472s] -- Generating done
[1.476s] -- Build files have been written to: /home/jetson/slash_ws/build/slash_nav2
[1.754s] Invoked command in '/home/jetson/slash_ws/build/slash_nav2' returned '0': CMAKE_PREFIX_PATH=${CMAKE_PREFIX_PATH}:/home/jetson/sim_ws/install/f1tenth_gym_ros:/home/jetson/slash_ws/install/f1tenth_stack:/home/jetson/slash_ws/install/twist_to_ackermann:/home/jetson/slash_ws/install/joy_teleop:/home/jetson/slash_ws/install/slash_sysid:/home/jetson/slash_ws/install/slash_safety:/home/jetson/slash_ws/install/roboracer_china_2025:/home/jetson/slash_ws/install/obstacle_tracker:/home/jetson/slash_ws/install/multilayer_scan:/home/jetson/slash_ws/install/mouse_teleop:/home/jetson/slash_ws/install/key_teleop:/opt/ros/foxy /usr/bin/cmake /home/jetson/slash_ws/src/slash_navigation/slash_nav2 -DAMENT_CMAKE_SYMLINK_INSTALL=1 -DCMAKE_INSTALL_PREFIX=/home/jetson/slash_ws/install/slash_nav2
[1.756s] Invoking command in '/home/jetson/slash_ws/build/slash_nav2': CMAKE_PREFIX_PATH=${CMAKE_PREFIX_PATH}:/home/jetson/sim_ws/install/f1tenth_gym_ros:/home/jetson/slash_ws/install/f1tenth_stack:/home/jetson/slash_ws/install/twist_to_ackermann:/home/jetson/slash_ws/install/joy_teleop:/home/jetson/slash_ws/install/slash_sysid:/home/jetson/slash_ws/install/slash_safety:/home/jetson/slash_ws/install/roboracer_china_2025:/home/jetson/slash_ws/install/obstacle_tracker:/home/jetson/slash_ws/install/multilayer_scan:/home/jetson/slash_ws/install/mouse_teleop:/home/jetson/slash_ws/install/key_teleop:/opt/ros/foxy /usr/bin/cmake --build /home/jetson/slash_ws/build/slash_nav2 -- -j8 -l8
[1.985s] Invoked command in '/home/jetson/slash_ws/build/slash_nav2' returned '0': CMAKE_PREFIX_PATH=${CMAKE_PREFIX_PATH}:/home/jetson/sim_ws/install/f1tenth_gym_ros:/home/jetson/slash_ws/install/f1tenth_stack:/home/jetson/slash_ws/install/twist_to_ackermann:/home/jetson/slash_ws/install/joy_teleop:/home/jetson/slash_ws/install/slash_sysid:/home/jetson/slash_ws/install/slash_safety:/home/jetson/slash_ws/install/roboracer_china_2025:/home/jetson/slash_ws/install/obstacle_tracker:/home/jetson/slash_ws/install/multilayer_scan:/home/jetson/slash_ws/install/mouse_teleop:/home/jetson/slash_ws/install/key_teleop:/opt/ros/foxy /usr/bin/cmake --build /home/jetson/slash_ws/build/slash_nav2 -- -j8 -l8
[1.987s] Invoking command in '/home/jetson/slash_ws/build/slash_nav2': CMAKE_PREFIX_PATH=${CMAKE_PREFIX_PATH}:/home/jetson/sim_ws/install/f1tenth_gym_ros:/home/jetson/slash_ws/install/f1tenth_stack:/home/jetson/slash_ws/install/twist_to_ackermann:/home/jetson/slash_ws/install/joy_teleop:/home/jetson/slash_ws/install/slash_sysid:/home/jetson/slash_ws/install/slash_safety:/home/jetson/slash_ws/install/roboracer_china_2025:/home/jetson/slash_ws/install/obstacle_tracker:/home/jetson/slash_ws/install/multilayer_scan:/home/jetson/slash_ws/install/mouse_teleop:/home/jetson/slash_ws/install/key_teleop:/opt/ros/foxy /usr/bin/cmake --install /home/jetson/slash_ws/build/slash_nav2
[2.025s] -- Install configuration: ""
[2.031s] -- Execute custom install script
[2.034s] -- Symlinking: /home/jetson/slash_ws/install/slash_nav2/share/slash_nav2/launch/bringup_real.launch.py
[2.121s] -- Symlinking: /home/jetson/slash_ws/install/slash_nav2/share/slash_nav2/config/nav2_params.yaml
[2.220s] -- Symlinking: /home/jetson/slash_ws/install/slash_nav2/share/slash_nav2/map/RMUC.data
[2.259s] -- Symlinking: /home/jetson/slash_ws/install/slash_nav2/share/slash_nav2/map/RMUC.pgm
[2.344s] -- Symlinking: /home/jetson/slash_ws/install/slash_nav2/share/slash_nav2/map/RMUC.posegraph
[2.421s] -- Symlinking: /home/jetson/slash_ws/install/slash_nav2/share/slash_nav2/map/RMUC.yaml
[2.488s] -- Symlinking: /home/jetson/slash_ws/install/slash_nav2/share/slash_nav2/map/RMUL.data
[2.565s] -- Symlinking: /home/jetson/slash_ws/install/slash_nav2/share/slash_nav2/map/RMUL.pgm
[2.593s] -- Symlinking: /home/jetson/slash_ws/install/slash_nav2/share/slash_nav2/map/RMUL.posegraph
[2.627s] -- Symlinking: /home/jetson/slash_ws/install/slash_nav2/share/slash_nav2/map/RMUL.yaml
[2.676s] -- Symlinking: /home/jetson/slash_ws/install/slash_nav2/share/slash_nav2/PCD/RMUC.pcd
[2.718s] -- Symlinking: /home/jetson/slash_ws/install/slash_nav2/share/slash_nav2/PCD/RMUL.pcd
[2.773s] -- Symlinking: /home/jetson/slash_ws/install/slash_nav2/share/slash_nav2/rviz/fastlio.rviz
[2.850s] -- Symlinking: /home/jetson/slash_ws/install/slash_nav2/share/slash_nav2/rviz/nav2.rviz
[2.920s] -- Symlinking: /home/jetson/slash_ws/install/slash_nav2/share/slash_nav2/rviz/pointlio.rviz
[2.944s] -- Symlinking: /home/jetson/slash_ws/install/slash_nav2/share/slash_nav2/urdf/sentry_robot_real.xacro
[2.980s] -- Symlinking: /home/jetson/slash_ws/install/slash_nav2/share/slash_nav2/urdf/sentry_robot_sim.xacro
[3.033s] -- Symlinking: /home/jetson/slash_ws/install/slash_nav2/share/ament_index/resource_index/package_run_dependencies/slash_nav2
[3.110s] -- Symlinking: /home/jetson/slash_ws/install/slash_nav2/share/ament_index/resource_index/parent_prefix_path/slash_nav2
[3.194s] -- Symlinking: /home/jetson/slash_ws/install/slash_nav2/share/slash_nav2/environment/ament_prefix_path.sh
[3.258s] -- Symlinking: /home/jetson/slash_ws/install/slash_nav2/share/slash_nav2/environment/ament_prefix_path.dsv
[3.331s] -- Symlinking: /home/jetson/slash_ws/install/slash_nav2/share/slash_nav2/environment/path.sh
[3.397s] -- Symlinking: /home/jetson/slash_ws/install/slash_nav2/share/slash_nav2/environment/path.dsv
[3.462s] -- Symlinking: /home/jetson/slash_ws/install/slash_nav2/share/slash_nav2/local_setup.bash
[3.541s] -- Symlinking: /home/jetson/slash_ws/install/slash_nav2/share/slash_nav2/local_setup.sh
[3.594s] -- Symlinking: /home/jetson/slash_ws/install/slash_nav2/share/slash_nav2/local_setup.zsh
[3.655s] -- Symlinking: /home/jetson/slash_ws/install/slash_nav2/share/slash_nav2/local_setup.dsv
[3.704s] -- Symlinking: /home/jetson/slash_ws/install/slash_nav2/share/slash_nav2/package.dsv
[3.734s] -- Symlinking: /home/jetson/slash_ws/install/slash_nav2/share/ament_index/resource_index/packages/slash_nav2
[3.762s] -- Symlinking: /home/jetson/slash_ws/install/slash_nav2/share/slash_nav2/cmake/slash_nav2Config.cmake
[3.822s] -- Symlinking: /home/jetson/slash_ws/install/slash_nav2/share/slash_nav2/cmake/slash_nav2Config-version.cmake
[3.887s] -- Symlinking: /home/jetson/slash_ws/install/slash_nav2/share/slash_nav2/package.xml
[3.997s] Invoked command in '/home/jetson/slash_ws/build/slash_nav2' returned '0': CMAKE_PREFIX_PATH=${CMAKE_PREFIX_PATH}:/home/jetson/sim_ws/install/f1tenth_gym_ros:/home/jetson/slash_ws/install/f1tenth_stack:/home/jetson/slash_ws/install/twist_to_ackermann:/home/jetson/slash_ws/install/joy_teleop:/home/jetson/slash_ws/install/slash_sysid:/home/jetson/slash_ws/install/slash_safety:/home/jetson/slash_ws/install/roboracer_china_2025:/home/jetson/slash_ws/install/obstacle_tracker:/home/jetson/slash_ws/install/multilayer_scan:/home/jetson/slash_ws/install/mouse_teleop:/home/jetson/slash_ws/install/key_teleop:/opt/ros/foxy /usr/bin/cmake --install /home/jetson/slash_ws/build/slash_nav2
