running develop
running egg_info
writing slash_distill.egg-info/PKG-INFO
writing dependency_links to slash_distill.egg-info/dependency_links.txt
writing entry points to slash_distill.egg-info/entry_points.txt
writing requirements to slash_distill.egg-info/requires.txt
writing top-level names to slash_distill.egg-info/top_level.txt
reading manifest file 'slash_distill.egg-info/SOURCES.txt'
writing manifest file 'slash_distill.egg-info/SOURCES.txt'
running build_ext
Creating /home/jetson/slash_ws/install/slash_distill/lib/python3.8/site-packages/slash-distill.egg-link (link to .)
Installing collect_demos script to /home/jetson/slash_ws/install/slash_distill/lib/slash_distill
Installing dagger script to /home/jetson/slash_ws/install/slash_distill/lib/slash_distill
Installing eval_closed_loop script to /home/jetson/slash_ws/install/slash_distill/lib/slash_distill
Installing export_onnx script to /home/jetson/slash_ws/install/slash_distill/lib/slash_distill
Installing make_figures script to /home/jetson/slash_ws/install/slash_distill/lib/slash_distill
Installing run_ablations script to /home/jetson/slash_ws/install/slash_distill/lib/slash_distill
Installing student_policy_node script to /home/jetson/slash_ws/install/slash_distill/lib/slash_distill
Installing train_bc script to /home/jetson/slash_ws/install/slash_distill/lib/slash_distill

Installed /home/jetson/slash_ws/build/slash_distill
running symlink_data
