-- Install configuration: ""
-- Up-to-date: /home/jetson/slash_ws/install/simple_mpc/lib/simple_mpc/mpc_node.py
-- Up-to-date: /home/jetson/slash_ws/install/simple_mpc/share/simple_mpc/waypoints
-- Up-to-date: /home/jetson/slash_ws/install/simple_mpc/share/simple_mpc/waypoints/test_waypoints.csv
-- Up-to-date: /home/jetson/slash_ws/install/simple_mpc/share/simple_mpc/rviz
-- Up-to-date: /home/jetson/slash_ws/install/simple_mpc/share/simple_mpc/rviz/mpc.rviz
-- Up-to-date: /home/jetson/slash_ws/install/simple_mpc/share/ament_index/resource_index/package_run_dependencies/simple_mpc
-- Up-to-date: /home/jetson/slash_ws/install/simple_mpc/share/ament_index/resource_index/parent_prefix_path/simple_mpc
-- Up-to-date: /home/jetson/slash_ws/install/simple_mpc/share/simple_mpc/environment/ament_prefix_path.sh
-- Up-to-date: /home/jetson/slash_ws/install/simple_mpc/share/simple_mpc/environment/ament_prefix_path.dsv
-- Up-to-date: /home/jetson/slash_ws/install/simple_mpc/share/simple_mpc/environment/path.sh
-- Up-to-date: /home/jetson/slash_ws/install/simple_mpc/share/simple_mpc/environment/path.dsv
-- Up-to-date: /home/jetson/slash_ws/install/simple_mpc/share/simple_mpc/local_setup.bash
-- Up-to-date: /home/jetson/slash_ws/install/simple_mpc/share/simple_mpc/local_setup.sh
-- Up-to-date: /home/jetson/slash_ws/install/simple_mpc/share/simple_mpc/local_setup.zsh
-- Up-to-date: /home/jetson/slash_ws/install/simple_mpc/share/simple_mpc/local_setup.dsv
-- Installing: /home/jetson/slash_ws/install/simple_mpc/share/simple_mpc/package.dsv
-- Up-to-date: /home/jetson/slash_ws/install/simple_mpc/share/ament_index/resource_index/packages/simple_mpc
-- Up-to-date: /home/jetson/slash_ws/install/simple_mpc/share/simple_mpc/cmake/simple_mpcConfig.cmake
-- Up-to-date: /home/jetson/slash_ws/install/simple_mpc/share/simple_mpc/cmake/simple_mpcConfig-version.cmake
-- Up-to-date: /home/jetson/slash_ws/install/simple_mpc/share/simple_mpc/package.xml
