[5.624s] Invoking command in '/home/jetson/slash_ws/build/obstacle_tracker': PYTHONPATH=/home/jetson/slash_ws/build/obstacle_tracker/prefix_override:/usr/lib/python3/dist-packages/colcon_core/task/python/colcon_distutils_commands:/home/jetson/slash_ws/install/obstacle_tracker/lib/python3.8/site-packages:${PYTHONPATH} /usr/bin/python3 -W ignore:setup.py install is deprecated -W ignore:easy_install command is deprecated setup.py develop --uninstall --editable --build-directory /home/jetson/slash_ws/build/obstacle_tracker/build
[6.672s] running develop
[7.213s] Removing /home/jetson/slash_ws/install/obstacle_tracker/lib/python3.8/site-packages/obstacle-tracker.egg-link (link to .)
[8.210s] Invoked command in '/home/jetson/slash_ws/build/obstacle_tracker' returned '0': PYTHONPATH=/home/jetson/slash_ws/build/obstacle_tracker/prefix_override:/usr/lib/python3/dist-packages/colcon_core/task/python/colcon_distutils_commands:/home/jetson/slash_ws/install/obstacle_tracker/lib/python3.8/site-packages:${PYTHONPATH} /usr/bin/python3 -W ignore:setup.py install is deprecated -W ignore:easy_install command is deprecated setup.py develop --uninstall --editable --build-directory /home/jetson/slash_ws/build/obstacle_tracker/build
[8.213s] Invoking command in '/home/jetson/slash_ws/src/slash_perception/obstacle_tracker': PYTHONPATH=/home/jetson/slash_ws/build/obstacle_tracker/prefix_override:/usr/lib/python3/dist-packages/colcon_core/task/python/colcon_distutils_commands:/home/jetson/slash_ws/install/obstacle_tracker/lib/python3.8/site-packages:${PYTHONPATH} /usr/bin/python3 -W ignore:setup.py install is deprecated -W ignore:easy_install command is deprecated setup.py egg_info --egg-base ../../../build/obstacle_tracker build --build-base /home/jetson/slash_ws/build/obstacle_tracker/build install --record /home/jetson/slash_ws/build/obstacle_tracker/install.log --single-version-externally-managed install_data --force
[9.080s] running egg_info
[9.105s] writing ../../../build/obstacle_tracker/obstacle_tracker.egg-info/PKG-INFO
[9.106s] writing dependency_links to ../../../build/obstacle_tracker/obstacle_tracker.egg-info/dependency_links.txt
[9.107s] writing entry points to ../../../build/obstacle_tracker/obstacle_tracker.egg-info/entry_points.txt
[9.108s] writing requirements to ../../../build/obstacle_tracker/obstacle_tracker.egg-info/requires.txt
[9.108s] writing top-level names to ../../../build/obstacle_tracker/obstacle_tracker.egg-info/top_level.txt
[9.160s] reading manifest file '../../../build/obstacle_tracker/obstacle_tracker.egg-info/SOURCES.txt'
[9.162s] writing manifest file '../../../build/obstacle_tracker/obstacle_tracker.egg-info/SOURCES.txt'
[9.163s] running build
[9.163s] running build_py
[9.163s] running install
[9.174s] running install_lib
[9.199s] creating /home/jetson/slash_ws/install/obstacle_tracker/lib/python3.8/site-packages/obstacle_tracker
[9.199s] copying /home/jetson/slash_ws/build/obstacle_tracker/build/lib/obstacle_tracker/obstacle_tracker_node.py -> /home/jetson/slash_ws/install/obstacle_tracker/lib/python3.8/site-packages/obstacle_tracker
[9.201s] copying /home/jetson/slash_ws/build/obstacle_tracker/build/lib/obstacle_tracker/__init__.py -> /home/jetson/slash_ws/install/obstacle_tracker/lib/python3.8/site-packages/obstacle_tracker
[9.203s] byte-compiling /home/jetson/slash_ws/install/obstacle_tracker/lib/python3.8/site-packages/obstacle_tracker/obstacle_tracker_node.py to obstacle_tracker_node.cpython-38.pyc
[9.208s] byte-compiling /home/jetson/slash_ws/install/obstacle_tracker/lib/python3.8/site-packages/obstacle_tracker/__init__.py to __init__.cpython-38.pyc
[9.209s] running install_data
[9.209s] copying resource/obstacle_tracker -> /home/jetson/slash_ws/install/obstacle_tracker/share/ament_index/resource_index/packages
[9.210s] copying package.xml -> /home/jetson/slash_ws/install/obstacle_tracker/share/obstacle_tracker
[9.210s] copying launch/race_w4_demo.launch.py -> /home/jetson/slash_ws/install/obstacle_tracker/share/obstacle_tracker/launch
[9.211s] copying launch/obstacle_tracker.launch.py -> /home/jetson/slash_ws/install/obstacle_tracker/share/obstacle_tracker/launch
[9.211s] copying config/obstacle_tracker.yaml -> /home/jetson/slash_ws/install/obstacle_tracker/share/obstacle_tracker/config
[9.212s] running install_egg_info
[9.238s] Copying ../../../build/obstacle_tracker/obstacle_tracker.egg-info to /home/jetson/slash_ws/install/obstacle_tracker/lib/python3.8/site-packages/obstacle_tracker-0.0.1-py3.8.egg-info
[9.244s] running install_scripts
[9.399s] Installing obstacle_tracker_node script to /home/jetson/slash_ws/install/obstacle_tracker/lib/obstacle_tracker
[9.399s] writing list of installed files to '/home/jetson/slash_ws/build/obstacle_tracker/install.log'
[9.728s] Invoked command in '/home/jetson/slash_ws/src/slash_perception/obstacle_tracker' returned '0': PYTHONPATH=/home/jetson/slash_ws/build/obstacle_tracker/prefix_override:/usr/lib/python3/dist-packages/colcon_core/task/python/colcon_distutils_commands:/home/jetson/slash_ws/install/obstacle_tracker/lib/python3.8/site-packages:${PYTHONPATH} /usr/bin/python3 -W ignore:setup.py install is deprecated -W ignore:easy_install command is deprecated setup.py egg_info --egg-base ../../../build/obstacle_tracker build --build-base /home/jetson/slash_ws/build/obstacle_tracker/build install --record /home/jetson/slash_ws/build/obstacle_tracker/install.log --single-version-externally-managed install_data --force
