[5.035s] Invoking command in '/home/jetson/slash_ws/build/slash_safety': PYTHONPATH=/home/jetson/slash_ws/build/slash_safety/prefix_override:/usr/lib/python3/dist-packages/colcon_core/task/python/colcon_distutils_commands:/home/jetson/slash_ws/install/slash_safety/lib/python3.8/site-packages:${PYTHONPATH} /usr/bin/python3 -W ignore:setup.py install is deprecated -W ignore:easy_install command is deprecated setup.py develop --editable --build-directory /home/jetson/slash_ws/build/slash_safety/build --no-deps symlink_data --force
[5.775s] running develop
[6.203s] running egg_info
[6.225s] writing slash_safety.egg-info/PKG-INFO
[6.225s] writing dependency_links to slash_safety.egg-info/dependency_links.txt
[6.226s] writing entry points to slash_safety.egg-info/entry_points.txt
[6.226s] writing requirements to slash_safety.egg-info/requires.txt
[6.226s] writing top-level names to slash_safety.egg-info/top_level.txt
[6.274s] reading manifest file 'slash_safety.egg-info/SOURCES.txt'
[6.276s] writing manifest file 'slash_safety.egg-info/SOURCES.txt'
[6.370s] running build_ext
[6.371s] Creating /home/jetson/slash_ws/install/slash_safety/lib/python3.8/site-packages/slash-safety.egg-link (link to .)
[6.372s] Installing ggv_shield_node script to /home/jetson/slash_ws/install/slash_safety/lib/slash_safety
[6.373s] 
[6.373s] Installed /home/jetson/slash_ws/build/slash_safety
[6.373s] running symlink_data
[6.374s] symbolically linking /home/jetson/slash_ws/build/slash_safety/resource/slash_safety -> /home/jetson/slash_ws/install/slash_safety/share/ament_index/resource_index/packages
[6.374s] symbolically linking /home/jetson/slash_ws/build/slash_safety/package.xml -> /home/jetson/slash_ws/install/slash_safety/share/slash_safety
[6.374s] symbolically linking /home/jetson/slash_ws/build/slash_safety/launch/race_with_shield.launch.py -> /home/jetson/slash_ws/install/slash_safety/share/slash_safety/launch
[6.375s] symbolically linking /home/jetson/slash_ws/build/slash_safety/launch/ggv_shield.launch.py -> /home/jetson/slash_ws/install/slash_safety/share/slash_safety/launch
[6.376s] symbolically linking /home/jetson/slash_ws/build/slash_safety/config/ggv_shield.yaml -> /home/jetson/slash_ws/install/slash_safety/share/slash_safety/config
[6.594s] Invoked command in '/home/jetson/slash_ws/build/slash_safety' returned '0': PYTHONPATH=/home/jetson/slash_ws/build/slash_safety/prefix_override:/usr/lib/python3/dist-packages/colcon_core/task/python/colcon_distutils_commands:/home/jetson/slash_ws/install/slash_safety/lib/python3.8/site-packages:${PYTHONPATH} /usr/bin/python3 -W ignore:setup.py install is deprecated -W ignore:easy_install command is deprecated setup.py develop --editable --build-directory /home/jetson/slash_ws/build/slash_safety/build --no-deps symlink_data --force
