[0.185s] Invoking command in '/home/jetson/slash_ws/build/vesc_msgs': CMAKE_PREFIX_PATH=${CMAKE_PREFIX_PATH}:/home/jetson/sim_ws/install/f1tenth_gym_ros:/home/jetson/slash_ws/install/f1tenth_stack:/home/jetson/slash_ws/install/twist_to_ackermann:/home/jetson/slash_ws/install/joy_teleop:/home/jetson/slash_ws/install/slash_sysid:/home/jetson/slash_ws/install/slash_safety:/home/jetson/slash_ws/install/roboracer_china_2025:/home/jetson/slash_ws/install/obstacle_tracker:/home/jetson/slash_ws/install/multilayer_scan:/home/jetson/slash_ws/install/mouse_teleop:/home/jetson/slash_ws/install/key_teleop:/opt/ros/foxy /usr/bin/cmake --build /home/jetson/slash_ws/build/vesc_msgs -- -j8 -l8
[1.117s] [  1%] Built target vesc_msgs__cpp
[1.117s] [ 12%] Built target vesc_msgs__rosidl_generator_c
[1.118s] [ 23%] Built target vesc_msgs__rosidl_typesupport_introspection_cpp
[1.120s] [ 34%] Built target vesc_msgs__rosidl_typesupport_fastrtps_cpp
[1.120s] [ 45%] Built target vesc_msgs__rosidl_typesupport_cpp
[1.121s] [ 56%] Built target vesc_msgs__rosidl_typesupport_introspection_c
[1.121s] [ 67%] Built target vesc_msgs__rosidl_typesupport_c
[1.121s] [ 78%] Built target vesc_msgs__rosidl_typesupport_fastrtps_c
[1.122s] [ 78%] Built target vesc_msgs
[1.126s] [ 80%] Built target vesc_msgs__py
[1.128s] [ 89%] Built target vesc_msgs__python
[1.128s] [ 92%] Built target vesc_msgs__rosidl_typesupport_c__pyext
[1.128s] [ 96%] Built target vesc_msgs__rosidl_typesupport_introspection_c__pyext
[1.129s] [100%] Built target vesc_msgs__rosidl_typesupport_fastrtps_c__pyext
[1.867s] Invoked command in '/home/jetson/slash_ws/build/vesc_msgs' returned '0': CMAKE_PREFIX_PATH=${CMAKE_PREFIX_PATH}:/home/jetson/sim_ws/install/f1tenth_gym_ros:/home/jetson/slash_ws/install/f1tenth_stack:/home/jetson/slash_ws/install/twist_to_ackermann:/home/jetson/slash_ws/install/joy_teleop:/home/jetson/slash_ws/install/slash_sysid:/home/jetson/slash_ws/install/slash_safety:/home/jetson/slash_ws/install/roboracer_china_2025:/home/jetson/slash_ws/install/obstacle_tracker:/home/jetson/slash_ws/install/multilayer_scan:/home/jetson/slash_ws/install/mouse_teleop:/home/jetson/slash_ws/install/key_teleop:/opt/ros/foxy /usr/bin/cmake --build /home/jetson/slash_ws/build/vesc_msgs -- -j8 -l8
[1.901s] Invoking command in '/home/jetson/slash_ws/build/vesc_msgs': CMAKE_PREFIX_PATH=${CMAKE_PREFIX_PATH}:/home/jetson/sim_ws/install/f1tenth_gym_ros:/home/jetson/slash_ws/install/f1tenth_stack:/home/jetson/slash_ws/install/twist_to_ackermann:/home/jetson/slash_ws/install/joy_teleop:/home/jetson/slash_ws/install/slash_sysid:/home/jetson/slash_ws/install/slash_safety:/home/jetson/slash_ws/install/roboracer_china_2025:/home/jetson/slash_ws/install/obstacle_tracker:/home/jetson/slash_ws/install/multilayer_scan:/home/jetson/slash_ws/install/mouse_teleop:/home/jetson/slash_ws/install/key_teleop:/opt/ros/foxy /usr/bin/cmake --install /home/jetson/slash_ws/build/vesc_msgs
[1.952s] -- Install configuration: ""
[1.953s] -- Up-to-date: /home/jetson/slash_ws/install/vesc_msgs/share/ament_index/resource_index/rosidl_interfaces/vesc_msgs
[1.958s] -- Up-to-date: /home/jetson/slash_ws/install/vesc_msgs/include/vesc_msgs
[1.958s] -- Up-to-date: /home/jetson/slash_ws/install/vesc_msgs/include/vesc_msgs/msg
[1.959s] -- Up-to-date: /home/jetson/slash_ws/install/vesc_msgs/include/vesc_msgs/msg/vesc_state.h
[1.959s] -- Up-to-date: /home/jetson/slash_ws/install/vesc_msgs/include/vesc_msgs/msg/detail
[1.959s] -- Up-to-date: /home/jetson/slash_ws/install/vesc_msgs/include/vesc_msgs/msg/detail/vesc_state_stamped__functions.h
[1.959s] -- Up-to-date: /home/jetson/slash_ws/install/vesc_msgs/include/vesc_msgs/msg/detail/vesc_state__struct.h
[1.959s] -- Up-to-date: /home/jetson/slash_ws/install/vesc_msgs/include/vesc_msgs/msg/detail/vesc_imu__functions.c
[1.959s] -- Up-to-date: /home/jetson/slash_ws/install/vesc_msgs/include/vesc_msgs/msg/detail/vesc_imu_stamped__functions.c
[1.960s] -- Up-to-date: /home/jetson/slash_ws/install/vesc_msgs/include/vesc_msgs/msg/detail/vesc_imu_stamped__type_support.h
[1.961s] -- Up-to-date: /home/jetson/slash_ws/install/vesc_msgs/include/vesc_msgs/msg/detail/vesc_state_stamped__struct.h
[1.967s] -- Up-to-date: /home/jetson/slash_ws/install/vesc_msgs/include/vesc_msgs/msg/detail/vesc_imu_stamped__struct.h
[1.968s] -- Up-to-date: /home/jetson/slash_ws/install/vesc_msgs/include/vesc_msgs/msg/detail/vesc_imu__type_support.h
[1.968s] -- Up-to-date: /home/jetson/slash_ws/install/vesc_msgs/include/vesc_msgs/msg/detail/vesc_state__functions.c
[1.969s] -- Up-to-date: /home/jetson/slash_ws/install/vesc_msgs/include/vesc_msgs/msg/detail/vesc_state_stamped__functions.c
[1.969s] -- Up-to-date: /home/jetson/slash_ws/install/vesc_msgs/include/vesc_msgs/msg/detail/vesc_imu__functions.h
[1.969s] -- Up-to-date: /home/jetson/slash_ws/install/vesc_msgs/include/vesc_msgs/msg/detail/vesc_imu__struct.h
[1.969s] -- Up-to-date: /home/jetson/slash_ws/install/vesc_msgs/include/vesc_msgs/msg/detail/vesc_imu_stamped__functions.h
[1.969s] -- Up-to-date: /home/jetson/slash_ws/install/vesc_msgs/include/vesc_msgs/msg/detail/vesc_state_stamped__type_support.h
[1.969s] -- Up-to-date: /home/jetson/slash_ws/install/vesc_msgs/include/vesc_msgs/msg/detail/vesc_state__functions.h
[1.969s] -- Up-to-date: /home/jetson/slash_ws/install/vesc_msgs/include/vesc_msgs/msg/detail/vesc_state__type_support.h
[1.970s] -- Up-to-date: /home/jetson/slash_ws/install/vesc_msgs/include/vesc_msgs/msg/vesc_state_stamped.h
[1.970s] -- Up-to-date: /home/jetson/slash_ws/install/vesc_msgs/include/vesc_msgs/msg/vesc_imu.h
[1.970s] -- Up-to-date: /home/jetson/slash_ws/install/vesc_msgs/include/vesc_msgs/msg/vesc_imu_stamped.h
[1.970s] -- Up-to-date: /home/jetson/slash_ws/install/vesc_msgs/include/vesc_msgs/msg/rosidl_generator_c__visibility_control.h
[1.970s] -- Up-to-date: /home/jetson/slash_ws/install/vesc_msgs/share/vesc_msgs/environment/library_path.sh
[1.970s] -- Up-to-date: /home/jetson/slash_ws/install/vesc_msgs/share/vesc_msgs/environment/library_path.dsv
[1.970s] -- Up-to-date: /home/jetson/slash_ws/install/vesc_msgs/lib/libvesc_msgs__rosidl_generator_c.so
[1.971s] -- Up-to-date: /home/jetson/slash_ws/install/vesc_msgs/include/vesc_msgs
[1.971s] -- Up-to-date: /home/jetson/slash_ws/install/vesc_msgs/include/vesc_msgs/msg
[1.973s] -- Up-to-date: /home/jetson/slash_ws/install/vesc_msgs/include/vesc_msgs/msg/detail
[1.973s] -- Up-to-date: /home/jetson/slash_ws/install/vesc_msgs/include/vesc_msgs/msg/detail/vesc_imu_stamped__rosidl_typesupport_fastrtps_c.h
[1.973s] -- Up-to-date: /home/jetson/slash_ws/install/vesc_msgs/include/vesc_msgs/msg/detail/vesc_imu__rosidl_typesupport_fastrtps_c.h
[1.973s] -- Up-to-date: /home/jetson/slash_ws/install/vesc_msgs/include/vesc_msgs/msg/detail/vesc_state__rosidl_typesupport_fastrtps_c.h
[1.973s] -- Up-to-date: /home/jetson/slash_ws/install/vesc_msgs/include/vesc_msgs/msg/detail/vesc_state_stamped__rosidl_typesupport_fastrtps_c.h
[1.974s] -- Up-to-date: /home/jetson/slash_ws/install/vesc_msgs/include/vesc_msgs/msg/rosidl_typesupport_fastrtps_c__visibility_control.h
[1.974s] -- Up-to-date: /home/jetson/slash_ws/install/vesc_msgs/lib/libvesc_msgs__rosidl_typesupport_fastrtps_c.so
[1.974s] -- Up-to-date: /home/jetson/slash_ws/install/vesc_msgs/include/vesc_msgs
[1.974s] -- Up-to-date: /home/jetson/slash_ws/install/vesc_msgs/include/vesc_msgs/msg
[1.974s] -- Up-to-date: /home/jetson/slash_ws/install/vesc_msgs/include/vesc_msgs/msg/rosidl_typesupport_fastrtps_cpp__visibility_control.h
[1.974s] -- Up-to-date: /home/jetson/slash_ws/install/vesc_msgs/include/vesc_msgs/msg/detail
[1.974s] -- Up-to-date: /home/jetson/slash_ws/install/vesc_msgs/include/vesc_msgs/msg/detail/vesc_state__rosidl_typesupport_fastrtps_cpp.hpp
[1.974s] -- Up-to-date: /home/jetson/slash_ws/install/vesc_msgs/include/vesc_msgs/msg/detail/vesc_imu_stamped__rosidl_typesupport_fastrtps_cpp.hpp
[1.974s] -- Up-to-date: /home/jetson/slash_ws/install/vesc_msgs/include/vesc_msgs/msg/detail/dds_fastrtps
[1.975s] -- Up-to-date: /home/jetson/slash_ws/install/vesc_msgs/include/vesc_msgs/msg/detail/vesc_imu__rosidl_typesupport_fastrtps_cpp.hpp
[1.975s] -- Up-to-date: /home/jetson/slash_ws/install/vesc_msgs/include/vesc_msgs/msg/detail/vesc_state_stamped__rosidl_typesupport_fastrtps_cpp.hpp
[1.975s] -- Up-to-date: /home/jetson/slash_ws/install/vesc_msgs/lib/libvesc_msgs__rosidl_typesupport_fastrtps_cpp.so
[1.975s] -- Up-to-date: /home/jetson/slash_ws/install/vesc_msgs/include/vesc_msgs
[1.975s] -- Up-to-date: /home/jetson/slash_ws/install/vesc_msgs/include/vesc_msgs/msg
[1.975s] -- Up-to-date: /home/jetson/slash_ws/install/vesc_msgs/include/vesc_msgs/msg/rosidl_typesupport_introspection_c__visibility_control.h
[1.975s] -- Up-to-date: /home/jetson/slash_ws/install/vesc_msgs/include/vesc_msgs/msg/detail
[1.975s] -- Up-to-date: /home/jetson/slash_ws/install/vesc_msgs/include/vesc_msgs/msg/detail/vesc_state_stamped__rosidl_typesupport_introspection_c.h
[1.975s] -- Up-to-date: /home/jetson/slash_ws/install/vesc_msgs/include/vesc_msgs/msg/detail/vesc_imu__rosidl_typesupport_introspection_c.h
[1.976s] -- Up-to-date: /home/jetson/slash_ws/install/vesc_msgs/include/vesc_msgs/msg/detail/vesc_state__type_support.c
[1.976s] -- Up-to-date: /home/jetson/slash_ws/install/vesc_msgs/include/vesc_msgs/msg/detail/vesc_imu_stamped__type_support.c
[1.978s] -- Up-to-date: /home/jetson/slash_ws/install/vesc_msgs/include/vesc_msgs/msg/detail/vesc_state__rosidl_typesupport_introspection_c.h
[1.978s] -- Up-to-date: /home/jetson/slash_ws/install/vesc_msgs/include/vesc_msgs/msg/detail/vesc_state_stamped__type_support.c
[1.978s] -- Up-to-date: /home/jetson/slash_ws/install/vesc_msgs/include/vesc_msgs/msg/detail/vesc_imu__type_support.c
[1.978s] -- Up-to-date: /home/jetson/slash_ws/install/vesc_msgs/include/vesc_msgs/msg/detail/vesc_imu_stamped__rosidl_typesupport_introspection_c.h
[1.978s] -- Up-to-date: /home/jetson/slash_ws/install/vesc_msgs/lib/libvesc_msgs__rosidl_typesupport_introspection_c.so
[1.979s] -- Up-to-date: /home/jetson/slash_ws/install/vesc_msgs/lib/libvesc_msgs__rosidl_typesupport_c.so
[1.979s] -- Up-to-date: /home/jetson/slash_ws/install/vesc_msgs/include/vesc_msgs
[1.979s] -- Up-to-date: /home/jetson/slash_ws/install/vesc_msgs/include/vesc_msgs/msg
[1.979s] -- Up-to-date: /home/jetson/slash_ws/install/vesc_msgs/include/vesc_msgs/msg/vesc_imu_stamped.hpp
[1.979s] -- Up-to-date: /home/jetson/slash_ws/install/vesc_msgs/include/vesc_msgs/msg/rosidl_generator_cpp__visibility_control.hpp
[1.979s] -- Up-to-date: /home/jetson/slash_ws/install/vesc_msgs/include/vesc_msgs/msg/detail
[1.979s] -- Up-to-date: /home/jetson/slash_ws/install/vesc_msgs/include/vesc_msgs/msg/detail/vesc_state_stamped__traits.hpp
[1.979s] -- Up-to-date: /home/jetson/slash_ws/install/vesc_msgs/include/vesc_msgs/msg/detail/vesc_imu_stamped__traits.hpp
[1.979s] -- Up-to-date: /home/jetson/slash_ws/install/vesc_msgs/include/vesc_msgs/msg/detail/vesc_state_stamped__type_support.hpp
[1.980s] -- Up-to-date: /home/jetson/slash_ws/install/vesc_msgs/include/vesc_msgs/msg/detail/vesc_state_stamped__builder.hpp
[1.980s] -- Up-to-date: /home/jetson/slash_ws/install/vesc_msgs/include/vesc_msgs/msg/detail/vesc_state__builder.hpp
[1.986s] -- Up-to-date: /home/jetson/slash_ws/install/vesc_msgs/include/vesc_msgs/msg/detail/vesc_imu__type_support.hpp
[1.987s] -- Up-to-date: /home/jetson/slash_ws/install/vesc_msgs/include/vesc_msgs/msg/detail/vesc_state_stamped__struct.hpp
[1.987s] -- Up-to-date: /home/jetson/slash_ws/install/vesc_msgs/include/vesc_msgs/msg/detail/vesc_imu_stamped__builder.hpp
[1.987s] -- Up-to-date: /home/jetson/slash_ws/install/vesc_msgs/include/vesc_msgs/msg/detail/vesc_state__traits.hpp
[1.988s] -- Up-to-date: /home/jetson/slash_ws/install/vesc_msgs/include/vesc_msgs/msg/detail/vesc_imu__struct.hpp
[1.988s] -- Up-to-date: /home/jetson/slash_ws/install/vesc_msgs/include/vesc_msgs/msg/detail/vesc_imu_stamped__struct.hpp
[1.988s] -- Up-to-date: /home/jetson/slash_ws/install/vesc_msgs/include/vesc_msgs/msg/detail/vesc_state__struct.hpp
[1.988s] -- Up-to-date: /home/jetson/slash_ws/install/vesc_msgs/include/vesc_msgs/msg/detail/vesc_imu__builder.hpp
[1.988s] -- Up-to-date: /home/jetson/slash_ws/install/vesc_msgs/include/vesc_msgs/msg/detail/vesc_state__type_support.hpp
[1.988s] -- Up-to-date: /home/jetson/slash_ws/install/vesc_msgs/include/vesc_msgs/msg/detail/vesc_imu__traits.hpp
[1.988s] -- Up-to-date: /home/jetson/slash_ws/install/vesc_msgs/include/vesc_msgs/msg/detail/vesc_imu_stamped__type_support.hpp
[1.989s] -- Up-to-date: /home/jetson/slash_ws/install/vesc_msgs/include/vesc_msgs/msg/vesc_imu.hpp
[1.989s] -- Up-to-date: /home/jetson/slash_ws/install/vesc_msgs/include/vesc_msgs/msg/vesc_state.hpp
[1.989s] -- Up-to-date: /home/jetson/slash_ws/install/vesc_msgs/include/vesc_msgs/msg/vesc_state_stamped.hpp
[1.989s] -- Up-to-date: /home/jetson/slash_ws/install/vesc_msgs/include/vesc_msgs
[1.989s] -- Up-to-date: /home/jetson/slash_ws/install/vesc_msgs/include/vesc_msgs/msg
[1.989s] -- Up-to-date: /home/jetson/slash_ws/install/vesc_msgs/include/vesc_msgs/msg/detail
[1.989s] -- Up-to-date: /home/jetson/slash_ws/install/vesc_msgs/include/vesc_msgs/msg/detail/vesc_imu__type_support.cpp
[1.990s] -- Up-to-date: /home/jetson/slash_ws/install/vesc_msgs/include/vesc_msgs/msg/detail/vesc_state__type_support.cpp
[1.990s] -- Up-to-date: /home/jetson/slash_ws/install/vesc_msgs/include/vesc_msgs/msg/detail/vesc_imu_stamped__rosidl_typesupport_introspection_cpp.hpp
[1.990s] -- Up-to-date: /home/jetson/slash_ws/install/vesc_msgs/include/vesc_msgs/msg/detail/vesc_state_stamped__type_support.cpp
[1.990s] -- Up-to-date: /home/jetson/slash_ws/install/vesc_msgs/include/vesc_msgs/msg/detail/vesc_imu__rosidl_typesupport_introspection_cpp.hpp
[1.990s] -- Up-to-date: /home/jetson/slash_ws/install/vesc_msgs/include/vesc_msgs/msg/detail/vesc_state__rosidl_typesupport_introspection_cpp.hpp
[1.990s] -- Up-to-date: /home/jetson/slash_ws/install/vesc_msgs/include/vesc_msgs/msg/detail/vesc_state_stamped__rosidl_typesupport_introspection_cpp.hpp
[1.990s] -- Up-to-date: /home/jetson/slash_ws/install/vesc_msgs/include/vesc_msgs/msg/detail/vesc_imu_stamped__type_support.cpp
[1.990s] -- Up-to-date: /home/jetson/slash_ws/install/vesc_msgs/lib/libvesc_msgs__rosidl_typesupport_introspection_cpp.so
[1.991s] -- Up-to-date: /home/jetson/slash_ws/install/vesc_msgs/lib/libvesc_msgs__rosidl_typesupport_cpp.so
[1.991s] -- Up-to-date: /home/jetson/slash_ws/install/vesc_msgs/share/vesc_msgs/environment/pythonpath.sh
[1.992s] -- Up-to-date: /home/jetson/slash_ws/install/vesc_msgs/share/vesc_msgs/environment/pythonpath.dsv
[1.992s] -- Up-to-date: /home/jetson/slash_ws/install/vesc_msgs/lib/python3.8/site-packages/vesc_msgs/__init__.py
[2.114s] -- Up-to-date: /home/jetson/slash_ws/install/vesc_msgs/lib/python3.8/site-packages/vesc_msgs/msg
[2.115s] -- Up-to-date: /home/jetson/slash_ws/install/vesc_msgs/lib/python3.8/site-packages/vesc_msgs/msg/_vesc_imu_stamped_s.c
[2.115s] -- Up-to-date: /home/jetson/slash_ws/install/vesc_msgs/lib/python3.8/site-packages/vesc_msgs/msg/_vesc_state.py
[2.115s] -- Up-to-date: /home/jetson/slash_ws/install/vesc_msgs/lib/python3.8/site-packages/vesc_msgs/msg/_vesc_imu_s.c
[2.115s] -- Up-to-date: /home/jetson/slash_ws/install/vesc_msgs/lib/python3.8/site-packages/vesc_msgs/msg/_vesc_imu_stamped.py
[2.115s] -- Up-to-date: /home/jetson/slash_ws/install/vesc_msgs/lib/python3.8/site-packages/vesc_msgs/msg/_vesc_state_stamped.py
[2.116s] -- Up-to-date: /home/jetson/slash_ws/install/vesc_msgs/lib/python3.8/site-packages/vesc_msgs/msg/_vesc_state_s.c
[2.116s] -- Up-to-date: /home/jetson/slash_ws/install/vesc_msgs/lib/python3.8/site-packages/vesc_msgs/msg/_vesc_state_stamped_s.c
[2.116s] -- Up-to-date: /home/jetson/slash_ws/install/vesc_msgs/lib/python3.8/site-packages/vesc_msgs/msg/_vesc_imu.py
[2.116s] -- Up-to-date: /home/jetson/slash_ws/install/vesc_msgs/lib/python3.8/site-packages/vesc_msgs/msg/__init__.py
[2.117s] -- Up-to-date: /home/jetson/slash_ws/install/vesc_msgs/lib/python3.8/site-packages/vesc_msgs/vesc_msgs_s__rosidl_typesupport_fastrtps_c.cpython-38-aarch64-linux-gnu.so
[2.118s] -- Up-to-date: /home/jetson/slash_ws/install/vesc_msgs/lib/python3.8/site-packages/vesc_msgs/vesc_msgs_s__rosidl_typesupport_introspection_c.cpython-38-aarch64-linux-gnu.so
[2.118s] -- Up-to-date: /home/jetson/slash_ws/install/vesc_msgs/lib/python3.8/site-packages/vesc_msgs/vesc_msgs_s__rosidl_typesupport_c.cpython-38-aarch64-linux-gnu.so
[2.118s] -- Up-to-date: /home/jetson/slash_ws/install/vesc_msgs/lib/libvesc_msgs__python.so
[2.119s] -- Up-to-date: /home/jetson/slash_ws/install/vesc_msgs/share/vesc_msgs/msg/VescState.idl
[2.119s] -- Up-to-date: /home/jetson/slash_ws/install/vesc_msgs/share/vesc_msgs/msg/VescStateStamped.idl
[2.120s] -- Up-to-date: /home/jetson/slash_ws/install/vesc_msgs/share/vesc_msgs/msg/VescImu.idl
[2.120s] -- Up-to-date: /home/jetson/slash_ws/install/vesc_msgs/share/vesc_msgs/msg/VescImuStamped.idl
[2.120s] -- Up-to-date: /home/jetson/slash_ws/install/vesc_msgs/share/vesc_msgs/msg/VescState.msg
[2.120s] -- Up-to-date: /home/jetson/slash_ws/install/vesc_msgs/share/vesc_msgs/msg/VescStateStamped.msg
[2.120s] -- Up-to-date: /home/jetson/slash_ws/install/vesc_msgs/share/vesc_msgs/msg/VescImu.msg
[2.121s] -- Up-to-date: /home/jetson/slash_ws/install/vesc_msgs/share/vesc_msgs/msg/VescImuStamped.msg
[2.121s] -- Up-to-date: /home/jetson/slash_ws/install/vesc_msgs/share/ament_index/resource_index/package_run_dependencies/vesc_msgs
[2.121s] -- Up-to-date: /home/jetson/slash_ws/install/vesc_msgs/share/ament_index/resource_index/parent_prefix_path/vesc_msgs
[2.122s] -- Up-to-date: /home/jetson/slash_ws/install/vesc_msgs/share/vesc_msgs/environment/ament_prefix_path.sh
[2.122s] -- Up-to-date: /home/jetson/slash_ws/install/vesc_msgs/share/vesc_msgs/environment/ament_prefix_path.dsv
[2.125s] -- Up-to-date: /home/jetson/slash_ws/install/vesc_msgs/share/vesc_msgs/environment/path.sh
[2.126s] -- Up-to-date: /home/jetson/slash_ws/install/vesc_msgs/share/vesc_msgs/environment/path.dsv
[2.127s] -- Up-to-date: /home/jetson/slash_ws/install/vesc_msgs/share/vesc_msgs/local_setup.bash
[2.128s] -- Up-to-date: /home/jetson/slash_ws/install/vesc_msgs/share/vesc_msgs/local_setup.sh
[2.132s] -- Up-to-date: /home/jetson/slash_ws/install/vesc_msgs/share/vesc_msgs/local_setup.zsh
[2.133s] -- Up-to-date: /home/jetson/slash_ws/install/vesc_msgs/share/vesc_msgs/local_setup.dsv
[2.134s] -- Installing: /home/jetson/slash_ws/install/vesc_msgs/share/vesc_msgs/package.dsv
[2.137s] -- Up-to-date: /home/jetson/slash_ws/install/vesc_msgs/share/ament_index/resource_index/packages/vesc_msgs
[2.137s] -- Up-to-date: /home/jetson/slash_ws/install/vesc_msgs/share/vesc_msgs/cmake/vesc_msgs__rosidl_generator_cExport.cmake
[2.137s] -- Up-to-date: /home/jetson/slash_ws/install/vesc_msgs/share/vesc_msgs/cmake/vesc_msgs__rosidl_generator_cExport-noconfig.cmake
[2.138s] -- Up-to-date: /home/jetson/slash_ws/install/vesc_msgs/share/vesc_msgs/cmake/vesc_msgs__rosidl_typesupport_introspection_cExport.cmake
[2.138s] -- Up-to-date: /home/jetson/slash_ws/install/vesc_msgs/share/vesc_msgs/cmake/vesc_msgs__rosidl_typesupport_introspection_cExport-noconfig.cmake
[2.139s] -- Up-to-date: /home/jetson/slash_ws/install/vesc_msgs/share/vesc_msgs/cmake/vesc_msgs__rosidl_typesupport_cExport.cmake
[2.139s] -- Up-to-date: /home/jetson/slash_ws/install/vesc_msgs/share/vesc_msgs/cmake/vesc_msgs__rosidl_typesupport_cExport-noconfig.cmake
[2.140s] -- Up-to-date: /home/jetson/slash_ws/install/vesc_msgs/share/vesc_msgs/cmake/vesc_msgs__rosidl_generator_cppExport.cmake
[2.140s] -- Up-to-date: /home/jetson/slash_ws/install/vesc_msgs/share/vesc_msgs/cmake/vesc_msgs__rosidl_typesupport_introspection_cppExport.cmake
[2.141s] -- Up-to-date: /home/jetson/slash_ws/install/vesc_msgs/share/vesc_msgs/cmake/vesc_msgs__rosidl_typesupport_introspection_cppExport-noconfig.cmake
[2.141s] -- Up-to-date: /home/jetson/slash_ws/install/vesc_msgs/share/vesc_msgs/cmake/vesc_msgs__rosidl_typesupport_cppExport.cmake
[2.142s] -- Up-to-date: /home/jetson/slash_ws/install/vesc_msgs/share/vesc_msgs/cmake/vesc_msgs__rosidl_typesupport_cppExport-noconfig.cmake
[2.142s] -- Up-to-date: /home/jetson/slash_ws/install/vesc_msgs/share/vesc_msgs/cmake/rosidl_cmake-extras.cmake
[2.142s] -- Up-to-date: /home/jetson/slash_ws/install/vesc_msgs/share/vesc_msgs/cmake/ament_cmake_export_dependencies-extras.cmake
[2.142s] -- Up-to-date: /home/jetson/slash_ws/install/vesc_msgs/share/vesc_msgs/cmake/ament_cmake_export_libraries-extras.cmake
[2.142s] -- Up-to-date: /home/jetson/slash_ws/install/vesc_msgs/share/vesc_msgs/cmake/ament_cmake_export_targets-extras.cmake
[2.143s] -- Up-to-date: /home/jetson/slash_ws/install/vesc_msgs/share/vesc_msgs/cmake/ament_cmake_export_include_directories-extras.cmake
[2.143s] -- Up-to-date: /home/jetson/slash_ws/install/vesc_msgs/share/vesc_msgs/cmake/rosidl_cmake_export_typesupport_libraries-extras.cmake
[2.143s] -- Up-to-date: /home/jetson/slash_ws/install/vesc_msgs/share/vesc_msgs/cmake/rosidl_cmake_export_typesupport_targets-extras.cmake
[2.143s] -- Up-to-date: /home/jetson/slash_ws/install/vesc_msgs/share/vesc_msgs/cmake/vesc_msgsConfig.cmake
[2.143s] -- Up-to-date: /home/jetson/slash_ws/install/vesc_msgs/share/vesc_msgs/cmake/vesc_msgsConfig-version.cmake
[2.143s] -- Up-to-date: /home/jetson/slash_ws/install/vesc_msgs/share/vesc_msgs/package.xml
[2.278s] Invoked command in '/home/jetson/slash_ws/build/vesc_msgs' returned '0': CMAKE_PREFIX_PATH=${CMAKE_PREFIX_PATH}:/home/jetson/sim_ws/install/f1tenth_gym_ros:/home/jetson/slash_ws/install/f1tenth_stack:/home/jetson/slash_ws/install/twist_to_ackermann:/home/jetson/slash_ws/install/joy_teleop:/home/jetson/slash_ws/install/slash_sysid:/home/jetson/slash_ws/install/slash_safety:/home/jetson/slash_ws/install/roboracer_china_2025:/home/jetson/slash_ws/install/obstacle_tracker:/home/jetson/slash_ws/install/multilayer_scan:/home/jetson/slash_ws/install/mouse_teleop:/home/jetson/slash_ws/install/key_teleop:/opt/ros/foxy /usr/bin/cmake --install /home/jetson/slash_ws/build/vesc_msgs
