-- Found ament_cmake: 0.9.12 (/opt/ros/foxy/share/ament_cmake/cmake)
-- Using PYTHON_EXECUTABLE: /usr/bin/python3
-- Override CMake install command with custom implementation using symlinks instead of copying resources
-- Found rclpy: 1.0.13 (/opt/ros/foxy/share/rclpy/cmake)
-- Found ament_lint_auto: 0.9.8 (/opt/ros/foxy/share/ament_lint_auto/cmake)
-- Added test 'copyright' to check source files copyright and LICENSE
-- Added test 'cppcheck' to perform static code analysis on C / C++ code
-- Configured cppcheck include dirs: 
-- Configured cppcheck exclude dirs and/or files: 
-- Added test 'cpplint' to check C / C++ code against the Google style
-- Configured cpplint exclude dirs and/or files: 
-- Added test 'flake8' to check Python code syntax and style conventions
-- Added test 'lint_cmake' to check CMake code style
-- Added test 'pep257' to check Python code against some of the style conventions in PEP 257
-- Added test 'uncrustify' to check C / C++ code style
-- Configured uncrustify additional arguments: 
-- Added test 'xmllint' to check XML markup files
-- Configuring done
-- Generating done
-- Build files have been written to: /home/jetson/slash_ws/build/simple_mpc
-- Install configuration: ""
-- Execute custom install script
-- Symlinking: /home/jetson/slash_ws/install/simple_mpc/lib/simple_mpc/mpc_node.py
-- Symlinking: /home/jetson/slash_ws/install/simple_mpc/share/simple_mpc/waypoints/test_waypoints.csv
-- Symlinking: /home/jetson/slash_ws/install/simple_mpc/share/simple_mpc/rviz/mpc.rviz
-- Symlinking: /home/jetson/slash_ws/install/simple_mpc/share/ament_index/resource_index/package_run_dependencies/simple_mpc
-- Symlinking: /home/jetson/slash_ws/install/simple_mpc/share/ament_index/resource_index/parent_prefix_path/simple_mpc
-- Symlinking: /home/jetson/slash_ws/install/simple_mpc/share/simple_mpc/environment/ament_prefix_path.sh
-- Symlinking: /home/jetson/slash_ws/install/simple_mpc/share/simple_mpc/environment/ament_prefix_path.dsv
-- Symlinking: /home/jetson/slash_ws/install/simple_mpc/share/simple_mpc/environment/path.sh
-- Symlinking: /home/jetson/slash_ws/install/simple_mpc/share/simple_mpc/environment/path.dsv
-- Symlinking: /home/jetson/slash_ws/install/simple_mpc/share/simple_mpc/local_setup.bash
-- Symlinking: /home/jetson/slash_ws/install/simple_mpc/share/simple_mpc/local_setup.sh
-- Symlinking: /home/jetson/slash_ws/install/simple_mpc/share/simple_mpc/local_setup.zsh
-- Symlinking: /home/jetson/slash_ws/install/simple_mpc/share/simple_mpc/local_setup.dsv
-- Symlinking: /home/jetson/slash_ws/install/simple_mpc/share/simple_mpc/package.dsv
-- Symlinking: /home/jetson/slash_ws/install/simple_mpc/share/ament_index/resource_index/packages/simple_mpc
-- Symlinking: /home/jetson/slash_ws/install/simple_mpc/share/simple_mpc/cmake/simple_mpcConfig.cmake
-- Symlinking: /home/jetson/slash_ws/install/simple_mpc/share/simple_mpc/cmake/simple_mpcConfig-version.cmake
-- Symlinking: /home/jetson/slash_ws/install/simple_mpc/share/simple_mpc/package.xml
