[0.357s] DEBUG:colcon:Command line arguments: ['/usr/bin/colcon', 'build']
[0.357s] DEBUG:colcon:Parsed command line arguments: Namespace(ament_cmake_args=None, base_paths=['.'], build_base='build', catkin_cmake_args=None, catkin_skip_building_tests=False, cmake_args=None, cmake_clean_cache=False, cmake_clean_first=False, cmake_force_configure=False, cmake_target=None, cmake_target_skip_unavailable=False, continue_on_error=False, event_handlers=None, executor='parallel', ignore_user_meta=False, install_base='install', log_base=None, log_level=None, main=<bound method BuildVerb.main of <colcon_core.verb.build.BuildVerb object at 0xffff7fb94e80>>, merge_install=False, metas=['./colcon.meta'], packages_above=None, packages_above_and_dependencies=None, packages_above_depth=None, packages_end=None, packages_ignore=None, packages_ignore_regex=None, packages_select=None, packages_select_build_failed=False, packages_select_by_dep=None, packages_select_regex=None, packages_select_test_failures=False, packages_skip=None, packages_skip_build_finished=False, packages_skip_by_dep=None, packages_skip_regex=None, packages_skip_test_passed=False, packages_skip_up_to=None, packages_start=None, packages_up_to=None, packages_up_to_regex=None, parallel_workers=8, paths=None, symlink_install=False, test_result_base=None, verb_extension=<colcon_core.verb.build.BuildVerb object at 0xffff7fb94e80>, verb_name='build', verb_parser=<colcon_defaults.argument_parser.defaults.DefaultArgumentsDecorator object at 0xffff7fa82520>)
[0.626s] Level 1:colcon.colcon_core.package_discovery:discover_packages(colcon_meta) check parameters
[0.626s] Level 1:colcon.colcon_core.package_discovery:discover_packages(recursive) check parameters
[0.626s] Level 1:colcon.colcon_core.package_discovery:discover_packages(ignore) check parameters
[0.626s] Level 1:colcon.colcon_core.package_discovery:discover_packages(path) check parameters
[0.627s] Level 1:colcon.colcon_core.package_discovery:discover_packages(colcon_meta) discover
[0.627s] Level 1:colcon.colcon_core.package_discovery:discover_packages(recursive) discover
[0.627s] INFO:colcon.colcon_core.package_discovery:Crawling recursively for packages in '/home/jetson/slash_ws/src/slash_controller/simple_mpc'
[0.627s] Level 1:colcon.colcon_core.package_identification:_identify(.) by extensions ['ignore', 'ignore_ament_install']
[0.627s] Level 1:colcon.colcon_core.package_identification:_identify(.) by extension 'ignore'
[0.627s] Level 1:colcon.colcon_core.package_identification:_identify(.) by extension 'ignore_ament_install'
[0.628s] Level 1:colcon.colcon_core.package_identification:_identify(.) by extensions ['colcon_pkg']
[0.628s] Level 1:colcon.colcon_core.package_identification:_identify(.) by extension 'colcon_pkg'
[0.628s] Level 1:colcon.colcon_core.package_identification:_identify(.) by extensions ['colcon_meta']
[0.628s] Level 1:colcon.colcon_core.package_identification:_identify(.) by extension 'colcon_meta'
[0.628s] Level 1:colcon.colcon_core.package_identification:_identify(.) by extensions ['ros']
[0.628s] Level 1:colcon.colcon_core.package_identification:_identify(.) by extension 'ros'
[0.653s] DEBUG:colcon.colcon_core.package_identification:Package '.' with type 'ros.ament_cmake' and name 'simple_mpc'
[0.653s] Level 1:colcon.colcon_core.package_discovery:discover_packages(recursive) using defaults
[0.653s] Level 1:colcon.colcon_core.package_discovery:discover_packages(ignore) discover
[0.653s] Level 1:colcon.colcon_core.package_discovery:discover_packages(ignore) using defaults
[0.653s] Level 1:colcon.colcon_core.package_discovery:discover_packages(path) discover
[0.653s] Level 1:colcon.colcon_core.package_discovery:discover_packages(path) using defaults
[0.686s] Level 5:colcon.colcon_core.verb:set package 'simple_mpc' build argument 'cmake_args' from command line to 'None'
[0.686s] Level 5:colcon.colcon_core.verb:set package 'simple_mpc' build argument 'cmake_target' from command line to 'None'
[0.686s] Level 5:colcon.colcon_core.verb:set package 'simple_mpc' build argument 'cmake_target_skip_unavailable' from command line to 'False'
[0.686s] Level 5:colcon.colcon_core.verb:set package 'simple_mpc' build argument 'cmake_clean_cache' from command line to 'False'
[0.686s] Level 5:colcon.colcon_core.verb:set package 'simple_mpc' build argument 'cmake_clean_first' from command line to 'False'
[0.686s] Level 5:colcon.colcon_core.verb:set package 'simple_mpc' build argument 'cmake_force_configure' from command line to 'False'
[0.686s] Level 5:colcon.colcon_core.verb:set package 'simple_mpc' build argument 'ament_cmake_args' from command line to 'None'
[0.686s] Level 5:colcon.colcon_core.verb:set package 'simple_mpc' build argument 'catkin_cmake_args' from command line to 'None'
[0.686s] Level 5:colcon.colcon_core.verb:set package 'simple_mpc' build argument 'catkin_skip_building_tests' from command line to 'False'
[0.686s] DEBUG:colcon.colcon_core.verb:Building package 'simple_mpc' with the following arguments: {'ament_cmake_args': None, 'build_base': '/home/jetson/slash_ws/src/slash_controller/simple_mpc/build/simple_mpc', 'catkin_cmake_args': None, 'catkin_skip_building_tests': False, 'cmake_args': None, 'cmake_clean_cache': False, 'cmake_clean_first': False, 'cmake_force_configure': False, 'cmake_target': None, 'cmake_target_skip_unavailable': False, 'install_base': '/home/jetson/slash_ws/src/slash_controller/simple_mpc/install/simple_mpc', 'merge_install': False, 'path': '/home/jetson/slash_ws/src/slash_controller/simple_mpc', 'symlink_install': False, 'test_result_base': None}
[0.687s] INFO:colcon.colcon_core.executor:Executing jobs using 'parallel' executor
[0.689s] DEBUG:colcon.colcon_parallel_executor.executor.parallel:run_until_complete
[0.689s] INFO:colcon.colcon_ros.task.ament_cmake.build:Building ROS package in '/home/jetson/slash_ws/src/slash_controller/simple_mpc' with build type 'ament_cmake'
[0.689s] INFO:colcon.colcon_cmake.task.cmake.build:Building CMake package in '/home/jetson/slash_ws/src/slash_controller/simple_mpc'
[0.694s] INFO:colcon.colcon_core.plugin_system:Skipping extension 'colcon_core.shell.bat': Not used on non-Windows systems
[0.694s] DEBUG:colcon.colcon_core.shell:Skip shell extension 'dsv' for command environment
[0.718s] DEBUG:colcon.colcon_core.event_handler.log_command:Invoking command in '/home/jetson/slash_ws/src/slash_controller/simple_mpc/build/simple_mpc': CMAKE_PREFIX_PATH=/opt/ros/foxy /usr/bin/cmake --build /home/jetson/slash_ws/src/slash_controller/simple_mpc/build/simple_mpc -- -j8 -l8
[0.806s] DEBUG:colcon.colcon_core.event_handler.log_command:Invoked command in '/home/jetson/slash_ws/src/slash_controller/simple_mpc/build/simple_mpc' returned '0': CMAKE_PREFIX_PATH=/opt/ros/foxy /usr/bin/cmake --build /home/jetson/slash_ws/src/slash_controller/simple_mpc/build/simple_mpc -- -j8 -l8
[0.839s] DEBUG:colcon.colcon_core.event_handler.log_command:Invoking command in '/home/jetson/slash_ws/src/slash_controller/simple_mpc/build/simple_mpc': CMAKE_PREFIX_PATH=/opt/ros/foxy /usr/bin/cmake --install /home/jetson/slash_ws/src/slash_controller/simple_mpc/build/simple_mpc
[0.865s] Level 1:colcon.colcon_core.environment:create_environment_scripts_only(simple_mpc)
[0.866s] DEBUG:colcon.colcon_core.event_handler.log_command:Invoked command in '/home/jetson/slash_ws/src/slash_controller/simple_mpc/build/simple_mpc' returned '0': CMAKE_PREFIX_PATH=/opt/ros/foxy /usr/bin/cmake --install /home/jetson/slash_ws/src/slash_controller/simple_mpc/build/simple_mpc
[0.873s] Level 1:colcon.colcon_core.environment:checking '/home/jetson/slash_ws/src/slash_controller/simple_mpc/install/simple_mpc' for CMake module files
[0.874s] Level 1:colcon.colcon_core.environment:checking '/home/jetson/slash_ws/src/slash_controller/simple_mpc/install/simple_mpc' for CMake config files
[0.875s] Level 1:colcon.colcon_core.shell:create_environment_hook('simple_mpc', 'cmake_prefix_path')
[0.875s] INFO:colcon.colcon_core.shell:Creating environment descriptor '/home/jetson/slash_ws/src/slash_controller/simple_mpc/install/simple_mpc/share/simple_mpc/hook/cmake_prefix_path.dsv'
[0.877s] INFO:colcon.colcon_core.shell:Creating environment hook '/home/jetson/slash_ws/src/slash_controller/simple_mpc/install/simple_mpc/share/simple_mpc/hook/cmake_prefix_path.sh'
[0.880s] Level 1:colcon.colcon_core.environment:checking '/home/jetson/slash_ws/src/slash_controller/simple_mpc/install/simple_mpc/lib'
[0.880s] Level 1:colcon.colcon_core.environment:checking '/home/jetson/slash_ws/src/slash_controller/simple_mpc/install/simple_mpc/bin'
[0.881s] Level 1:colcon.colcon_core.environment:checking '/home/jetson/slash_ws/src/slash_controller/simple_mpc/install/simple_mpc/lib/python3.8/site-packages'
[0.882s] Level 1:colcon.colcon_core.environment:checking '/home/jetson/slash_ws/src/slash_controller/simple_mpc/install/simple_mpc/bin'
[0.882s] INFO:colcon.colcon_core.shell:Creating package descriptor '/home/jetson/slash_ws/src/slash_controller/simple_mpc/install/simple_mpc/share/simple_mpc/package.dsv'
[0.884s] INFO:colcon.colcon_core.shell:Creating package script '/home/jetson/slash_ws/src/slash_controller/simple_mpc/install/simple_mpc/share/simple_mpc/package.sh'
[0.886s] INFO:colcon.colcon_core.shell:Creating package script '/home/jetson/slash_ws/src/slash_controller/simple_mpc/install/simple_mpc/share/simple_mpc/package.bash'
[0.888s] Level 1:colcon.colcon_core.environment:create_file_with_runtime_dependencies(/home/jetson/slash_ws/src/slash_controller/simple_mpc/install/simple_mpc/share/colcon-core/packages/simple_mpc)
[0.889s] Level 1:colcon.colcon_core.environment:create_environment_scripts_only(simple_mpc)
[0.890s] Level 1:colcon.colcon_core.environment:checking '/home/jetson/slash_ws/src/slash_controller/simple_mpc/install/simple_mpc' for CMake module files
[0.890s] Level 1:colcon.colcon_core.environment:checking '/home/jetson/slash_ws/src/slash_controller/simple_mpc/install/simple_mpc' for CMake config files
[0.891s] Level 1:colcon.colcon_core.shell:create_environment_hook('simple_mpc', 'cmake_prefix_path')
[0.891s] INFO:colcon.colcon_core.shell:Creating environment descriptor '/home/jetson/slash_ws/src/slash_controller/simple_mpc/install/simple_mpc/share/simple_mpc/hook/cmake_prefix_path.dsv'
[0.892s] INFO:colcon.colcon_core.shell:Creating environment hook '/home/jetson/slash_ws/src/slash_controller/simple_mpc/install/simple_mpc/share/simple_mpc/hook/cmake_prefix_path.sh'
[0.893s] Level 1:colcon.colcon_core.environment:checking '/home/jetson/slash_ws/src/slash_controller/simple_mpc/install/simple_mpc/lib'
[0.894s] Level 1:colcon.colcon_core.environment:checking '/home/jetson/slash_ws/src/slash_controller/simple_mpc/install/simple_mpc/bin'
[0.894s] Level 1:colcon.colcon_core.environment:checking '/home/jetson/slash_ws/src/slash_controller/simple_mpc/install/simple_mpc/lib/python3.8/site-packages'
[0.894s] Level 1:colcon.colcon_core.environment:checking '/home/jetson/slash_ws/src/slash_controller/simple_mpc/install/simple_mpc/bin'
[0.895s] INFO:colcon.colcon_core.shell:Creating package descriptor '/home/jetson/slash_ws/src/slash_controller/simple_mpc/install/simple_mpc/share/simple_mpc/package.dsv'
[0.897s] INFO:colcon.colcon_core.shell:Creating package script '/home/jetson/slash_ws/src/slash_controller/simple_mpc/install/simple_mpc/share/simple_mpc/package.sh'
[0.898s] INFO:colcon.colcon_core.shell:Creating package script '/home/jetson/slash_ws/src/slash_controller/simple_mpc/install/simple_mpc/share/simple_mpc/package.bash'
[0.898s] Level 1:colcon.colcon_core.environment:create_file_with_runtime_dependencies(/home/jetson/slash_ws/src/slash_controller/simple_mpc/install/simple_mpc/share/colcon-core/packages/simple_mpc)
[0.899s] DEBUG:colcon.colcon_parallel_executor.executor.parallel:closing loop
[0.900s] DEBUG:colcon.colcon_parallel_executor.executor.parallel:loop closed
[0.900s] DEBUG:colcon.colcon_parallel_executor.executor.parallel:run_until_complete finished with '0'
[0.900s] DEBUG:colcon.colcon_core.event_reactor:joining thread
[0.901s] DEBUG:colcon.colcon_core.event_reactor:joined thread
[0.902s] INFO:colcon.colcon_core.shell:Creating prefix script '/home/jetson/slash_ws/src/slash_controller/simple_mpc/install/local_setup.sh'
[0.903s] INFO:colcon.colcon_core.shell:Creating prefix util module '/home/jetson/slash_ws/src/slash_controller/simple_mpc/install/_local_setup_util_sh.py'
[0.906s] INFO:colcon.colcon_core.shell:Creating prefix chain script '/home/jetson/slash_ws/src/slash_controller/simple_mpc/install/setup.sh'
[0.908s] INFO:colcon.colcon_core.shell:Creating prefix script '/home/jetson/slash_ws/src/slash_controller/simple_mpc/install/local_setup.bash'
[0.909s] INFO:colcon.colcon_core.shell:Creating prefix chain script '/home/jetson/slash_ws/src/slash_controller/simple_mpc/install/setup.bash'
