[3.723s] Invoking command in '/home/jetson/slash_ws/src/slash_perception/twist_to_ackermann': PYTHONPATH=/home/jetson/slash_ws/build/twist_to_ackermann/prefix_override:/usr/lib/python3/dist-packages/colcon_core/task/python/colcon_distutils_commands:/home/jetson/slash_ws/install/twist_to_ackermann/lib/python3.8/site-packages:${PYTHONPATH} /usr/bin/python3 -W ignore:setup.py install is deprecated -W ignore:easy_install command is deprecated setup.py egg_info --egg-base ../../../build/twist_to_ackermann build --build-base /home/jetson/slash_ws/build/twist_to_ackermann/build install --record /home/jetson/slash_ws/build/twist_to_ackermann/install.log --install-scripts $base/lib/twist_to_ackermann --single-version-externally-managed install_data
[4.607s] /home/jetson/.local/lib/python3.8/site-packages/setuptools/dist.py:771: UserWarning: Usage of dash-separated 'script-dir' will not be supported in future versions. Please use the underscore name 'script_dir' instead
[4.607s]   warnings.warn(
[4.784s] running egg_info
[4.808s] writing ../../../build/twist_to_ackermann/twist_to_ackermann.egg-info/PKG-INFO
[4.808s] writing dependency_links to ../../../build/twist_to_ackermann/twist_to_ackermann.egg-info/dependency_links.txt
[4.809s] writing entry points to ../../../build/twist_to_ackermann/twist_to_ackermann.egg-info/entry_points.txt
[4.810s] writing requirements to ../../../build/twist_to_ackermann/twist_to_ackermann.egg-info/requires.txt
[4.810s] writing top-level names to ../../../build/twist_to_ackermann/twist_to_ackermann.egg-info/top_level.txt
[4.861s] reading manifest file '../../../build/twist_to_ackermann/twist_to_ackermann.egg-info/SOURCES.txt'
[4.862s] writing manifest file '../../../build/twist_to_ackermann/twist_to_ackermann.egg-info/SOURCES.txt'
[4.863s] running build
[4.863s] running build_py
[4.863s] running install
[4.874s] running install_lib
[4.899s] running install_data
[4.900s] running install_egg_info
[4.928s] removing '/home/jetson/slash_ws/install/twist_to_ackermann/lib/python3.8/site-packages/twist_to_ackermann-0.0.0-py3.8.egg-info' (and everything under it)
[4.930s] Copying ../../../build/twist_to_ackermann/twist_to_ackermann.egg-info to /home/jetson/slash_ws/install/twist_to_ackermann/lib/python3.8/site-packages/twist_to_ackermann-0.0.0-py3.8.egg-info
[4.934s] running install_scripts
[5.079s] Installing twist_to_ackermann_node script to /home/jetson/slash_ws/install/twist_to_ackermann/lib/twist_to_ackermann
[5.080s] writing list of installed files to '/home/jetson/slash_ws/build/twist_to_ackermann/install.log'
[5.254s] Invoked command in '/home/jetson/slash_ws/src/slash_perception/twist_to_ackermann' returned '0': PYTHONPATH=/home/jetson/slash_ws/build/twist_to_ackermann/prefix_override:/usr/lib/python3/dist-packages/colcon_core/task/python/colcon_distutils_commands:/home/jetson/slash_ws/install/twist_to_ackermann/lib/python3.8/site-packages:${PYTHONPATH} /usr/bin/python3 -W ignore:setup.py install is deprecated -W ignore:easy_install command is deprecated setup.py egg_info --egg-base ../../../build/twist_to_ackermann build --build-base /home/jetson/slash_ws/build/twist_to_ackermann/build install --record /home/jetson/slash_ws/build/twist_to_ackermann/install.log --install-scripts $base/lib/twist_to_ackermann --single-version-externally-managed install_data
